ARM GAS  C:\Users\RYANCA~1\AppData\Local\Temp\ccg8WxT2.s 			page 1


   1              		.syntax unified
   2              		.cpu cortex-m0
   3              		.fpu softvfp
   4              		.eabi_attribute 20, 1
   5              		.eabi_attribute 21, 1
   6              		.eabi_attribute 23, 3
   7              		.eabi_attribute 24, 1
   8              		.eabi_attribute 25, 1
   9              		.eabi_attribute 26, 1
  10              		.eabi_attribute 30, 4
  11              		.eabi_attribute 34, 0
  12              		.eabi_attribute 18, 4
  13              		.thumb
  14              		.syntax unified
  15              		.file	"ADC_GLV_V_PM.c"
  16              		.text
  17              	.Ltext0:
  18              		.cfi_sections	.debug_frame
  19              		.section	.text.ADC_GLV_V_SaveConfig,"ax",%progbits
  20              		.align	1
  21              		.global	ADC_GLV_V_SaveConfig
  22              		.code	16
  23              		.thumb_func
  24              		.type	ADC_GLV_V_SaveConfig, %function
  25              	ADC_GLV_V_SaveConfig:
  26              	.LFB6:
  27              		.cfi_startproc
  28              		@ args = 0, pretend = 0, frame = 0
  29              		@ frame_needed = 0, uses_anonymous_args = 0
  30              		@ link register save eliminated.
  31              		@ sp needed
  32 0000 7047     		bx	lr
  33              		.cfi_endproc
  34              	.LFE6:
  35              		.size	ADC_GLV_V_SaveConfig, .-ADC_GLV_V_SaveConfig
  36              		.section	.text.ADC_GLV_V_RestoreConfig,"ax",%progbits
  37              		.align	1
  38              		.global	ADC_GLV_V_RestoreConfig
  39              		.code	16
  40              		.thumb_func
  41              		.type	ADC_GLV_V_RestoreConfig, %function
  42              	ADC_GLV_V_RestoreConfig:
  43              	.LFB2:
  44              		.file 1 "Generated_Source\\PSoC4\\ADC_GLV_V_PM.c"
   1:Generated_Source\PSoC4/ADC_GLV_V_PM.c **** /*******************************************************************************
   2:Generated_Source\PSoC4/ADC_GLV_V_PM.c **** * File Name: ADC_GLV_V_PM.c
   3:Generated_Source\PSoC4/ADC_GLV_V_PM.c **** * Version 2.50
   4:Generated_Source\PSoC4/ADC_GLV_V_PM.c **** *
   5:Generated_Source\PSoC4/ADC_GLV_V_PM.c **** * Description:
   6:Generated_Source\PSoC4/ADC_GLV_V_PM.c **** *  This file provides Sleep/WakeUp APIs functionality.
   7:Generated_Source\PSoC4/ADC_GLV_V_PM.c **** *
   8:Generated_Source\PSoC4/ADC_GLV_V_PM.c **** * Note:
   9:Generated_Source\PSoC4/ADC_GLV_V_PM.c **** *
  10:Generated_Source\PSoC4/ADC_GLV_V_PM.c **** ********************************************************************************
  11:Generated_Source\PSoC4/ADC_GLV_V_PM.c **** * Copyright 2008-2017, Cypress Semiconductor Corporation.  All rights reserved.
  12:Generated_Source\PSoC4/ADC_GLV_V_PM.c **** * You may use this file only in accordance with the license, terms, conditions,
  13:Generated_Source\PSoC4/ADC_GLV_V_PM.c **** * disclaimers, and limitations in the end user license agreement accompanying
ARM GAS  C:\Users\RYANCA~1\AppData\Local\Temp\ccg8WxT2.s 			page 2


  14:Generated_Source\PSoC4/ADC_GLV_V_PM.c **** * the software package with which this file was provided.
  15:Generated_Source\PSoC4/ADC_GLV_V_PM.c **** *******************************************************************************/
  16:Generated_Source\PSoC4/ADC_GLV_V_PM.c **** 
  17:Generated_Source\PSoC4/ADC_GLV_V_PM.c **** #include "ADC_GLV_V.h"
  18:Generated_Source\PSoC4/ADC_GLV_V_PM.c **** 
  19:Generated_Source\PSoC4/ADC_GLV_V_PM.c **** 
  20:Generated_Source\PSoC4/ADC_GLV_V_PM.c **** /***************************************
  21:Generated_Source\PSoC4/ADC_GLV_V_PM.c **** * Local data allocation
  22:Generated_Source\PSoC4/ADC_GLV_V_PM.c **** ***************************************/
  23:Generated_Source\PSoC4/ADC_GLV_V_PM.c **** 
  24:Generated_Source\PSoC4/ADC_GLV_V_PM.c **** static ADC_GLV_V_BACKUP_STRUCT  ADC_GLV_V_backup =
  25:Generated_Source\PSoC4/ADC_GLV_V_PM.c **** {
  26:Generated_Source\PSoC4/ADC_GLV_V_PM.c ****     ADC_GLV_V_DISABLED,
  27:Generated_Source\PSoC4/ADC_GLV_V_PM.c ****     0u    
  28:Generated_Source\PSoC4/ADC_GLV_V_PM.c **** };
  29:Generated_Source\PSoC4/ADC_GLV_V_PM.c **** 
  30:Generated_Source\PSoC4/ADC_GLV_V_PM.c **** 
  31:Generated_Source\PSoC4/ADC_GLV_V_PM.c **** /*******************************************************************************
  32:Generated_Source\PSoC4/ADC_GLV_V_PM.c **** * Function Name: ADC_GLV_V_SaveConfig
  33:Generated_Source\PSoC4/ADC_GLV_V_PM.c **** ********************************************************************************
  34:Generated_Source\PSoC4/ADC_GLV_V_PM.c **** *
  35:Generated_Source\PSoC4/ADC_GLV_V_PM.c **** * Summary:
  36:Generated_Source\PSoC4/ADC_GLV_V_PM.c **** *  Saves the current user configuration.
  37:Generated_Source\PSoC4/ADC_GLV_V_PM.c **** *
  38:Generated_Source\PSoC4/ADC_GLV_V_PM.c **** * Parameters:
  39:Generated_Source\PSoC4/ADC_GLV_V_PM.c **** *  None.
  40:Generated_Source\PSoC4/ADC_GLV_V_PM.c **** *
  41:Generated_Source\PSoC4/ADC_GLV_V_PM.c **** * Return:
  42:Generated_Source\PSoC4/ADC_GLV_V_PM.c **** *  None.
  43:Generated_Source\PSoC4/ADC_GLV_V_PM.c **** *
  44:Generated_Source\PSoC4/ADC_GLV_V_PM.c **** *******************************************************************************/
  45:Generated_Source\PSoC4/ADC_GLV_V_PM.c **** void ADC_GLV_V_SaveConfig(void)
  46:Generated_Source\PSoC4/ADC_GLV_V_PM.c **** {
  47:Generated_Source\PSoC4/ADC_GLV_V_PM.c ****     /* All configuration registers are marked as [reset_all_retention] */
  48:Generated_Source\PSoC4/ADC_GLV_V_PM.c **** }
  49:Generated_Source\PSoC4/ADC_GLV_V_PM.c **** 
  50:Generated_Source\PSoC4/ADC_GLV_V_PM.c **** 
  51:Generated_Source\PSoC4/ADC_GLV_V_PM.c **** /*******************************************************************************
  52:Generated_Source\PSoC4/ADC_GLV_V_PM.c **** * Function Name: ADC_GLV_V_RestoreConfig
  53:Generated_Source\PSoC4/ADC_GLV_V_PM.c **** ********************************************************************************
  54:Generated_Source\PSoC4/ADC_GLV_V_PM.c **** *
  55:Generated_Source\PSoC4/ADC_GLV_V_PM.c **** * Summary:
  56:Generated_Source\PSoC4/ADC_GLV_V_PM.c **** *  Restores the current user configuration.
  57:Generated_Source\PSoC4/ADC_GLV_V_PM.c **** *
  58:Generated_Source\PSoC4/ADC_GLV_V_PM.c **** * Parameters:
  59:Generated_Source\PSoC4/ADC_GLV_V_PM.c **** *  None.
  60:Generated_Source\PSoC4/ADC_GLV_V_PM.c **** *
  61:Generated_Source\PSoC4/ADC_GLV_V_PM.c **** * Return:
  62:Generated_Source\PSoC4/ADC_GLV_V_PM.c **** *  None.
  63:Generated_Source\PSoC4/ADC_GLV_V_PM.c **** *
  64:Generated_Source\PSoC4/ADC_GLV_V_PM.c **** *******************************************************************************/
  65:Generated_Source\PSoC4/ADC_GLV_V_PM.c **** void ADC_GLV_V_RestoreConfig(void)
  66:Generated_Source\PSoC4/ADC_GLV_V_PM.c **** {
  45              		.loc 1 66 0
  46              		.cfi_startproc
  47              		@ args = 0, pretend = 0, frame = 0
  48              		@ frame_needed = 0, uses_anonymous_args = 0
ARM GAS  C:\Users\RYANCA~1\AppData\Local\Temp\ccg8WxT2.s 			page 3


  49              		@ link register save eliminated.
  67:Generated_Source\PSoC4/ADC_GLV_V_PM.c ****     /* All configuration registers are marked as [reset_all_retention] */
  68:Generated_Source\PSoC4/ADC_GLV_V_PM.c **** }
  50              		.loc 1 68 0
  51              		@ sp needed
  52 0000 7047     		bx	lr
  53              		.cfi_endproc
  54              	.LFE2:
  55              		.size	ADC_GLV_V_RestoreConfig, .-ADC_GLV_V_RestoreConfig
  56              		.section	.text.ADC_GLV_V_Sleep,"ax",%progbits
  57              		.align	1
  58              		.global	ADC_GLV_V_Sleep
  59              		.code	16
  60              		.thumb_func
  61              		.type	ADC_GLV_V_Sleep, %function
  62              	ADC_GLV_V_Sleep:
  63              	.LFB3:
  69:Generated_Source\PSoC4/ADC_GLV_V_PM.c **** 
  70:Generated_Source\PSoC4/ADC_GLV_V_PM.c **** 
  71:Generated_Source\PSoC4/ADC_GLV_V_PM.c **** /*******************************************************************************
  72:Generated_Source\PSoC4/ADC_GLV_V_PM.c **** * Function Name: ADC_GLV_V_Sleep
  73:Generated_Source\PSoC4/ADC_GLV_V_PM.c **** ********************************************************************************
  74:Generated_Source\PSoC4/ADC_GLV_V_PM.c **** *
  75:Generated_Source\PSoC4/ADC_GLV_V_PM.c **** * Summary:
  76:Generated_Source\PSoC4/ADC_GLV_V_PM.c **** *  Stops the ADC operation and saves the configuration registers and component
  77:Generated_Source\PSoC4/ADC_GLV_V_PM.c **** *  enable state. Should be called just prior to entering sleep.
  78:Generated_Source\PSoC4/ADC_GLV_V_PM.c **** *
  79:Generated_Source\PSoC4/ADC_GLV_V_PM.c **** * Parameters:
  80:Generated_Source\PSoC4/ADC_GLV_V_PM.c **** *  None.
  81:Generated_Source\PSoC4/ADC_GLV_V_PM.c **** *
  82:Generated_Source\PSoC4/ADC_GLV_V_PM.c **** * Return:
  83:Generated_Source\PSoC4/ADC_GLV_V_PM.c **** *  None.
  84:Generated_Source\PSoC4/ADC_GLV_V_PM.c **** *
  85:Generated_Source\PSoC4/ADC_GLV_V_PM.c **** * Global Variables:
  86:Generated_Source\PSoC4/ADC_GLV_V_PM.c **** *  ADC_GLV_V_backup - modified.
  87:Generated_Source\PSoC4/ADC_GLV_V_PM.c **** *
  88:Generated_Source\PSoC4/ADC_GLV_V_PM.c **** *******************************************************************************/
  89:Generated_Source\PSoC4/ADC_GLV_V_PM.c **** void ADC_GLV_V_Sleep(void)
  90:Generated_Source\PSoC4/ADC_GLV_V_PM.c **** {
  64              		.loc 1 90 0
  65              		.cfi_startproc
  66              		@ args = 0, pretend = 0, frame = 0
  67              		@ frame_needed = 0, uses_anonymous_args = 0
  91:Generated_Source\PSoC4/ADC_GLV_V_PM.c ****     /* During deepsleep/ hibernate mode keep SARMUX active, i.e. do not open
  92:Generated_Source\PSoC4/ADC_GLV_V_PM.c ****     *   all switches (disconnect), to be used for ADFT
  93:Generated_Source\PSoC4/ADC_GLV_V_PM.c ****     */
  94:Generated_Source\PSoC4/ADC_GLV_V_PM.c ****     ADC_GLV_V_backup.dftRegVal = ADC_GLV_V_SAR_DFT_CTRL_REG & (uint32)~ADC_GLV_V_ADFT_OVERRIDE;
  95:Generated_Source\PSoC4/ADC_GLV_V_PM.c ****     ADC_GLV_V_SAR_DFT_CTRL_REG |= ADC_GLV_V_ADFT_OVERRIDE;
  68              		.loc 1 95 0
  69 0000 8020     		movs	r0, #128
  94:Generated_Source\PSoC4/ADC_GLV_V_PM.c ****     ADC_GLV_V_SAR_DFT_CTRL_REG |= ADC_GLV_V_ADFT_OVERRIDE;
  70              		.loc 1 94 0
  71 0002 164A     		ldr	r2, .L13
  72 0004 1649     		ldr	r1, .L13+4
  73 0006 1368     		ldr	r3, [r2]
  90:Generated_Source\PSoC4/ADC_GLV_V_PM.c ****     /* During deepsleep/ hibernate mode keep SARMUX active, i.e. do not open
  74              		.loc 1 90 0
ARM GAS  C:\Users\RYANCA~1\AppData\Local\Temp\ccg8WxT2.s 			page 4


  75 0008 70B5     		push	{r4, r5, r6, lr}
  76              		.cfi_def_cfa_offset 16
  77              		.cfi_offset 4, -16
  78              		.cfi_offset 5, -12
  79              		.cfi_offset 6, -8
  80              		.cfi_offset 14, -4
  94:Generated_Source\PSoC4/ADC_GLV_V_PM.c ****     ADC_GLV_V_SAR_DFT_CTRL_REG |= ADC_GLV_V_ADFT_OVERRIDE;
  81              		.loc 1 94 0
  82 000a 5B00     		lsls	r3, r3, #1
  83 000c 5B08     		lsrs	r3, r3, #1
  84 000e 4B60     		str	r3, [r1, #4]
  85              		.loc 1 95 0
  86 0010 1368     		ldr	r3, [r2]
  87 0012 0006     		lsls	r0, r0, #24
  88 0014 0343     		orrs	r3, r0
  89 0016 1360     		str	r3, [r2]
  96:Generated_Source\PSoC4/ADC_GLV_V_PM.c ****     if((ADC_GLV_V_SAR_CTRL_REG  & ADC_GLV_V_ENABLE) != 0u)
  90              		.loc 1 96 0
  91 0018 124B     		ldr	r3, .L13+8
  92 001a 0C00     		movs	r4, r1
  93 001c 1A68     		ldr	r2, [r3]
  94 001e 1D00     		movs	r5, r3
  95 0020 002A     		cmp	r2, #0
  96 0022 18DA     		bge	.L4
  97:Generated_Source\PSoC4/ADC_GLV_V_PM.c ****     {
  98:Generated_Source\PSoC4/ADC_GLV_V_PM.c ****         if((ADC_GLV_V_SAR_SAMPLE_CTRL_REG & ADC_GLV_V_CONTINUOUS_EN) != 0u)
  97              		.loc 1 98 0
  98 0024 104B     		ldr	r3, .L13+12
  99 0026 1B68     		ldr	r3, [r3]
 100 0028 DB03     		lsls	r3, r3, #15
 101 002a 01D5     		bpl	.L5
  99:Generated_Source\PSoC4/ADC_GLV_V_PM.c ****         {
 100:Generated_Source\PSoC4/ADC_GLV_V_PM.c ****             ADC_GLV_V_backup.enableState = ADC_GLV_V_ENABLED | ADC_GLV_V_STARTED;
 102              		.loc 1 100 0
 103 002c 0323     		movs	r3, #3
 104 002e 00E0     		b	.L11
 105              	.L5:
 101:Generated_Source\PSoC4/ADC_GLV_V_PM.c ****         }
 102:Generated_Source\PSoC4/ADC_GLV_V_PM.c ****         else
 103:Generated_Source\PSoC4/ADC_GLV_V_PM.c ****         {
 104:Generated_Source\PSoC4/ADC_GLV_V_PM.c ****             ADC_GLV_V_backup.enableState = ADC_GLV_V_ENABLED;
 106              		.loc 1 104 0
 107 0030 0123     		movs	r3, #1
 108              	.L11:
 109 0032 2370     		strb	r3, [r4]
 105:Generated_Source\PSoC4/ADC_GLV_V_PM.c ****         }
 106:Generated_Source\PSoC4/ADC_GLV_V_PM.c ****         ADC_GLV_V_StopConvert();
 110              		.loc 1 106 0
 111 0034 FFF7FEFF 		bl	ADC_GLV_V_StopConvert
 112              	.LVL0:
 107:Generated_Source\PSoC4/ADC_GLV_V_PM.c ****         ADC_GLV_V_Stop();
 113              		.loc 1 107 0
 114 0038 FFF7FEFF 		bl	ADC_GLV_V_Stop
 115              	.LVL1:
 108:Generated_Source\PSoC4/ADC_GLV_V_PM.c ****         
 109:Generated_Source\PSoC4/ADC_GLV_V_PM.c ****         /* Disable the SAR internal pump before entering the chip low power mode */
 110:Generated_Source\PSoC4/ADC_GLV_V_PM.c ****         if((ADC_GLV_V_SAR_CTRL_REG & ADC_GLV_V_BOOSTPUMP_EN) != 0u)
ARM GAS  C:\Users\RYANCA~1\AppData\Local\Temp\ccg8WxT2.s 			page 5


 116              		.loc 1 110 0
 117 003c 2B68     		ldr	r3, [r5]
 118 003e 094A     		ldr	r2, .L13+8
 119 0040 DB02     		lsls	r3, r3, #11
 120 0042 0AD5     		bpl	.L3
 111:Generated_Source\PSoC4/ADC_GLV_V_PM.c ****         {
 112:Generated_Source\PSoC4/ADC_GLV_V_PM.c ****             ADC_GLV_V_SAR_CTRL_REG &= (uint32)~ADC_GLV_V_BOOSTPUMP_EN;
 121              		.loc 1 112 0
 122 0044 1168     		ldr	r1, [r2]
 123 0046 094B     		ldr	r3, .L13+16
 124 0048 0B40     		ands	r3, r1
 125 004a 1360     		str	r3, [r2]
 113:Generated_Source\PSoC4/ADC_GLV_V_PM.c ****             ADC_GLV_V_backup.enableState |= ADC_GLV_V_BOOSTPUMP_ENABLED;
 126              		.loc 1 113 0
 127 004c 0422     		movs	r2, #4
 128 004e 2378     		ldrb	r3, [r4]
 129 0050 1343     		orrs	r3, r2
 130 0052 2370     		strb	r3, [r4]
 131 0054 01E0     		b	.L3
 132              	.L4:
 114:Generated_Source\PSoC4/ADC_GLV_V_PM.c ****         }
 115:Generated_Source\PSoC4/ADC_GLV_V_PM.c ****     }
 116:Generated_Source\PSoC4/ADC_GLV_V_PM.c ****     else
 117:Generated_Source\PSoC4/ADC_GLV_V_PM.c ****     {
 118:Generated_Source\PSoC4/ADC_GLV_V_PM.c ****         ADC_GLV_V_backup.enableState = ADC_GLV_V_DISABLED;
 133              		.loc 1 118 0
 134 0056 0023     		movs	r3, #0
 135 0058 0B70     		strb	r3, [r1]
 136              	.L3:
 119:Generated_Source\PSoC4/ADC_GLV_V_PM.c ****     }
 120:Generated_Source\PSoC4/ADC_GLV_V_PM.c **** }
 137              		.loc 1 120 0
 138              		@ sp needed
 139 005a 70BD     		pop	{r4, r5, r6, pc}
 140              	.L14:
 141              		.align	2
 142              	.L13:
 143 005c 30003A40 		.word	1077542960
 144 0060 00000000 		.word	.LANCHOR0
 145 0064 00003A40 		.word	1077542912
 146 0068 04003A40 		.word	1077542916
 147 006c FFFFEFFF 		.word	-1048577
 148              		.cfi_endproc
 149              	.LFE3:
 150              		.size	ADC_GLV_V_Sleep, .-ADC_GLV_V_Sleep
 151              		.section	.text.ADC_GLV_V_Wakeup,"ax",%progbits
 152              		.align	1
 153              		.global	ADC_GLV_V_Wakeup
 154              		.code	16
 155              		.thumb_func
 156              		.type	ADC_GLV_V_Wakeup, %function
 157              	ADC_GLV_V_Wakeup:
 158              	.LFB4:
 121:Generated_Source\PSoC4/ADC_GLV_V_PM.c **** 
 122:Generated_Source\PSoC4/ADC_GLV_V_PM.c **** 
 123:Generated_Source\PSoC4/ADC_GLV_V_PM.c **** /*******************************************************************************
 124:Generated_Source\PSoC4/ADC_GLV_V_PM.c **** * Function Name: ADC_GLV_V_Wakeup
ARM GAS  C:\Users\RYANCA~1\AppData\Local\Temp\ccg8WxT2.s 			page 6


 125:Generated_Source\PSoC4/ADC_GLV_V_PM.c **** ********************************************************************************
 126:Generated_Source\PSoC4/ADC_GLV_V_PM.c **** *
 127:Generated_Source\PSoC4/ADC_GLV_V_PM.c **** * Summary:
 128:Generated_Source\PSoC4/ADC_GLV_V_PM.c **** *  Restores the component enable state and configuration registers.
 129:Generated_Source\PSoC4/ADC_GLV_V_PM.c **** *  This should be called just after awaking from sleep mode.
 130:Generated_Source\PSoC4/ADC_GLV_V_PM.c **** *
 131:Generated_Source\PSoC4/ADC_GLV_V_PM.c **** * Parameters:
 132:Generated_Source\PSoC4/ADC_GLV_V_PM.c **** *  None.
 133:Generated_Source\PSoC4/ADC_GLV_V_PM.c **** *
 134:Generated_Source\PSoC4/ADC_GLV_V_PM.c **** * Return:
 135:Generated_Source\PSoC4/ADC_GLV_V_PM.c **** *  None.
 136:Generated_Source\PSoC4/ADC_GLV_V_PM.c **** *
 137:Generated_Source\PSoC4/ADC_GLV_V_PM.c **** * Global Variables:
 138:Generated_Source\PSoC4/ADC_GLV_V_PM.c **** *  ADC_GLV_V_backup - used.
 139:Generated_Source\PSoC4/ADC_GLV_V_PM.c **** *
 140:Generated_Source\PSoC4/ADC_GLV_V_PM.c **** *******************************************************************************/
 141:Generated_Source\PSoC4/ADC_GLV_V_PM.c **** void ADC_GLV_V_Wakeup(void)
 142:Generated_Source\PSoC4/ADC_GLV_V_PM.c **** {
 159              		.loc 1 142 0
 160              		.cfi_startproc
 161              		@ args = 0, pretend = 0, frame = 0
 162              		@ frame_needed = 0, uses_anonymous_args = 0
 163 0000 10B5     		push	{r4, lr}
 164              		.cfi_def_cfa_offset 8
 165              		.cfi_offset 4, -8
 166              		.cfi_offset 14, -4
 143:Generated_Source\PSoC4/ADC_GLV_V_PM.c ****     ADC_GLV_V_SAR_DFT_CTRL_REG = ADC_GLV_V_backup.dftRegVal;
 167              		.loc 1 143 0
 168 0002 0C4B     		ldr	r3, .L26
 169 0004 0C4A     		ldr	r2, .L26+4
 170 0006 5968     		ldr	r1, [r3, #4]
 171 0008 1C00     		movs	r4, r3
 172 000a 1160     		str	r1, [r2]
 144:Generated_Source\PSoC4/ADC_GLV_V_PM.c ****     if(ADC_GLV_V_backup.enableState != ADC_GLV_V_DISABLED)
 173              		.loc 1 144 0
 174 000c 1A78     		ldrb	r2, [r3]
 175 000e 002A     		cmp	r2, #0
 176 0010 0ED0     		beq	.L15
 145:Generated_Source\PSoC4/ADC_GLV_V_PM.c ****     {
 146:Generated_Source\PSoC4/ADC_GLV_V_PM.c ****         /* Enable the SAR internal pump  */
 147:Generated_Source\PSoC4/ADC_GLV_V_PM.c ****         if((ADC_GLV_V_backup.enableState & ADC_GLV_V_BOOSTPUMP_ENABLED) != 0u)
 177              		.loc 1 147 0
 178 0012 5307     		lsls	r3, r2, #29
 179 0014 05D5     		bpl	.L18
 148:Generated_Source\PSoC4/ADC_GLV_V_PM.c ****         {
 149:Generated_Source\PSoC4/ADC_GLV_V_PM.c ****             ADC_GLV_V_SAR_CTRL_REG |= ADC_GLV_V_BOOSTPUMP_EN;
 180              		.loc 1 149 0
 181 0016 8021     		movs	r1, #128
 182 0018 084A     		ldr	r2, .L26+8
 183 001a 4903     		lsls	r1, r1, #13
 184 001c 1368     		ldr	r3, [r2]
 185 001e 0B43     		orrs	r3, r1
 186 0020 1360     		str	r3, [r2]
 187              	.L18:
 150:Generated_Source\PSoC4/ADC_GLV_V_PM.c ****         }
 151:Generated_Source\PSoC4/ADC_GLV_V_PM.c ****         ADC_GLV_V_Enable();
 188              		.loc 1 151 0
ARM GAS  C:\Users\RYANCA~1\AppData\Local\Temp\ccg8WxT2.s 			page 7


 189 0022 FFF7FEFF 		bl	ADC_GLV_V_Enable
 190              	.LVL2:
 152:Generated_Source\PSoC4/ADC_GLV_V_PM.c ****         if((ADC_GLV_V_backup.enableState & ADC_GLV_V_STARTED) != 0u)
 191              		.loc 1 152 0
 192 0026 2378     		ldrb	r3, [r4]
 193 0028 9B07     		lsls	r3, r3, #30
 194 002a 01D5     		bpl	.L15
 153:Generated_Source\PSoC4/ADC_GLV_V_PM.c ****         {
 154:Generated_Source\PSoC4/ADC_GLV_V_PM.c ****             ADC_GLV_V_StartConvert();
 195              		.loc 1 154 0
 196 002c FFF7FEFF 		bl	ADC_GLV_V_StartConvert
 197              	.LVL3:
 198              	.L15:
 155:Generated_Source\PSoC4/ADC_GLV_V_PM.c ****         }
 156:Generated_Source\PSoC4/ADC_GLV_V_PM.c ****     }
 157:Generated_Source\PSoC4/ADC_GLV_V_PM.c **** }
 199              		.loc 1 157 0
 200              		@ sp needed
 201 0030 10BD     		pop	{r4, pc}
 202              	.L27:
 203 0032 C046     		.align	2
 204              	.L26:
 205 0034 00000000 		.word	.LANCHOR0
 206 0038 30003A40 		.word	1077542960
 207 003c 00003A40 		.word	1077542912
 208              		.cfi_endproc
 209              	.LFE4:
 210              		.size	ADC_GLV_V_Wakeup, .-ADC_GLV_V_Wakeup
 211              		.bss
 212              		.align	2
 213              		.set	.LANCHOR0,. + 0
 214              		.type	ADC_GLV_V_backup, %object
 215              		.size	ADC_GLV_V_backup, 8
 216              	ADC_GLV_V_backup:
 217 0000 00000000 		.space	8
 217      00000000 
 218              		.text
 219              	.Letext0:
 220              		.file 2 "Generated_Source\\PSoC4\\cytypes.h"
 221              		.file 3 "Generated_Source\\PSoC4\\ADC_GLV_V.h"
 222              		.section	.debug_info,"",%progbits
 223              	.Ldebug_info0:
 224 0000 84010000 		.4byte	0x184
 225 0004 0400     		.2byte	0x4
 226 0006 00000000 		.4byte	.Ldebug_abbrev0
 227 000a 04       		.byte	0x4
 228 000b 01       		.uleb128 0x1
 229 000c CE010000 		.4byte	.LASF26
 230 0010 0C       		.byte	0xc
 231 0011 02010000 		.4byte	.LASF27
 232 0015 67000000 		.4byte	.LASF28
 233 0019 00000000 		.4byte	.Ldebug_ranges0+0
 234 001d 00000000 		.4byte	0
 235 0021 00000000 		.4byte	.Ldebug_line0
 236 0025 02       		.uleb128 0x2
 237 0026 01       		.byte	0x1
 238 0027 06       		.byte	0x6
ARM GAS  C:\Users\RYANCA~1\AppData\Local\Temp\ccg8WxT2.s 			page 8


 239 0028 B1010000 		.4byte	.LASF0
 240 002c 02       		.uleb128 0x2
 241 002d 01       		.byte	0x1
 242 002e 08       		.byte	0x8
 243 002f 59000000 		.4byte	.LASF1
 244 0033 02       		.uleb128 0x2
 245 0034 02       		.byte	0x2
 246 0035 05       		.byte	0x5
 247 0036 74010000 		.4byte	.LASF2
 248 003a 02       		.uleb128 0x2
 249 003b 02       		.byte	0x2
 250 003c 07       		.byte	0x7
 251 003d 2F000000 		.4byte	.LASF3
 252 0041 02       		.uleb128 0x2
 253 0042 04       		.byte	0x4
 254 0043 05       		.byte	0x5
 255 0044 96010000 		.4byte	.LASF4
 256 0048 02       		.uleb128 0x2
 257 0049 04       		.byte	0x4
 258 004a 07       		.byte	0x7
 259 004b A2000000 		.4byte	.LASF5
 260 004f 02       		.uleb128 0x2
 261 0050 08       		.byte	0x8
 262 0051 05       		.byte	0x5
 263 0052 52010000 		.4byte	.LASF6
 264 0056 02       		.uleb128 0x2
 265 0057 08       		.byte	0x8
 266 0058 07       		.byte	0x7
 267 0059 28010000 		.4byte	.LASF7
 268 005d 03       		.uleb128 0x3
 269 005e 04       		.byte	0x4
 270 005f 05       		.byte	0x5
 271 0060 696E7400 		.ascii	"int\000"
 272 0064 02       		.uleb128 0x2
 273 0065 04       		.byte	0x4
 274 0066 07       		.byte	0x7
 275 0067 E5000000 		.4byte	.LASF8
 276 006b 04       		.uleb128 0x4
 277 006c B4000000 		.4byte	.LASF9
 278 0070 02       		.byte	0x2
 279 0071 FC01     		.2byte	0x1fc
 280 0073 2C000000 		.4byte	0x2c
 281 0077 04       		.uleb128 0x4
 282 0078 D2000000 		.4byte	.LASF10
 283 007c 02       		.byte	0x2
 284 007d FE01     		.2byte	0x1fe
 285 007f 48000000 		.4byte	0x48
 286 0083 02       		.uleb128 0x2
 287 0084 04       		.byte	0x4
 288 0085 04       		.byte	0x4
 289 0086 42000000 		.4byte	.LASF11
 290 008a 02       		.uleb128 0x2
 291 008b 08       		.byte	0x8
 292 008c 04       		.byte	0x4
 293 008d CB000000 		.4byte	.LASF12
 294 0091 02       		.uleb128 0x2
 295 0092 01       		.byte	0x1
ARM GAS  C:\Users\RYANCA~1\AppData\Local\Temp\ccg8WxT2.s 			page 9


 296 0093 08       		.byte	0x8
 297 0094 60010000 		.4byte	.LASF13
 298 0098 04       		.uleb128 0x4
 299 0099 9F010000 		.4byte	.LASF14
 300 009d 02       		.byte	0x2
 301 009e A802     		.2byte	0x2a8
 302 00a0 A4000000 		.4byte	0xa4
 303 00a4 05       		.uleb128 0x5
 304 00a5 77000000 		.4byte	0x77
 305 00a9 02       		.uleb128 0x2
 306 00aa 08       		.byte	0x8
 307 00ab 04       		.byte	0x4
 308 00ac A5010000 		.4byte	.LASF15
 309 00b0 02       		.uleb128 0x2
 310 00b1 04       		.byte	0x4
 311 00b2 07       		.byte	0x7
 312 00b3 49010000 		.4byte	.LASF16
 313 00b7 06       		.uleb128 0x6
 314 00b8 08       		.byte	0x8
 315 00b9 03       		.byte	0x3
 316 00ba 1E       		.byte	0x1e
 317 00bb D8000000 		.4byte	0xd8
 318 00bf 07       		.uleb128 0x7
 319 00c0 D9000000 		.4byte	.LASF17
 320 00c4 03       		.byte	0x3
 321 00c5 20       		.byte	0x20
 322 00c6 6B000000 		.4byte	0x6b
 323 00ca 00       		.byte	0
 324 00cb 07       		.uleb128 0x7
 325 00cc 3F010000 		.4byte	.LASF18
 326 00d0 03       		.byte	0x3
 327 00d1 21       		.byte	0x21
 328 00d2 77000000 		.4byte	0x77
 329 00d6 04       		.byte	0x4
 330 00d7 00       		.byte	0
 331 00d8 08       		.uleb128 0x8
 332 00d9 7E010000 		.4byte	.LASF19
 333 00dd 03       		.byte	0x3
 334 00de 22       		.byte	0x22
 335 00df B7000000 		.4byte	0xb7
 336 00e3 09       		.uleb128 0x9
 337 00e4 00000000 		.4byte	.LASF29
 338 00e8 01       		.byte	0x1
 339 00e9 41       		.byte	0x41
 340 00ea 01       		.byte	0x1
 341 00eb 0A       		.uleb128 0xa
 342 00ec E3000000 		.4byte	0xe3
 343 00f0 00000000 		.4byte	.LFB2
 344 00f4 02000000 		.4byte	.LFE2-.LFB2
 345 00f8 01       		.uleb128 0x1
 346 00f9 9C       		.byte	0x9c
 347 00fa 0B       		.uleb128 0xb
 348 00fb F2000000 		.4byte	.LASF20
 349 00ff 01       		.byte	0x1
 350 0100 59       		.byte	0x59
 351 0101 00000000 		.4byte	.LFB3
 352 0105 70000000 		.4byte	.LFE3-.LFB3
ARM GAS  C:\Users\RYANCA~1\AppData\Local\Temp\ccg8WxT2.s 			page 10


 353 0109 01       		.uleb128 0x1
 354 010a 9C       		.byte	0x9c
 355 010b 22010000 		.4byte	0x122
 356 010f 0C       		.uleb128 0xc
 357 0110 38000000 		.4byte	.LVL0
 358 0114 5B010000 		.4byte	0x15b
 359 0118 0C       		.uleb128 0xc
 360 0119 3C000000 		.4byte	.LVL1
 361 011d 66010000 		.4byte	0x166
 362 0121 00       		.byte	0
 363 0122 0B       		.uleb128 0xb
 364 0123 BA000000 		.4byte	.LASF21
 365 0127 01       		.byte	0x1
 366 0128 8D       		.byte	0x8d
 367 0129 00000000 		.4byte	.LFB4
 368 012d 40000000 		.4byte	.LFE4-.LFB4
 369 0131 01       		.uleb128 0x1
 370 0132 9C       		.byte	0x9c
 371 0133 4A010000 		.4byte	0x14a
 372 0137 0C       		.uleb128 0xc
 373 0138 26000000 		.4byte	.LVL2
 374 013c 71010000 		.4byte	0x171
 375 0140 0C       		.uleb128 0xc
 376 0141 30000000 		.4byte	.LVL3
 377 0145 7C010000 		.4byte	0x17c
 378 0149 00       		.byte	0
 379 014a 0D       		.uleb128 0xd
 380 014b 48000000 		.4byte	.LASF30
 381 014f 01       		.byte	0x1
 382 0150 18       		.byte	0x18
 383 0151 D8000000 		.4byte	0xd8
 384 0155 05       		.uleb128 0x5
 385 0156 03       		.byte	0x3
 386 0157 00000000 		.4byte	ADC_GLV_V_backup
 387 015b 0E       		.uleb128 0xe
 388 015c 5C020000 		.4byte	.LASF22
 389 0160 5C020000 		.4byte	.LASF22
 390 0164 03       		.byte	0x3
 391 0165 9E       		.byte	0x9e
 392 0166 0E       		.uleb128 0xe
 393 0167 65010000 		.4byte	.LASF23
 394 016b 65010000 		.4byte	.LASF23
 395 016f 03       		.byte	0x3
 396 0170 9A       		.byte	0x9a
 397 0171 0E       		.uleb128 0xe
 398 0172 BD010000 		.4byte	.LASF24
 399 0176 BD010000 		.4byte	.LASF24
 400 017a 03       		.byte	0x3
 401 017b 9C       		.byte	0x9c
 402 017c 0E       		.uleb128 0xe
 403 017d 18000000 		.4byte	.LASF25
 404 0181 18000000 		.4byte	.LASF25
 405 0185 03       		.byte	0x3
 406 0186 9D       		.byte	0x9d
 407 0187 00       		.byte	0
 408              		.section	.debug_abbrev,"",%progbits
 409              	.Ldebug_abbrev0:
ARM GAS  C:\Users\RYANCA~1\AppData\Local\Temp\ccg8WxT2.s 			page 11


 410 0000 01       		.uleb128 0x1
 411 0001 11       		.uleb128 0x11
 412 0002 01       		.byte	0x1
 413 0003 25       		.uleb128 0x25
 414 0004 0E       		.uleb128 0xe
 415 0005 13       		.uleb128 0x13
 416 0006 0B       		.uleb128 0xb
 417 0007 03       		.uleb128 0x3
 418 0008 0E       		.uleb128 0xe
 419 0009 1B       		.uleb128 0x1b
 420 000a 0E       		.uleb128 0xe
 421 000b 55       		.uleb128 0x55
 422 000c 17       		.uleb128 0x17
 423 000d 11       		.uleb128 0x11
 424 000e 01       		.uleb128 0x1
 425 000f 10       		.uleb128 0x10
 426 0010 17       		.uleb128 0x17
 427 0011 00       		.byte	0
 428 0012 00       		.byte	0
 429 0013 02       		.uleb128 0x2
 430 0014 24       		.uleb128 0x24
 431 0015 00       		.byte	0
 432 0016 0B       		.uleb128 0xb
 433 0017 0B       		.uleb128 0xb
 434 0018 3E       		.uleb128 0x3e
 435 0019 0B       		.uleb128 0xb
 436 001a 03       		.uleb128 0x3
 437 001b 0E       		.uleb128 0xe
 438 001c 00       		.byte	0
 439 001d 00       		.byte	0
 440 001e 03       		.uleb128 0x3
 441 001f 24       		.uleb128 0x24
 442 0020 00       		.byte	0
 443 0021 0B       		.uleb128 0xb
 444 0022 0B       		.uleb128 0xb
 445 0023 3E       		.uleb128 0x3e
 446 0024 0B       		.uleb128 0xb
 447 0025 03       		.uleb128 0x3
 448 0026 08       		.uleb128 0x8
 449 0027 00       		.byte	0
 450 0028 00       		.byte	0
 451 0029 04       		.uleb128 0x4
 452 002a 16       		.uleb128 0x16
 453 002b 00       		.byte	0
 454 002c 03       		.uleb128 0x3
 455 002d 0E       		.uleb128 0xe
 456 002e 3A       		.uleb128 0x3a
 457 002f 0B       		.uleb128 0xb
 458 0030 3B       		.uleb128 0x3b
 459 0031 05       		.uleb128 0x5
 460 0032 49       		.uleb128 0x49
 461 0033 13       		.uleb128 0x13
 462 0034 00       		.byte	0
 463 0035 00       		.byte	0
 464 0036 05       		.uleb128 0x5
 465 0037 35       		.uleb128 0x35
 466 0038 00       		.byte	0
ARM GAS  C:\Users\RYANCA~1\AppData\Local\Temp\ccg8WxT2.s 			page 12


 467 0039 49       		.uleb128 0x49
 468 003a 13       		.uleb128 0x13
 469 003b 00       		.byte	0
 470 003c 00       		.byte	0
 471 003d 06       		.uleb128 0x6
 472 003e 13       		.uleb128 0x13
 473 003f 01       		.byte	0x1
 474 0040 0B       		.uleb128 0xb
 475 0041 0B       		.uleb128 0xb
 476 0042 3A       		.uleb128 0x3a
 477 0043 0B       		.uleb128 0xb
 478 0044 3B       		.uleb128 0x3b
 479 0045 0B       		.uleb128 0xb
 480 0046 01       		.uleb128 0x1
 481 0047 13       		.uleb128 0x13
 482 0048 00       		.byte	0
 483 0049 00       		.byte	0
 484 004a 07       		.uleb128 0x7
 485 004b 0D       		.uleb128 0xd
 486 004c 00       		.byte	0
 487 004d 03       		.uleb128 0x3
 488 004e 0E       		.uleb128 0xe
 489 004f 3A       		.uleb128 0x3a
 490 0050 0B       		.uleb128 0xb
 491 0051 3B       		.uleb128 0x3b
 492 0052 0B       		.uleb128 0xb
 493 0053 49       		.uleb128 0x49
 494 0054 13       		.uleb128 0x13
 495 0055 38       		.uleb128 0x38
 496 0056 0B       		.uleb128 0xb
 497 0057 00       		.byte	0
 498 0058 00       		.byte	0
 499 0059 08       		.uleb128 0x8
 500 005a 16       		.uleb128 0x16
 501 005b 00       		.byte	0
 502 005c 03       		.uleb128 0x3
 503 005d 0E       		.uleb128 0xe
 504 005e 3A       		.uleb128 0x3a
 505 005f 0B       		.uleb128 0xb
 506 0060 3B       		.uleb128 0x3b
 507 0061 0B       		.uleb128 0xb
 508 0062 49       		.uleb128 0x49
 509 0063 13       		.uleb128 0x13
 510 0064 00       		.byte	0
 511 0065 00       		.byte	0
 512 0066 09       		.uleb128 0x9
 513 0067 2E       		.uleb128 0x2e
 514 0068 00       		.byte	0
 515 0069 3F       		.uleb128 0x3f
 516 006a 19       		.uleb128 0x19
 517 006b 03       		.uleb128 0x3
 518 006c 0E       		.uleb128 0xe
 519 006d 3A       		.uleb128 0x3a
 520 006e 0B       		.uleb128 0xb
 521 006f 3B       		.uleb128 0x3b
 522 0070 0B       		.uleb128 0xb
 523 0071 27       		.uleb128 0x27
ARM GAS  C:\Users\RYANCA~1\AppData\Local\Temp\ccg8WxT2.s 			page 13


 524 0072 19       		.uleb128 0x19
 525 0073 20       		.uleb128 0x20
 526 0074 0B       		.uleb128 0xb
 527 0075 00       		.byte	0
 528 0076 00       		.byte	0
 529 0077 0A       		.uleb128 0xa
 530 0078 2E       		.uleb128 0x2e
 531 0079 00       		.byte	0
 532 007a 31       		.uleb128 0x31
 533 007b 13       		.uleb128 0x13
 534 007c 11       		.uleb128 0x11
 535 007d 01       		.uleb128 0x1
 536 007e 12       		.uleb128 0x12
 537 007f 06       		.uleb128 0x6
 538 0080 40       		.uleb128 0x40
 539 0081 18       		.uleb128 0x18
 540 0082 9742     		.uleb128 0x2117
 541 0084 19       		.uleb128 0x19
 542 0085 00       		.byte	0
 543 0086 00       		.byte	0
 544 0087 0B       		.uleb128 0xb
 545 0088 2E       		.uleb128 0x2e
 546 0089 01       		.byte	0x1
 547 008a 3F       		.uleb128 0x3f
 548 008b 19       		.uleb128 0x19
 549 008c 03       		.uleb128 0x3
 550 008d 0E       		.uleb128 0xe
 551 008e 3A       		.uleb128 0x3a
 552 008f 0B       		.uleb128 0xb
 553 0090 3B       		.uleb128 0x3b
 554 0091 0B       		.uleb128 0xb
 555 0092 27       		.uleb128 0x27
 556 0093 19       		.uleb128 0x19
 557 0094 11       		.uleb128 0x11
 558 0095 01       		.uleb128 0x1
 559 0096 12       		.uleb128 0x12
 560 0097 06       		.uleb128 0x6
 561 0098 40       		.uleb128 0x40
 562 0099 18       		.uleb128 0x18
 563 009a 9742     		.uleb128 0x2117
 564 009c 19       		.uleb128 0x19
 565 009d 01       		.uleb128 0x1
 566 009e 13       		.uleb128 0x13
 567 009f 00       		.byte	0
 568 00a0 00       		.byte	0
 569 00a1 0C       		.uleb128 0xc
 570 00a2 898201   		.uleb128 0x4109
 571 00a5 00       		.byte	0
 572 00a6 11       		.uleb128 0x11
 573 00a7 01       		.uleb128 0x1
 574 00a8 31       		.uleb128 0x31
 575 00a9 13       		.uleb128 0x13
 576 00aa 00       		.byte	0
 577 00ab 00       		.byte	0
 578 00ac 0D       		.uleb128 0xd
 579 00ad 34       		.uleb128 0x34
 580 00ae 00       		.byte	0
ARM GAS  C:\Users\RYANCA~1\AppData\Local\Temp\ccg8WxT2.s 			page 14


 581 00af 03       		.uleb128 0x3
 582 00b0 0E       		.uleb128 0xe
 583 00b1 3A       		.uleb128 0x3a
 584 00b2 0B       		.uleb128 0xb
 585 00b3 3B       		.uleb128 0x3b
 586 00b4 0B       		.uleb128 0xb
 587 00b5 49       		.uleb128 0x49
 588 00b6 13       		.uleb128 0x13
 589 00b7 02       		.uleb128 0x2
 590 00b8 18       		.uleb128 0x18
 591 00b9 00       		.byte	0
 592 00ba 00       		.byte	0
 593 00bb 0E       		.uleb128 0xe
 594 00bc 2E       		.uleb128 0x2e
 595 00bd 00       		.byte	0
 596 00be 3F       		.uleb128 0x3f
 597 00bf 19       		.uleb128 0x19
 598 00c0 3C       		.uleb128 0x3c
 599 00c1 19       		.uleb128 0x19
 600 00c2 6E       		.uleb128 0x6e
 601 00c3 0E       		.uleb128 0xe
 602 00c4 03       		.uleb128 0x3
 603 00c5 0E       		.uleb128 0xe
 604 00c6 3A       		.uleb128 0x3a
 605 00c7 0B       		.uleb128 0xb
 606 00c8 3B       		.uleb128 0x3b
 607 00c9 0B       		.uleb128 0xb
 608 00ca 00       		.byte	0
 609 00cb 00       		.byte	0
 610 00cc 00       		.byte	0
 611              		.section	.debug_aranges,"",%progbits
 612 0000 2C000000 		.4byte	0x2c
 613 0004 0200     		.2byte	0x2
 614 0006 00000000 		.4byte	.Ldebug_info0
 615 000a 04       		.byte	0x4
 616 000b 00       		.byte	0
 617 000c 0000     		.2byte	0
 618 000e 0000     		.2byte	0
 619 0010 00000000 		.4byte	.LFB2
 620 0014 02000000 		.4byte	.LFE2-.LFB2
 621 0018 00000000 		.4byte	.LFB3
 622 001c 70000000 		.4byte	.LFE3-.LFB3
 623 0020 00000000 		.4byte	.LFB4
 624 0024 40000000 		.4byte	.LFE4-.LFB4
 625 0028 00000000 		.4byte	0
 626 002c 00000000 		.4byte	0
 627              		.section	.debug_ranges,"",%progbits
 628              	.Ldebug_ranges0:
 629 0000 00000000 		.4byte	.LFB2
 630 0004 02000000 		.4byte	.LFE2
 631 0008 00000000 		.4byte	.LFB3
 632 000c 70000000 		.4byte	.LFE3
 633 0010 00000000 		.4byte	.LFB4
 634 0014 40000000 		.4byte	.LFE4
 635 0018 00000000 		.4byte	0
 636 001c 00000000 		.4byte	0
 637              		.section	.debug_line,"",%progbits
ARM GAS  C:\Users\RYANCA~1\AppData\Local\Temp\ccg8WxT2.s 			page 15


 638              	.Ldebug_line0:
 639 0000 A7000000 		.section	.debug_str,"MS",%progbits,1
 639      02005800 
 639      00000201 
 639      FB0E0D00 
 639      01010101 
 640              	.LASF29:
 641 0000 4144435F 		.ascii	"ADC_GLV_V_RestoreConfig\000"
 641      474C565F 
 641      565F5265 
 641      73746F72 
 641      65436F6E 
 642              	.LASF25:
 643 0018 4144435F 		.ascii	"ADC_GLV_V_StartConvert\000"
 643      474C565F 
 643      565F5374 
 643      61727443 
 643      6F6E7665 
 644              	.LASF3:
 645 002f 73686F72 		.ascii	"short unsigned int\000"
 645      7420756E 
 645      7369676E 
 645      65642069 
 645      6E7400
 646              	.LASF11:
 647 0042 666C6F61 		.ascii	"float\000"
 647      7400
 648              	.LASF30:
 649 0048 4144435F 		.ascii	"ADC_GLV_V_backup\000"
 649      474C565F 
 649      565F6261 
 649      636B7570 
 649      00
 650              	.LASF1:
 651 0059 756E7369 		.ascii	"unsigned char\000"
 651      676E6564 
 651      20636861 
 651      7200
 652              	.LASF28:
 653 0067 5C5C4D61 		.ascii	"\\\\Mac\\Home\\Desktop\\Dashboard-Firmware-FE10\\Da"
 653      635C486F 
 653      6D655C44 
 653      65736B74 
 653      6F705C44 
 654 0094 7368626F 		.ascii	"shboard.cydsn\000"
 654      6172642E 
 654      63796473 
 654      6E00
 655              	.LASF5:
 656 00a2 6C6F6E67 		.ascii	"long unsigned int\000"
 656      20756E73 
 656      69676E65 
 656      6420696E 
 656      7400
 657              	.LASF9:
 658 00b4 75696E74 		.ascii	"uint8\000"
 658      3800
ARM GAS  C:\Users\RYANCA~1\AppData\Local\Temp\ccg8WxT2.s 			page 16


 659              	.LASF21:
 660 00ba 4144435F 		.ascii	"ADC_GLV_V_Wakeup\000"
 660      474C565F 
 660      565F5761 
 660      6B657570 
 660      00
 661              	.LASF12:
 662 00cb 646F7562 		.ascii	"double\000"
 662      6C6500
 663              	.LASF10:
 664 00d2 75696E74 		.ascii	"uint32\000"
 664      333200
 665              	.LASF17:
 666 00d9 656E6162 		.ascii	"enableState\000"
 666      6C655374 
 666      61746500 
 667              	.LASF8:
 668 00e5 756E7369 		.ascii	"unsigned int\000"
 668      676E6564 
 668      20696E74 
 668      00
 669              	.LASF20:
 670 00f2 4144435F 		.ascii	"ADC_GLV_V_Sleep\000"
 670      474C565F 
 670      565F536C 
 670      65657000 
 671              	.LASF27:
 672 0102 47656E65 		.ascii	"Generated_Source\\PSoC4\\ADC_GLV_V_PM.c\000"
 672      72617465 
 672      645F536F 
 672      75726365 
 672      5C50536F 
 673              	.LASF7:
 674 0128 6C6F6E67 		.ascii	"long long unsigned int\000"
 674      206C6F6E 
 674      6720756E 
 674      7369676E 
 674      65642069 
 675              	.LASF18:
 676 013f 64667452 		.ascii	"dftRegVal\000"
 676      65675661 
 676      6C00
 677              	.LASF16:
 678 0149 73697A65 		.ascii	"sizetype\000"
 678      74797065 
 678      00
 679              	.LASF6:
 680 0152 6C6F6E67 		.ascii	"long long int\000"
 680      206C6F6E 
 680      6720696E 
 680      7400
 681              	.LASF13:
 682 0160 63686172 		.ascii	"char\000"
 682      00
 683              	.LASF23:
 684 0165 4144435F 		.ascii	"ADC_GLV_V_Stop\000"
 684      474C565F 
ARM GAS  C:\Users\RYANCA~1\AppData\Local\Temp\ccg8WxT2.s 			page 17


 684      565F5374 
 684      6F7000
 685              	.LASF2:
 686 0174 73686F72 		.ascii	"short int\000"
 686      7420696E 
 686      7400
 687              	.LASF19:
 688 017e 4144435F 		.ascii	"ADC_GLV_V_BACKUP_STRUCT\000"
 688      474C565F 
 688      565F4241 
 688      434B5550 
 688      5F535452 
 689              	.LASF4:
 690 0196 6C6F6E67 		.ascii	"long int\000"
 690      20696E74 
 690      00
 691              	.LASF14:
 692 019f 72656733 		.ascii	"reg32\000"
 692      3200
 693              	.LASF15:
 694 01a5 6C6F6E67 		.ascii	"long double\000"
 694      20646F75 
 694      626C6500 
 695              	.LASF0:
 696 01b1 7369676E 		.ascii	"signed char\000"
 696      65642063 
 696      68617200 
 697              	.LASF24:
 698 01bd 4144435F 		.ascii	"ADC_GLV_V_Enable\000"
 698      474C565F 
 698      565F456E 
 698      61626C65 
 698      00
 699              	.LASF26:
 700 01ce 474E5520 		.ascii	"GNU C11 5.4.1 20160609 (release) [ARM/embedded-5-br"
 700      43313120 
 700      352E342E 
 700      31203230 
 700      31363036 
 701 0201 616E6368 		.ascii	"anch revision 237715] -mcpu=cortex-m0 -mthumb -g -O"
 701      20726576 
 701      6973696F 
 701      6E203233 
 701      37373135 
 702 0234 73202D66 		.ascii	"s -ffunction-sections -ffat-lto-objects\000"
 702      66756E63 
 702      74696F6E 
 702      2D736563 
 702      74696F6E 
 703              	.LASF22:
 704 025c 4144435F 		.ascii	"ADC_GLV_V_StopConvert\000"
 704      474C565F 
 704      565F5374 
 704      6F70436F 
 704      6E766572 
 705              		.ident	"GCC: (GNU Tools for ARM Embedded Processors) 5.4.1 20160609 (release) [ARM/embedded-5-bran
