ARM GAS  C:\Users\RYANCA~1\AppData\Local\Temp\ccMl57GZ.s 			page 1


   1              		.syntax unified
   2              		.cpu cortex-m0
   3              		.fpu softvfp
   4              		.eabi_attribute 20, 1
   5              		.eabi_attribute 21, 1
   6              		.eabi_attribute 23, 3
   7              		.eabi_attribute 24, 1
   8              		.eabi_attribute 25, 1
   9              		.eabi_attribute 26, 1
  10              		.eabi_attribute 30, 4
  11              		.eabi_attribute 34, 0
  12              		.eabi_attribute 18, 4
  13              		.thumb
  14              		.syntax unified
  15              		.file	"ReadyToDrive_Timer_PM.c"
  16              		.text
  17              	.Ltext0:
  18              		.cfi_sections	.debug_frame
  19              		.section	.text.ReadyToDrive_Timer_SaveConfig,"ax",%progbits
  20              		.align	1
  21              		.global	ReadyToDrive_Timer_SaveConfig
  22              		.code	16
  23              		.thumb_func
  24              		.type	ReadyToDrive_Timer_SaveConfig, %function
  25              	ReadyToDrive_Timer_SaveConfig:
  26              	.LFB1:
  27              		.file 1 "Generated_Source\\PSoC4\\ReadyToDrive_Timer_PM.c"
   1:Generated_Source\PSoC4/ReadyToDrive_Timer_PM.c **** /*******************************************************************************
   2:Generated_Source\PSoC4/ReadyToDrive_Timer_PM.c **** * File Name: ReadyToDrive_Timer_PM.c
   3:Generated_Source\PSoC4/ReadyToDrive_Timer_PM.c **** * Version 2.80
   4:Generated_Source\PSoC4/ReadyToDrive_Timer_PM.c **** *
   5:Generated_Source\PSoC4/ReadyToDrive_Timer_PM.c **** *  Description:
   6:Generated_Source\PSoC4/ReadyToDrive_Timer_PM.c **** *     This file provides the power management source code to API for the
   7:Generated_Source\PSoC4/ReadyToDrive_Timer_PM.c **** *     Timer.
   8:Generated_Source\PSoC4/ReadyToDrive_Timer_PM.c **** *
   9:Generated_Source\PSoC4/ReadyToDrive_Timer_PM.c **** *   Note:
  10:Generated_Source\PSoC4/ReadyToDrive_Timer_PM.c **** *     None
  11:Generated_Source\PSoC4/ReadyToDrive_Timer_PM.c **** *
  12:Generated_Source\PSoC4/ReadyToDrive_Timer_PM.c **** *******************************************************************************
  13:Generated_Source\PSoC4/ReadyToDrive_Timer_PM.c **** * Copyright 2008-2017, Cypress Semiconductor Corporation.  All rights reserved.
  14:Generated_Source\PSoC4/ReadyToDrive_Timer_PM.c **** * You may use this file only in accordance with the license, terms, conditions,
  15:Generated_Source\PSoC4/ReadyToDrive_Timer_PM.c **** * disclaimers, and limitations in the end user license agreement accompanying
  16:Generated_Source\PSoC4/ReadyToDrive_Timer_PM.c **** * the software package with which this file was provided.
  17:Generated_Source\PSoC4/ReadyToDrive_Timer_PM.c **** ********************************************************************************/
  18:Generated_Source\PSoC4/ReadyToDrive_Timer_PM.c **** 
  19:Generated_Source\PSoC4/ReadyToDrive_Timer_PM.c **** #include "ReadyToDrive_Timer.h"
  20:Generated_Source\PSoC4/ReadyToDrive_Timer_PM.c **** 
  21:Generated_Source\PSoC4/ReadyToDrive_Timer_PM.c **** static ReadyToDrive_Timer_backupStruct ReadyToDrive_Timer_backup;
  22:Generated_Source\PSoC4/ReadyToDrive_Timer_PM.c **** 
  23:Generated_Source\PSoC4/ReadyToDrive_Timer_PM.c **** 
  24:Generated_Source\PSoC4/ReadyToDrive_Timer_PM.c **** /*******************************************************************************
  25:Generated_Source\PSoC4/ReadyToDrive_Timer_PM.c **** * Function Name: ReadyToDrive_Timer_SaveConfig
  26:Generated_Source\PSoC4/ReadyToDrive_Timer_PM.c **** ********************************************************************************
  27:Generated_Source\PSoC4/ReadyToDrive_Timer_PM.c **** *
  28:Generated_Source\PSoC4/ReadyToDrive_Timer_PM.c **** * Summary:
  29:Generated_Source\PSoC4/ReadyToDrive_Timer_PM.c **** *     Save the current user configuration
  30:Generated_Source\PSoC4/ReadyToDrive_Timer_PM.c **** *
ARM GAS  C:\Users\RYANCA~1\AppData\Local\Temp\ccMl57GZ.s 			page 2


  31:Generated_Source\PSoC4/ReadyToDrive_Timer_PM.c **** * Parameters:
  32:Generated_Source\PSoC4/ReadyToDrive_Timer_PM.c **** *  void
  33:Generated_Source\PSoC4/ReadyToDrive_Timer_PM.c **** *
  34:Generated_Source\PSoC4/ReadyToDrive_Timer_PM.c **** * Return:
  35:Generated_Source\PSoC4/ReadyToDrive_Timer_PM.c **** *  void
  36:Generated_Source\PSoC4/ReadyToDrive_Timer_PM.c **** *
  37:Generated_Source\PSoC4/ReadyToDrive_Timer_PM.c **** * Global variables:
  38:Generated_Source\PSoC4/ReadyToDrive_Timer_PM.c **** *  ReadyToDrive_Timer_backup:  Variables of this global structure are modified to
  39:Generated_Source\PSoC4/ReadyToDrive_Timer_PM.c **** *  store the values of non retention configuration registers when Sleep() API is
  40:Generated_Source\PSoC4/ReadyToDrive_Timer_PM.c **** *  called.
  41:Generated_Source\PSoC4/ReadyToDrive_Timer_PM.c **** *
  42:Generated_Source\PSoC4/ReadyToDrive_Timer_PM.c **** *******************************************************************************/
  43:Generated_Source\PSoC4/ReadyToDrive_Timer_PM.c **** void ReadyToDrive_Timer_SaveConfig(void) 
  44:Generated_Source\PSoC4/ReadyToDrive_Timer_PM.c **** {
  28              		.loc 1 44 0
  29              		.cfi_startproc
  30              		@ args = 0, pretend = 0, frame = 0
  31              		@ frame_needed = 0, uses_anonymous_args = 0
  32 0000 10B5     		push	{r4, lr}
  33              		.cfi_def_cfa_offset 8
  34              		.cfi_offset 4, -8
  35              		.cfi_offset 14, -4
  45:Generated_Source\PSoC4/ReadyToDrive_Timer_PM.c ****     #if (!ReadyToDrive_Timer_UsingFixedFunction)
  46:Generated_Source\PSoC4/ReadyToDrive_Timer_PM.c ****         ReadyToDrive_Timer_backup.TimerUdb = ReadyToDrive_Timer_ReadCounter();
  36              		.loc 1 46 0
  37 0002 FFF7FEFF 		bl	ReadyToDrive_Timer_ReadCounter
  38              	.LVL0:
  39 0006 044C     		ldr	r4, .L2
  47:Generated_Source\PSoC4/ReadyToDrive_Timer_PM.c ****         ReadyToDrive_Timer_backup.InterruptMaskValue = ReadyToDrive_Timer_STATUS_MASK;
  40              		.loc 1 47 0
  41 0008 044B     		ldr	r3, .L2+4
  46:Generated_Source\PSoC4/ReadyToDrive_Timer_PM.c ****         ReadyToDrive_Timer_backup.InterruptMaskValue = ReadyToDrive_Timer_STATUS_MASK;
  42              		.loc 1 46 0
  43 000a 6060     		str	r0, [r4, #4]
  44              		.loc 1 47 0
  45 000c 1B78     		ldrb	r3, [r3]
  48:Generated_Source\PSoC4/ReadyToDrive_Timer_PM.c ****         #if (ReadyToDrive_Timer_UsingHWCaptureCounter)
  49:Generated_Source\PSoC4/ReadyToDrive_Timer_PM.c ****             ReadyToDrive_Timer_backup.TimerCaptureCounter = ReadyToDrive_Timer_ReadCaptureCount();
  50:Generated_Source\PSoC4/ReadyToDrive_Timer_PM.c ****         #endif /* Back Up capture counter register  */
  51:Generated_Source\PSoC4/ReadyToDrive_Timer_PM.c **** 
  52:Generated_Source\PSoC4/ReadyToDrive_Timer_PM.c ****         #if(!ReadyToDrive_Timer_UDB_CONTROL_REG_REMOVED)
  53:Generated_Source\PSoC4/ReadyToDrive_Timer_PM.c ****             ReadyToDrive_Timer_backup.TimerControlRegister = ReadyToDrive_Timer_ReadControlRegister
  54:Generated_Source\PSoC4/ReadyToDrive_Timer_PM.c ****         #endif /* Backup the enable state of the Timer component */
  55:Generated_Source\PSoC4/ReadyToDrive_Timer_PM.c ****     #endif /* Backup non retention registers in UDB implementation. All fixed function registers ar
  56:Generated_Source\PSoC4/ReadyToDrive_Timer_PM.c **** }
  46              		.loc 1 56 0
  47              		@ sp needed
  47:Generated_Source\PSoC4/ReadyToDrive_Timer_PM.c ****         #if (ReadyToDrive_Timer_UsingHWCaptureCounter)
  48              		.loc 1 47 0
  49 000e 2372     		strb	r3, [r4, #8]
  53:Generated_Source\PSoC4/ReadyToDrive_Timer_PM.c ****         #endif /* Backup the enable state of the Timer component */
  50              		.loc 1 53 0
  51 0010 FFF7FEFF 		bl	ReadyToDrive_Timer_ReadControlRegister
  52              	.LVL1:
  53 0014 6072     		strb	r0, [r4, #9]
  54              		.loc 1 56 0
  55 0016 10BD     		pop	{r4, pc}
ARM GAS  C:\Users\RYANCA~1\AppData\Local\Temp\ccMl57GZ.s 			page 3


  56              	.L3:
  57              		.align	2
  58              	.L2:
  59 0018 00000000 		.word	.LANCHOR0
  60 001c 80000F40 		.word	1074724992
  61              		.cfi_endproc
  62              	.LFE1:
  63              		.size	ReadyToDrive_Timer_SaveConfig, .-ReadyToDrive_Timer_SaveConfig
  64              		.section	.text.ReadyToDrive_Timer_RestoreConfig,"ax",%progbits
  65              		.align	1
  66              		.global	ReadyToDrive_Timer_RestoreConfig
  67              		.code	16
  68              		.thumb_func
  69              		.type	ReadyToDrive_Timer_RestoreConfig, %function
  70              	ReadyToDrive_Timer_RestoreConfig:
  71              	.LFB2:
  57:Generated_Source\PSoC4/ReadyToDrive_Timer_PM.c **** 
  58:Generated_Source\PSoC4/ReadyToDrive_Timer_PM.c **** 
  59:Generated_Source\PSoC4/ReadyToDrive_Timer_PM.c **** /*******************************************************************************
  60:Generated_Source\PSoC4/ReadyToDrive_Timer_PM.c **** * Function Name: ReadyToDrive_Timer_RestoreConfig
  61:Generated_Source\PSoC4/ReadyToDrive_Timer_PM.c **** ********************************************************************************
  62:Generated_Source\PSoC4/ReadyToDrive_Timer_PM.c **** *
  63:Generated_Source\PSoC4/ReadyToDrive_Timer_PM.c **** * Summary:
  64:Generated_Source\PSoC4/ReadyToDrive_Timer_PM.c **** *  Restores the current user configuration.
  65:Generated_Source\PSoC4/ReadyToDrive_Timer_PM.c **** *
  66:Generated_Source\PSoC4/ReadyToDrive_Timer_PM.c **** * Parameters:
  67:Generated_Source\PSoC4/ReadyToDrive_Timer_PM.c **** *  void
  68:Generated_Source\PSoC4/ReadyToDrive_Timer_PM.c **** *
  69:Generated_Source\PSoC4/ReadyToDrive_Timer_PM.c **** * Return:
  70:Generated_Source\PSoC4/ReadyToDrive_Timer_PM.c **** *  void
  71:Generated_Source\PSoC4/ReadyToDrive_Timer_PM.c **** *
  72:Generated_Source\PSoC4/ReadyToDrive_Timer_PM.c **** * Global variables:
  73:Generated_Source\PSoC4/ReadyToDrive_Timer_PM.c **** *  ReadyToDrive_Timer_backup:  Variables of this global structure are used to
  74:Generated_Source\PSoC4/ReadyToDrive_Timer_PM.c **** *  restore the values of non retention registers on wakeup from sleep mode.
  75:Generated_Source\PSoC4/ReadyToDrive_Timer_PM.c **** *
  76:Generated_Source\PSoC4/ReadyToDrive_Timer_PM.c **** *******************************************************************************/
  77:Generated_Source\PSoC4/ReadyToDrive_Timer_PM.c **** void ReadyToDrive_Timer_RestoreConfig(void) 
  78:Generated_Source\PSoC4/ReadyToDrive_Timer_PM.c **** {   
  72              		.loc 1 78 0
  73              		.cfi_startproc
  74              		@ args = 0, pretend = 0, frame = 0
  75              		@ frame_needed = 0, uses_anonymous_args = 0
  76 0000 10B5     		push	{r4, lr}
  77              		.cfi_def_cfa_offset 8
  78              		.cfi_offset 4, -8
  79              		.cfi_offset 14, -4
  79:Generated_Source\PSoC4/ReadyToDrive_Timer_PM.c ****     #if (!ReadyToDrive_Timer_UsingFixedFunction)
  80:Generated_Source\PSoC4/ReadyToDrive_Timer_PM.c **** 
  81:Generated_Source\PSoC4/ReadyToDrive_Timer_PM.c ****         ReadyToDrive_Timer_WriteCounter(ReadyToDrive_Timer_backup.TimerUdb);
  80              		.loc 1 81 0
  81 0002 054C     		ldr	r4, .L5
  82:Generated_Source\PSoC4/ReadyToDrive_Timer_PM.c ****         ReadyToDrive_Timer_STATUS_MASK =ReadyToDrive_Timer_backup.InterruptMaskValue;
  83:Generated_Source\PSoC4/ReadyToDrive_Timer_PM.c ****         #if (ReadyToDrive_Timer_UsingHWCaptureCounter)
  84:Generated_Source\PSoC4/ReadyToDrive_Timer_PM.c ****             ReadyToDrive_Timer_SetCaptureCount(ReadyToDrive_Timer_backup.TimerCaptureCounter);
  85:Generated_Source\PSoC4/ReadyToDrive_Timer_PM.c ****         #endif /* Restore Capture counter register*/
  86:Generated_Source\PSoC4/ReadyToDrive_Timer_PM.c **** 
  87:Generated_Source\PSoC4/ReadyToDrive_Timer_PM.c ****         #if(!ReadyToDrive_Timer_UDB_CONTROL_REG_REMOVED)
ARM GAS  C:\Users\RYANCA~1\AppData\Local\Temp\ccMl57GZ.s 			page 4


  88:Generated_Source\PSoC4/ReadyToDrive_Timer_PM.c ****             ReadyToDrive_Timer_WriteControlRegister(ReadyToDrive_Timer_backup.TimerControlRegister)
  89:Generated_Source\PSoC4/ReadyToDrive_Timer_PM.c ****         #endif /* Restore the enable state of the Timer component */
  90:Generated_Source\PSoC4/ReadyToDrive_Timer_PM.c ****     #endif /* Restore non retention registers in the UDB implementation only */
  91:Generated_Source\PSoC4/ReadyToDrive_Timer_PM.c **** }
  82              		.loc 1 91 0
  83              		@ sp needed
  81:Generated_Source\PSoC4/ReadyToDrive_Timer_PM.c ****         ReadyToDrive_Timer_STATUS_MASK =ReadyToDrive_Timer_backup.InterruptMaskValue;
  84              		.loc 1 81 0
  85 0004 6068     		ldr	r0, [r4, #4]
  86 0006 FFF7FEFF 		bl	ReadyToDrive_Timer_WriteCounter
  87              	.LVL2:
  82:Generated_Source\PSoC4/ReadyToDrive_Timer_PM.c ****         ReadyToDrive_Timer_STATUS_MASK =ReadyToDrive_Timer_backup.InterruptMaskValue;
  88              		.loc 1 82 0
  89 000a 227A     		ldrb	r2, [r4, #8]
  90 000c 034B     		ldr	r3, .L5+4
  91 000e 1A70     		strb	r2, [r3]
  88:Generated_Source\PSoC4/ReadyToDrive_Timer_PM.c ****         #endif /* Restore the enable state of the Timer component */
  92              		.loc 1 88 0
  93 0010 607A     		ldrb	r0, [r4, #9]
  94 0012 FFF7FEFF 		bl	ReadyToDrive_Timer_WriteControlRegister
  95              	.LVL3:
  96              		.loc 1 91 0
  97 0016 10BD     		pop	{r4, pc}
  98              	.L6:
  99              		.align	2
 100              	.L5:
 101 0018 00000000 		.word	.LANCHOR0
 102 001c 80000F40 		.word	1074724992
 103              		.cfi_endproc
 104              	.LFE2:
 105              		.size	ReadyToDrive_Timer_RestoreConfig, .-ReadyToDrive_Timer_RestoreConfig
 106              		.section	.text.ReadyToDrive_Timer_Sleep,"ax",%progbits
 107              		.align	1
 108              		.global	ReadyToDrive_Timer_Sleep
 109              		.code	16
 110              		.thumb_func
 111              		.type	ReadyToDrive_Timer_Sleep, %function
 112              	ReadyToDrive_Timer_Sleep:
 113              	.LFB3:
  92:Generated_Source\PSoC4/ReadyToDrive_Timer_PM.c **** 
  93:Generated_Source\PSoC4/ReadyToDrive_Timer_PM.c **** 
  94:Generated_Source\PSoC4/ReadyToDrive_Timer_PM.c **** /*******************************************************************************
  95:Generated_Source\PSoC4/ReadyToDrive_Timer_PM.c **** * Function Name: ReadyToDrive_Timer_Sleep
  96:Generated_Source\PSoC4/ReadyToDrive_Timer_PM.c **** ********************************************************************************
  97:Generated_Source\PSoC4/ReadyToDrive_Timer_PM.c **** *
  98:Generated_Source\PSoC4/ReadyToDrive_Timer_PM.c **** * Summary:
  99:Generated_Source\PSoC4/ReadyToDrive_Timer_PM.c **** *     Stop and Save the user configuration
 100:Generated_Source\PSoC4/ReadyToDrive_Timer_PM.c **** *
 101:Generated_Source\PSoC4/ReadyToDrive_Timer_PM.c **** * Parameters:
 102:Generated_Source\PSoC4/ReadyToDrive_Timer_PM.c **** *  void
 103:Generated_Source\PSoC4/ReadyToDrive_Timer_PM.c **** *
 104:Generated_Source\PSoC4/ReadyToDrive_Timer_PM.c **** * Return:
 105:Generated_Source\PSoC4/ReadyToDrive_Timer_PM.c **** *  void
 106:Generated_Source\PSoC4/ReadyToDrive_Timer_PM.c **** *
 107:Generated_Source\PSoC4/ReadyToDrive_Timer_PM.c **** * Global variables:
 108:Generated_Source\PSoC4/ReadyToDrive_Timer_PM.c **** *  ReadyToDrive_Timer_backup.TimerEnableState:  Is modified depending on the
 109:Generated_Source\PSoC4/ReadyToDrive_Timer_PM.c **** *  enable state of the block before entering sleep mode.
ARM GAS  C:\Users\RYANCA~1\AppData\Local\Temp\ccMl57GZ.s 			page 5


 110:Generated_Source\PSoC4/ReadyToDrive_Timer_PM.c **** *
 111:Generated_Source\PSoC4/ReadyToDrive_Timer_PM.c **** *******************************************************************************/
 112:Generated_Source\PSoC4/ReadyToDrive_Timer_PM.c **** void ReadyToDrive_Timer_Sleep(void) 
 113:Generated_Source\PSoC4/ReadyToDrive_Timer_PM.c **** {
 114              		.loc 1 113 0
 115              		.cfi_startproc
 116              		@ args = 0, pretend = 0, frame = 0
 117              		@ frame_needed = 0, uses_anonymous_args = 0
 118 0000 10B5     		push	{r4, lr}
 119              		.cfi_def_cfa_offset 8
 120              		.cfi_offset 4, -8
 121              		.cfi_offset 14, -4
 114:Generated_Source\PSoC4/ReadyToDrive_Timer_PM.c ****     #if(!ReadyToDrive_Timer_UDB_CONTROL_REG_REMOVED)
 115:Generated_Source\PSoC4/ReadyToDrive_Timer_PM.c ****         /* Save Counter's enable state */
 116:Generated_Source\PSoC4/ReadyToDrive_Timer_PM.c ****         if(ReadyToDrive_Timer_CTRL_ENABLE == (ReadyToDrive_Timer_CONTROL & ReadyToDrive_Timer_CTRL_
 122              		.loc 1 116 0
 123 0002 074B     		ldr	r3, .L12
 124 0004 074A     		ldr	r2, .L12+4
 125 0006 1B78     		ldrb	r3, [r3]
 126 0008 5BB2     		sxtb	r3, r3
 127 000a 002B     		cmp	r3, #0
 128 000c 01DA     		bge	.L8
 117:Generated_Source\PSoC4/ReadyToDrive_Timer_PM.c ****         {
 118:Generated_Source\PSoC4/ReadyToDrive_Timer_PM.c ****             /* Timer is enabled */
 119:Generated_Source\PSoC4/ReadyToDrive_Timer_PM.c ****             ReadyToDrive_Timer_backup.TimerEnableState = 1u;
 129              		.loc 1 119 0
 130 000e 0123     		movs	r3, #1
 131 0010 00E0     		b	.L10
 132              	.L8:
 120:Generated_Source\PSoC4/ReadyToDrive_Timer_PM.c ****         }
 121:Generated_Source\PSoC4/ReadyToDrive_Timer_PM.c ****         else
 122:Generated_Source\PSoC4/ReadyToDrive_Timer_PM.c ****         {
 123:Generated_Source\PSoC4/ReadyToDrive_Timer_PM.c ****             /* Timer is disabled */
 124:Generated_Source\PSoC4/ReadyToDrive_Timer_PM.c ****             ReadyToDrive_Timer_backup.TimerEnableState = 0u;
 133              		.loc 1 124 0
 134 0012 0023     		movs	r3, #0
 135              	.L10:
 136 0014 1370     		strb	r3, [r2]
 125:Generated_Source\PSoC4/ReadyToDrive_Timer_PM.c ****         }
 126:Generated_Source\PSoC4/ReadyToDrive_Timer_PM.c ****     #endif /* Back up enable state from the Timer control register */
 127:Generated_Source\PSoC4/ReadyToDrive_Timer_PM.c ****     ReadyToDrive_Timer_Stop();
 128:Generated_Source\PSoC4/ReadyToDrive_Timer_PM.c ****     ReadyToDrive_Timer_SaveConfig();
 129:Generated_Source\PSoC4/ReadyToDrive_Timer_PM.c **** }
 137              		.loc 1 129 0
 138              		@ sp needed
 127:Generated_Source\PSoC4/ReadyToDrive_Timer_PM.c ****     ReadyToDrive_Timer_SaveConfig();
 139              		.loc 1 127 0
 140 0016 FFF7FEFF 		bl	ReadyToDrive_Timer_Stop
 141              	.LVL4:
 128:Generated_Source\PSoC4/ReadyToDrive_Timer_PM.c **** }
 142              		.loc 1 128 0
 143 001a FFF7FEFF 		bl	ReadyToDrive_Timer_SaveConfig
 144              	.LVL5:
 145              		.loc 1 129 0
 146 001e 10BD     		pop	{r4, pc}
 147              	.L13:
 148              		.align	2
ARM GAS  C:\Users\RYANCA~1\AppData\Local\Temp\ccMl57GZ.s 			page 6


 149              	.L12:
 150 0020 70000F40 		.word	1074724976
 151 0024 00000000 		.word	.LANCHOR0
 152              		.cfi_endproc
 153              	.LFE3:
 154              		.size	ReadyToDrive_Timer_Sleep, .-ReadyToDrive_Timer_Sleep
 155              		.section	.text.ReadyToDrive_Timer_Wakeup,"ax",%progbits
 156              		.align	1
 157              		.global	ReadyToDrive_Timer_Wakeup
 158              		.code	16
 159              		.thumb_func
 160              		.type	ReadyToDrive_Timer_Wakeup, %function
 161              	ReadyToDrive_Timer_Wakeup:
 162              	.LFB4:
 130:Generated_Source\PSoC4/ReadyToDrive_Timer_PM.c **** 
 131:Generated_Source\PSoC4/ReadyToDrive_Timer_PM.c **** 
 132:Generated_Source\PSoC4/ReadyToDrive_Timer_PM.c **** /*******************************************************************************
 133:Generated_Source\PSoC4/ReadyToDrive_Timer_PM.c **** * Function Name: ReadyToDrive_Timer_Wakeup
 134:Generated_Source\PSoC4/ReadyToDrive_Timer_PM.c **** ********************************************************************************
 135:Generated_Source\PSoC4/ReadyToDrive_Timer_PM.c **** *
 136:Generated_Source\PSoC4/ReadyToDrive_Timer_PM.c **** * Summary:
 137:Generated_Source\PSoC4/ReadyToDrive_Timer_PM.c **** *  Restores and enables the user configuration
 138:Generated_Source\PSoC4/ReadyToDrive_Timer_PM.c **** *
 139:Generated_Source\PSoC4/ReadyToDrive_Timer_PM.c **** * Parameters:
 140:Generated_Source\PSoC4/ReadyToDrive_Timer_PM.c **** *  void
 141:Generated_Source\PSoC4/ReadyToDrive_Timer_PM.c **** *
 142:Generated_Source\PSoC4/ReadyToDrive_Timer_PM.c **** * Return:
 143:Generated_Source\PSoC4/ReadyToDrive_Timer_PM.c **** *  void
 144:Generated_Source\PSoC4/ReadyToDrive_Timer_PM.c **** *
 145:Generated_Source\PSoC4/ReadyToDrive_Timer_PM.c **** * Global variables:
 146:Generated_Source\PSoC4/ReadyToDrive_Timer_PM.c **** *  ReadyToDrive_Timer_backup.enableState:  Is used to restore the enable state of
 147:Generated_Source\PSoC4/ReadyToDrive_Timer_PM.c **** *  block on wakeup from sleep mode.
 148:Generated_Source\PSoC4/ReadyToDrive_Timer_PM.c **** *
 149:Generated_Source\PSoC4/ReadyToDrive_Timer_PM.c **** *******************************************************************************/
 150:Generated_Source\PSoC4/ReadyToDrive_Timer_PM.c **** void ReadyToDrive_Timer_Wakeup(void) 
 151:Generated_Source\PSoC4/ReadyToDrive_Timer_PM.c **** {
 163              		.loc 1 151 0
 164              		.cfi_startproc
 165              		@ args = 0, pretend = 0, frame = 0
 166              		@ frame_needed = 0, uses_anonymous_args = 0
 167 0000 10B5     		push	{r4, lr}
 168              		.cfi_def_cfa_offset 8
 169              		.cfi_offset 4, -8
 170              		.cfi_offset 14, -4
 152:Generated_Source\PSoC4/ReadyToDrive_Timer_PM.c ****     ReadyToDrive_Timer_RestoreConfig();
 171              		.loc 1 152 0
 172 0002 FFF7FEFF 		bl	ReadyToDrive_Timer_RestoreConfig
 173              	.LVL6:
 153:Generated_Source\PSoC4/ReadyToDrive_Timer_PM.c ****     #if(!ReadyToDrive_Timer_UDB_CONTROL_REG_REMOVED)
 154:Generated_Source\PSoC4/ReadyToDrive_Timer_PM.c ****         if(ReadyToDrive_Timer_backup.TimerEnableState == 1u)
 174              		.loc 1 154 0
 175 0006 034B     		ldr	r3, .L16
 176 0008 1B78     		ldrb	r3, [r3]
 177 000a 012B     		cmp	r3, #1
 178 000c 01D1     		bne	.L14
 155:Generated_Source\PSoC4/ReadyToDrive_Timer_PM.c ****         {     /* Enable Timer's operation */
 156:Generated_Source\PSoC4/ReadyToDrive_Timer_PM.c ****                 ReadyToDrive_Timer_Enable();
ARM GAS  C:\Users\RYANCA~1\AppData\Local\Temp\ccMl57GZ.s 			page 7


 179              		.loc 1 156 0
 180 000e FFF7FEFF 		bl	ReadyToDrive_Timer_Enable
 181              	.LVL7:
 182              	.L14:
 157:Generated_Source\PSoC4/ReadyToDrive_Timer_PM.c ****         } /* Do nothing if Timer was disabled before */
 158:Generated_Source\PSoC4/ReadyToDrive_Timer_PM.c ****     #endif /* Remove this code section if Control register is removed */
 159:Generated_Source\PSoC4/ReadyToDrive_Timer_PM.c **** }
 183              		.loc 1 159 0
 184              		@ sp needed
 185 0012 10BD     		pop	{r4, pc}
 186              	.L17:
 187              		.align	2
 188              	.L16:
 189 0014 00000000 		.word	.LANCHOR0
 190              		.cfi_endproc
 191              	.LFE4:
 192              		.size	ReadyToDrive_Timer_Wakeup, .-ReadyToDrive_Timer_Wakeup
 193              		.bss
 194              		.align	2
 195              		.set	.LANCHOR0,. + 0
 196              		.type	ReadyToDrive_Timer_backup, %object
 197              		.size	ReadyToDrive_Timer_backup, 12
 198              	ReadyToDrive_Timer_backup:
 199 0000 00000000 		.space	12
 199      00000000 
 199      00000000 
 200              		.text
 201              	.Letext0:
 202              		.file 2 "Generated_Source\\PSoC4\\cytypes.h"
 203              		.file 3 "Generated_Source\\PSoC4\\ReadyToDrive_Timer.h"
 204              		.section	.debug_info,"",%progbits
 205              	.Ldebug_info0:
 206 0000 EB010000 		.4byte	0x1eb
 207 0004 0400     		.2byte	0x4
 208 0006 00000000 		.4byte	.Ldebug_abbrev0
 209 000a 04       		.byte	0x4
 210 000b 01       		.uleb128 0x1
 211 000c AD020000 		.4byte	.LASF32
 212 0010 0C       		.byte	0xc
 213 0011 19020000 		.4byte	.LASF33
 214 0015 D3000000 		.4byte	.LASF34
 215 0019 00000000 		.4byte	.Ldebug_ranges0+0
 216 001d 00000000 		.4byte	0
 217 0021 00000000 		.4byte	.Ldebug_line0
 218 0025 02       		.uleb128 0x2
 219 0026 01       		.byte	0x1
 220 0027 06       		.byte	0x6
 221 0028 A1020000 		.4byte	.LASF0
 222 002c 02       		.uleb128 0x2
 223 002d 01       		.byte	0x1
 224 002e 08       		.byte	0x8
 225 002f C5000000 		.4byte	.LASF1
 226 0033 02       		.uleb128 0x2
 227 0034 02       		.byte	0x2
 228 0035 05       		.byte	0x5
 229 0036 48020000 		.4byte	.LASF2
 230 003a 02       		.uleb128 0x2
ARM GAS  C:\Users\RYANCA~1\AppData\Local\Temp\ccMl57GZ.s 			page 8


 231 003b 02       		.byte	0x2
 232 003c 07       		.byte	0x7
 233 003d 50000000 		.4byte	.LASF3
 234 0041 02       		.uleb128 0x2
 235 0042 04       		.byte	0x4
 236 0043 05       		.byte	0x5
 237 0044 8C020000 		.4byte	.LASF4
 238 0048 02       		.uleb128 0x2
 239 0049 04       		.byte	0x4
 240 004a 07       		.byte	0x7
 241 004b 13010000 		.4byte	.LASF5
 242 004f 02       		.uleb128 0x2
 243 0050 08       		.byte	0x8
 244 0051 05       		.byte	0x5
 245 0052 EE010000 		.4byte	.LASF6
 246 0056 02       		.uleb128 0x2
 247 0057 08       		.byte	0x8
 248 0058 07       		.byte	0x7
 249 0059 CE010000 		.4byte	.LASF7
 250 005d 03       		.uleb128 0x3
 251 005e 04       		.byte	0x4
 252 005f 05       		.byte	0x5
 253 0060 696E7400 		.ascii	"int\000"
 254 0064 02       		.uleb128 0x2
 255 0065 04       		.byte	0x4
 256 0066 07       		.byte	0x7
 257 0067 C1010000 		.4byte	.LASF8
 258 006b 04       		.uleb128 0x4
 259 006c 25010000 		.4byte	.LASF9
 260 0070 02       		.byte	0x2
 261 0071 FC01     		.2byte	0x1fc
 262 0073 2C000000 		.4byte	0x2c
 263 0077 04       		.uleb128 0x4
 264 0078 BA010000 		.4byte	.LASF10
 265 007c 02       		.byte	0x2
 266 007d FE01     		.2byte	0x1fe
 267 007f 48000000 		.4byte	0x48
 268 0083 02       		.uleb128 0x2
 269 0084 04       		.byte	0x4
 270 0085 04       		.byte	0x4
 271 0086 A0000000 		.4byte	.LASF11
 272 008a 02       		.uleb128 0x2
 273 008b 08       		.byte	0x8
 274 008c 04       		.byte	0x4
 275 008d 73010000 		.4byte	.LASF12
 276 0091 02       		.uleb128 0x2
 277 0092 01       		.byte	0x1
 278 0093 08       		.byte	0x8
 279 0094 FC010000 		.4byte	.LASF13
 280 0098 04       		.uleb128 0x4
 281 0099 0E010000 		.4byte	.LASF14
 282 009d 02       		.byte	0x2
 283 009e A602     		.2byte	0x2a6
 284 00a0 A4000000 		.4byte	0xa4
 285 00a4 05       		.uleb128 0x5
 286 00a5 6B000000 		.4byte	0x6b
 287 00a9 02       		.uleb128 0x2
ARM GAS  C:\Users\RYANCA~1\AppData\Local\Temp\ccMl57GZ.s 			page 9


 288 00aa 08       		.byte	0x8
 289 00ab 04       		.byte	0x4
 290 00ac 95020000 		.4byte	.LASF15
 291 00b0 02       		.uleb128 0x2
 292 00b1 04       		.byte	0x4
 293 00b2 07       		.byte	0x7
 294 00b3 E5010000 		.4byte	.LASF16
 295 00b7 06       		.uleb128 0x6
 296 00b8 0C       		.byte	0xc
 297 00b9 03       		.byte	0x3
 298 00ba 43       		.byte	0x43
 299 00bb F0000000 		.4byte	0xf0
 300 00bf 07       		.uleb128 0x7
 301 00c0 00000000 		.4byte	.LASF17
 302 00c4 03       		.byte	0x3
 303 00c5 45       		.byte	0x45
 304 00c6 6B000000 		.4byte	0x6b
 305 00ca 00       		.byte	0
 306 00cb 07       		.uleb128 0x7
 307 00cc 7D000000 		.4byte	.LASF18
 308 00d0 03       		.byte	0x3
 309 00d1 48       		.byte	0x48
 310 00d2 77000000 		.4byte	0x77
 311 00d6 04       		.byte	0x4
 312 00d7 07       		.uleb128 0x7
 313 00d8 3B030000 		.4byte	.LASF19
 314 00dc 03       		.byte	0x3
 315 00dd 49       		.byte	0x49
 316 00de 6B000000 		.4byte	0x6b
 317 00e2 08       		.byte	0x8
 318 00e3 07       		.uleb128 0x7
 319 00e4 4E030000 		.4byte	.LASF20
 320 00e8 03       		.byte	0x3
 321 00e9 4F       		.byte	0x4f
 322 00ea 6B000000 		.4byte	0x6b
 323 00ee 09       		.byte	0x9
 324 00ef 00       		.byte	0
 325 00f0 08       		.uleb128 0x8
 326 00f1 6C020000 		.4byte	.LASF21
 327 00f5 03       		.byte	0x3
 328 00f6 53       		.byte	0x53
 329 00f7 B7000000 		.4byte	0xb7
 330 00fb 09       		.uleb128 0x9
 331 00fc 32000000 		.4byte	.LASF22
 332 0100 01       		.byte	0x1
 333 0101 2B       		.byte	0x2b
 334 0102 00000000 		.4byte	.LFB1
 335 0106 20000000 		.4byte	.LFE1-.LFB1
 336 010a 01       		.uleb128 0x1
 337 010b 9C       		.byte	0x9c
 338 010c 23010000 		.4byte	0x123
 339 0110 0A       		.uleb128 0xa
 340 0111 06000000 		.4byte	.LVL0
 341 0115 AC010000 		.4byte	0x1ac
 342 0119 0A       		.uleb128 0xa
 343 011a 14000000 		.4byte	.LVL1
 344 011e B7010000 		.4byte	0x1b7
ARM GAS  C:\Users\RYANCA~1\AppData\Local\Temp\ccMl57GZ.s 			page 10


 345 0122 00       		.byte	0
 346 0123 09       		.uleb128 0x9
 347 0124 11000000 		.4byte	.LASF23
 348 0128 01       		.byte	0x1
 349 0129 4D       		.byte	0x4d
 350 012a 00000000 		.4byte	.LFB2
 351 012e 20000000 		.4byte	.LFE2-.LFB2
 352 0132 01       		.uleb128 0x1
 353 0133 9C       		.byte	0x9c
 354 0134 4B010000 		.4byte	0x14b
 355 0138 0A       		.uleb128 0xa
 356 0139 0A000000 		.4byte	.LVL2
 357 013d C2010000 		.4byte	0x1c2
 358 0141 0A       		.uleb128 0xa
 359 0142 16000000 		.4byte	.LVL3
 360 0146 CD010000 		.4byte	0x1cd
 361 014a 00       		.byte	0
 362 014b 09       		.uleb128 0x9
 363 014c 7A010000 		.4byte	.LASF24
 364 0150 01       		.byte	0x1
 365 0151 70       		.byte	0x70
 366 0152 00000000 		.4byte	.LFB3
 367 0156 28000000 		.4byte	.LFE3-.LFB3
 368 015a 01       		.uleb128 0x1
 369 015b 9C       		.byte	0x9c
 370 015c 73010000 		.4byte	0x173
 371 0160 0A       		.uleb128 0xa
 372 0161 1A000000 		.4byte	.LVL4
 373 0165 D8010000 		.4byte	0x1d8
 374 0169 0A       		.uleb128 0xa
 375 016a 1E000000 		.4byte	.LVL5
 376 016e FB000000 		.4byte	0xfb
 377 0172 00       		.byte	0
 378 0173 09       		.uleb128 0x9
 379 0174 86000000 		.4byte	.LASF25
 380 0178 01       		.byte	0x1
 381 0179 96       		.byte	0x96
 382 017a 00000000 		.4byte	.LFB4
 383 017e 18000000 		.4byte	.LFE4-.LFB4
 384 0182 01       		.uleb128 0x1
 385 0183 9C       		.byte	0x9c
 386 0184 9B010000 		.4byte	0x19b
 387 0188 0A       		.uleb128 0xa
 388 0189 06000000 		.4byte	.LVL6
 389 018d 23010000 		.4byte	0x123
 390 0191 0A       		.uleb128 0xa
 391 0192 12000000 		.4byte	.LVL7
 392 0196 E3010000 		.4byte	0x1e3
 393 019a 00       		.byte	0
 394 019b 0B       		.uleb128 0xb
 395 019c 63000000 		.4byte	.LASF35
 396 01a0 01       		.byte	0x1
 397 01a1 15       		.byte	0x15
 398 01a2 F0000000 		.4byte	0xf0
 399 01a6 05       		.uleb128 0x5
 400 01a7 03       		.byte	0x3
 401 01a8 00000000 		.4byte	ReadyToDrive_Timer_backup
ARM GAS  C:\Users\RYANCA~1\AppData\Local\Temp\ccMl57GZ.s 			page 11


 402 01ac 0C       		.uleb128 0xc
 403 01ad A6000000 		.4byte	.LASF26
 404 01b1 A6000000 		.4byte	.LASF26
 405 01b5 03       		.byte	0x3
 406 01b6 69       		.byte	0x69
 407 01b7 0C       		.uleb128 0xc
 408 01b8 93010000 		.4byte	.LASF27
 409 01bc 93010000 		.4byte	.LASF27
 410 01c0 03       		.byte	0x3
 411 01c1 63       		.byte	0x63
 412 01c2 0C       		.uleb128 0xc
 413 01c3 2B010000 		.4byte	.LASF28
 414 01c7 2B010000 		.4byte	.LASF28
 415 01cb 03       		.byte	0x3
 416 01cc 6A       		.byte	0x6a
 417 01cd 0C       		.uleb128 0xc
 418 01ce 4B010000 		.4byte	.LASF29
 419 01d2 4B010000 		.4byte	.LASF29
 420 01d6 03       		.byte	0x3
 421 01d7 64       		.byte	0x64
 422 01d8 0C       		.uleb128 0xc
 423 01d9 01020000 		.4byte	.LASF30
 424 01dd 01020000 		.4byte	.LASF30
 425 01e1 03       		.byte	0x3
 426 01e2 5B       		.byte	0x5b
 427 01e3 0C       		.uleb128 0xc
 428 01e4 52020000 		.4byte	.LASF31
 429 01e8 52020000 		.4byte	.LASF31
 430 01ec 03       		.byte	0x3
 431 01ed 8B       		.byte	0x8b
 432 01ee 00       		.byte	0
 433              		.section	.debug_abbrev,"",%progbits
 434              	.Ldebug_abbrev0:
 435 0000 01       		.uleb128 0x1
 436 0001 11       		.uleb128 0x11
 437 0002 01       		.byte	0x1
 438 0003 25       		.uleb128 0x25
 439 0004 0E       		.uleb128 0xe
 440 0005 13       		.uleb128 0x13
 441 0006 0B       		.uleb128 0xb
 442 0007 03       		.uleb128 0x3
 443 0008 0E       		.uleb128 0xe
 444 0009 1B       		.uleb128 0x1b
 445 000a 0E       		.uleb128 0xe
 446 000b 55       		.uleb128 0x55
 447 000c 17       		.uleb128 0x17
 448 000d 11       		.uleb128 0x11
 449 000e 01       		.uleb128 0x1
 450 000f 10       		.uleb128 0x10
 451 0010 17       		.uleb128 0x17
 452 0011 00       		.byte	0
 453 0012 00       		.byte	0
 454 0013 02       		.uleb128 0x2
 455 0014 24       		.uleb128 0x24
 456 0015 00       		.byte	0
 457 0016 0B       		.uleb128 0xb
 458 0017 0B       		.uleb128 0xb
ARM GAS  C:\Users\RYANCA~1\AppData\Local\Temp\ccMl57GZ.s 			page 12


 459 0018 3E       		.uleb128 0x3e
 460 0019 0B       		.uleb128 0xb
 461 001a 03       		.uleb128 0x3
 462 001b 0E       		.uleb128 0xe
 463 001c 00       		.byte	0
 464 001d 00       		.byte	0
 465 001e 03       		.uleb128 0x3
 466 001f 24       		.uleb128 0x24
 467 0020 00       		.byte	0
 468 0021 0B       		.uleb128 0xb
 469 0022 0B       		.uleb128 0xb
 470 0023 3E       		.uleb128 0x3e
 471 0024 0B       		.uleb128 0xb
 472 0025 03       		.uleb128 0x3
 473 0026 08       		.uleb128 0x8
 474 0027 00       		.byte	0
 475 0028 00       		.byte	0
 476 0029 04       		.uleb128 0x4
 477 002a 16       		.uleb128 0x16
 478 002b 00       		.byte	0
 479 002c 03       		.uleb128 0x3
 480 002d 0E       		.uleb128 0xe
 481 002e 3A       		.uleb128 0x3a
 482 002f 0B       		.uleb128 0xb
 483 0030 3B       		.uleb128 0x3b
 484 0031 05       		.uleb128 0x5
 485 0032 49       		.uleb128 0x49
 486 0033 13       		.uleb128 0x13
 487 0034 00       		.byte	0
 488 0035 00       		.byte	0
 489 0036 05       		.uleb128 0x5
 490 0037 35       		.uleb128 0x35
 491 0038 00       		.byte	0
 492 0039 49       		.uleb128 0x49
 493 003a 13       		.uleb128 0x13
 494 003b 00       		.byte	0
 495 003c 00       		.byte	0
 496 003d 06       		.uleb128 0x6
 497 003e 13       		.uleb128 0x13
 498 003f 01       		.byte	0x1
 499 0040 0B       		.uleb128 0xb
 500 0041 0B       		.uleb128 0xb
 501 0042 3A       		.uleb128 0x3a
 502 0043 0B       		.uleb128 0xb
 503 0044 3B       		.uleb128 0x3b
 504 0045 0B       		.uleb128 0xb
 505 0046 01       		.uleb128 0x1
 506 0047 13       		.uleb128 0x13
 507 0048 00       		.byte	0
 508 0049 00       		.byte	0
 509 004a 07       		.uleb128 0x7
 510 004b 0D       		.uleb128 0xd
 511 004c 00       		.byte	0
 512 004d 03       		.uleb128 0x3
 513 004e 0E       		.uleb128 0xe
 514 004f 3A       		.uleb128 0x3a
 515 0050 0B       		.uleb128 0xb
ARM GAS  C:\Users\RYANCA~1\AppData\Local\Temp\ccMl57GZ.s 			page 13


 516 0051 3B       		.uleb128 0x3b
 517 0052 0B       		.uleb128 0xb
 518 0053 49       		.uleb128 0x49
 519 0054 13       		.uleb128 0x13
 520 0055 38       		.uleb128 0x38
 521 0056 0B       		.uleb128 0xb
 522 0057 00       		.byte	0
 523 0058 00       		.byte	0
 524 0059 08       		.uleb128 0x8
 525 005a 16       		.uleb128 0x16
 526 005b 00       		.byte	0
 527 005c 03       		.uleb128 0x3
 528 005d 0E       		.uleb128 0xe
 529 005e 3A       		.uleb128 0x3a
 530 005f 0B       		.uleb128 0xb
 531 0060 3B       		.uleb128 0x3b
 532 0061 0B       		.uleb128 0xb
 533 0062 49       		.uleb128 0x49
 534 0063 13       		.uleb128 0x13
 535 0064 00       		.byte	0
 536 0065 00       		.byte	0
 537 0066 09       		.uleb128 0x9
 538 0067 2E       		.uleb128 0x2e
 539 0068 01       		.byte	0x1
 540 0069 3F       		.uleb128 0x3f
 541 006a 19       		.uleb128 0x19
 542 006b 03       		.uleb128 0x3
 543 006c 0E       		.uleb128 0xe
 544 006d 3A       		.uleb128 0x3a
 545 006e 0B       		.uleb128 0xb
 546 006f 3B       		.uleb128 0x3b
 547 0070 0B       		.uleb128 0xb
 548 0071 27       		.uleb128 0x27
 549 0072 19       		.uleb128 0x19
 550 0073 11       		.uleb128 0x11
 551 0074 01       		.uleb128 0x1
 552 0075 12       		.uleb128 0x12
 553 0076 06       		.uleb128 0x6
 554 0077 40       		.uleb128 0x40
 555 0078 18       		.uleb128 0x18
 556 0079 9742     		.uleb128 0x2117
 557 007b 19       		.uleb128 0x19
 558 007c 01       		.uleb128 0x1
 559 007d 13       		.uleb128 0x13
 560 007e 00       		.byte	0
 561 007f 00       		.byte	0
 562 0080 0A       		.uleb128 0xa
 563 0081 898201   		.uleb128 0x4109
 564 0084 00       		.byte	0
 565 0085 11       		.uleb128 0x11
 566 0086 01       		.uleb128 0x1
 567 0087 31       		.uleb128 0x31
 568 0088 13       		.uleb128 0x13
 569 0089 00       		.byte	0
 570 008a 00       		.byte	0
 571 008b 0B       		.uleb128 0xb
 572 008c 34       		.uleb128 0x34
ARM GAS  C:\Users\RYANCA~1\AppData\Local\Temp\ccMl57GZ.s 			page 14


 573 008d 00       		.byte	0
 574 008e 03       		.uleb128 0x3
 575 008f 0E       		.uleb128 0xe
 576 0090 3A       		.uleb128 0x3a
 577 0091 0B       		.uleb128 0xb
 578 0092 3B       		.uleb128 0x3b
 579 0093 0B       		.uleb128 0xb
 580 0094 49       		.uleb128 0x49
 581 0095 13       		.uleb128 0x13
 582 0096 02       		.uleb128 0x2
 583 0097 18       		.uleb128 0x18
 584 0098 00       		.byte	0
 585 0099 00       		.byte	0
 586 009a 0C       		.uleb128 0xc
 587 009b 2E       		.uleb128 0x2e
 588 009c 00       		.byte	0
 589 009d 3F       		.uleb128 0x3f
 590 009e 19       		.uleb128 0x19
 591 009f 3C       		.uleb128 0x3c
 592 00a0 19       		.uleb128 0x19
 593 00a1 6E       		.uleb128 0x6e
 594 00a2 0E       		.uleb128 0xe
 595 00a3 03       		.uleb128 0x3
 596 00a4 0E       		.uleb128 0xe
 597 00a5 3A       		.uleb128 0x3a
 598 00a6 0B       		.uleb128 0xb
 599 00a7 3B       		.uleb128 0x3b
 600 00a8 0B       		.uleb128 0xb
 601 00a9 00       		.byte	0
 602 00aa 00       		.byte	0
 603 00ab 00       		.byte	0
 604              		.section	.debug_aranges,"",%progbits
 605 0000 34000000 		.4byte	0x34
 606 0004 0200     		.2byte	0x2
 607 0006 00000000 		.4byte	.Ldebug_info0
 608 000a 04       		.byte	0x4
 609 000b 00       		.byte	0
 610 000c 0000     		.2byte	0
 611 000e 0000     		.2byte	0
 612 0010 00000000 		.4byte	.LFB1
 613 0014 20000000 		.4byte	.LFE1-.LFB1
 614 0018 00000000 		.4byte	.LFB2
 615 001c 20000000 		.4byte	.LFE2-.LFB2
 616 0020 00000000 		.4byte	.LFB3
 617 0024 28000000 		.4byte	.LFE3-.LFB3
 618 0028 00000000 		.4byte	.LFB4
 619 002c 18000000 		.4byte	.LFE4-.LFB4
 620 0030 00000000 		.4byte	0
 621 0034 00000000 		.4byte	0
 622              		.section	.debug_ranges,"",%progbits
 623              	.Ldebug_ranges0:
 624 0000 00000000 		.4byte	.LFB1
 625 0004 20000000 		.4byte	.LFE1
 626 0008 00000000 		.4byte	.LFB2
 627 000c 20000000 		.4byte	.LFE2
 628 0010 00000000 		.4byte	.LFB3
 629 0014 28000000 		.4byte	.LFE3
ARM GAS  C:\Users\RYANCA~1\AppData\Local\Temp\ccMl57GZ.s 			page 15


 630 0018 00000000 		.4byte	.LFB4
 631 001c 18000000 		.4byte	.LFE4
 632 0020 00000000 		.4byte	0
 633 0024 00000000 		.4byte	0
 634              		.section	.debug_line,"",%progbits
 635              	.Ldebug_line0:
 636 0000 D0000000 		.section	.debug_str,"MS",%progbits,1
 636      02006A00 
 636      00000201 
 636      FB0E0D00 
 636      01010101 
 637              	.LASF17:
 638 0000 54696D65 		.ascii	"TimerEnableState\000"
 638      72456E61 
 638      626C6553 
 638      74617465 
 638      00
 639              	.LASF23:
 640 0011 52656164 		.ascii	"ReadyToDrive_Timer_RestoreConfig\000"
 640      79546F44 
 640      72697665 
 640      5F54696D 
 640      65725F52 
 641              	.LASF22:
 642 0032 52656164 		.ascii	"ReadyToDrive_Timer_SaveConfig\000"
 642      79546F44 
 642      72697665 
 642      5F54696D 
 642      65725F53 
 643              	.LASF3:
 644 0050 73686F72 		.ascii	"short unsigned int\000"
 644      7420756E 
 644      7369676E 
 644      65642069 
 644      6E7400
 645              	.LASF35:
 646 0063 52656164 		.ascii	"ReadyToDrive_Timer_backup\000"
 646      79546F44 
 646      72697665 
 646      5F54696D 
 646      65725F62 
 647              	.LASF18:
 648 007d 54696D65 		.ascii	"TimerUdb\000"
 648      72556462 
 648      00
 649              	.LASF25:
 650 0086 52656164 		.ascii	"ReadyToDrive_Timer_Wakeup\000"
 650      79546F44 
 650      72697665 
 650      5F54696D 
 650      65725F57 
 651              	.LASF11:
 652 00a0 666C6F61 		.ascii	"float\000"
 652      7400
 653              	.LASF26:
 654 00a6 52656164 		.ascii	"ReadyToDrive_Timer_ReadCounter\000"
 654      79546F44 
ARM GAS  C:\Users\RYANCA~1\AppData\Local\Temp\ccMl57GZ.s 			page 16


 654      72697665 
 654      5F54696D 
 654      65725F52 
 655              	.LASF1:
 656 00c5 756E7369 		.ascii	"unsigned char\000"
 656      676E6564 
 656      20636861 
 656      7200
 657              	.LASF34:
 658 00d3 5C5C4D61 		.ascii	"\\\\Mac\\Home\\Desktop\\Dashboard-Firmware-FE10\\Da"
 658      635C486F 
 658      6D655C44 
 658      65736B74 
 658      6F705C44 
 659 0100 7368626F 		.ascii	"shboard.cydsn\000"
 659      6172642E 
 659      63796473 
 659      6E00
 660              	.LASF14:
 661 010e 72656738 		.ascii	"reg8\000"
 661      00
 662              	.LASF5:
 663 0113 6C6F6E67 		.ascii	"long unsigned int\000"
 663      20756E73 
 663      69676E65 
 663      6420696E 
 663      7400
 664              	.LASF9:
 665 0125 75696E74 		.ascii	"uint8\000"
 665      3800
 666              	.LASF28:
 667 012b 52656164 		.ascii	"ReadyToDrive_Timer_WriteCounter\000"
 667      79546F44 
 667      72697665 
 667      5F54696D 
 667      65725F57 
 668              	.LASF29:
 669 014b 52656164 		.ascii	"ReadyToDrive_Timer_WriteControlRegister\000"
 669      79546F44 
 669      72697665 
 669      5F54696D 
 669      65725F57 
 670              	.LASF12:
 671 0173 646F7562 		.ascii	"double\000"
 671      6C6500
 672              	.LASF24:
 673 017a 52656164 		.ascii	"ReadyToDrive_Timer_Sleep\000"
 673      79546F44 
 673      72697665 
 673      5F54696D 
 673      65725F53 
 674              	.LASF27:
 675 0193 52656164 		.ascii	"ReadyToDrive_Timer_ReadControlRegister\000"
 675      79546F44 
 675      72697665 
 675      5F54696D 
 675      65725F52 
ARM GAS  C:\Users\RYANCA~1\AppData\Local\Temp\ccMl57GZ.s 			page 17


 676              	.LASF10:
 677 01ba 75696E74 		.ascii	"uint32\000"
 677      333200
 678              	.LASF8:
 679 01c1 756E7369 		.ascii	"unsigned int\000"
 679      676E6564 
 679      20696E74 
 679      00
 680              	.LASF7:
 681 01ce 6C6F6E67 		.ascii	"long long unsigned int\000"
 681      206C6F6E 
 681      6720756E 
 681      7369676E 
 681      65642069 
 682              	.LASF16:
 683 01e5 73697A65 		.ascii	"sizetype\000"
 683      74797065 
 683      00
 684              	.LASF6:
 685 01ee 6C6F6E67 		.ascii	"long long int\000"
 685      206C6F6E 
 685      6720696E 
 685      7400
 686              	.LASF13:
 687 01fc 63686172 		.ascii	"char\000"
 687      00
 688              	.LASF30:
 689 0201 52656164 		.ascii	"ReadyToDrive_Timer_Stop\000"
 689      79546F44 
 689      72697665 
 689      5F54696D 
 689      65725F53 
 690              	.LASF33:
 691 0219 47656E65 		.ascii	"Generated_Source\\PSoC4\\ReadyToDrive_Timer_PM.c\000"
 691      72617465 
 691      645F536F 
 691      75726365 
 691      5C50536F 
 692              	.LASF2:
 693 0248 73686F72 		.ascii	"short int\000"
 693      7420696E 
 693      7400
 694              	.LASF31:
 695 0252 52656164 		.ascii	"ReadyToDrive_Timer_Enable\000"
 695      79546F44 
 695      72697665 
 695      5F54696D 
 695      65725F45 
 696              	.LASF21:
 697 026c 52656164 		.ascii	"ReadyToDrive_Timer_backupStruct\000"
 697      79546F44 
 697      72697665 
 697      5F54696D 
 697      65725F62 
 698              	.LASF4:
 699 028c 6C6F6E67 		.ascii	"long int\000"
 699      20696E74 
ARM GAS  C:\Users\RYANCA~1\AppData\Local\Temp\ccMl57GZ.s 			page 18


 699      00
 700              	.LASF15:
 701 0295 6C6F6E67 		.ascii	"long double\000"
 701      20646F75 
 701      626C6500 
 702              	.LASF0:
 703 02a1 7369676E 		.ascii	"signed char\000"
 703      65642063 
 703      68617200 
 704              	.LASF32:
 705 02ad 474E5520 		.ascii	"GNU C11 5.4.1 20160609 (release) [ARM/embedded-5-br"
 705      43313120 
 705      352E342E 
 705      31203230 
 705      31363036 
 706 02e0 616E6368 		.ascii	"anch revision 237715] -mcpu=cortex-m0 -mthumb -g -O"
 706      20726576 
 706      6973696F 
 706      6E203233 
 706      37373135 
 707 0313 73202D66 		.ascii	"s -ffunction-sections -ffat-lto-objects\000"
 707      66756E63 
 707      74696F6E 
 707      2D736563 
 707      74696F6E 
 708              	.LASF19:
 709 033b 496E7465 		.ascii	"InterruptMaskValue\000"
 709      72727570 
 709      744D6173 
 709      6B56616C 
 709      756500
 710              	.LASF20:
 711 034e 54696D65 		.ascii	"TimerControlRegister\000"
 711      72436F6E 
 711      74726F6C 
 711      52656769 
 711      73746572 
 712              		.ident	"GCC: (GNU Tools for ARM Embedded Processors) 5.4.1 20160609 (release) [ARM/embedded-5-bran
