ARM GAS  C:\Users\RYANCA~1\AppData\Local\Temp\cccirzIQ.s 			page 1


   1              		.syntax unified
   2              		.cpu cortex-m0
   3              		.fpu softvfp
   4              		.eabi_attribute 20, 1
   5              		.eabi_attribute 21, 1
   6              		.eabi_attribute 23, 3
   7              		.eabi_attribute 24, 1
   8              		.eabi_attribute 25, 1
   9              		.eabi_attribute 26, 1
  10              		.eabi_attribute 30, 4
  11              		.eabi_attribute 34, 0
  12              		.eabi_attribute 18, 4
  13              		.thumb
  14              		.syntax unified
  15              		.file	"CAN_PM.c"
  16              		.text
  17              	.Ltext0:
  18              		.cfi_sections	.debug_frame
  19              		.section	.text.CAN_SaveConfig,"ax",%progbits
  20              		.align	1
  21              		.global	CAN_SaveConfig
  22              		.code	16
  23              		.thumb_func
  24              		.type	CAN_SaveConfig, %function
  25              	CAN_SaveConfig:
  26              	.LFB6:
  27              		.cfi_startproc
  28              		@ args = 0, pretend = 0, frame = 0
  29              		@ frame_needed = 0, uses_anonymous_args = 0
  30              		@ link register save eliminated.
  31              		@ sp needed
  32 0000 7047     		bx	lr
  33              		.cfi_endproc
  34              	.LFE6:
  35              		.size	CAN_SaveConfig, .-CAN_SaveConfig
  36              		.section	.text.CAN_RestoreConfig,"ax",%progbits
  37              		.align	1
  38              		.global	CAN_RestoreConfig
  39              		.code	16
  40              		.thumb_func
  41              		.type	CAN_RestoreConfig, %function
  42              	CAN_RestoreConfig:
  43              	.LFB2:
  44              		.file 1 "Generated_Source\\PSoC4\\CAN_PM.c"
   1:Generated_Source\PSoC4/CAN_PM.c **** /*******************************************************************************
   2:Generated_Source\PSoC4/CAN_PM.c **** * File Name: CAN_PM.c
   3:Generated_Source\PSoC4/CAN_PM.c **** * Version 3.0
   4:Generated_Source\PSoC4/CAN_PM.c **** *
   5:Generated_Source\PSoC4/CAN_PM.c **** * Description:
   6:Generated_Source\PSoC4/CAN_PM.c **** *  This file contains the setup, control and status commands to support
   7:Generated_Source\PSoC4/CAN_PM.c **** *  component operations in the low power mode.
   8:Generated_Source\PSoC4/CAN_PM.c **** *
   9:Generated_Source\PSoC4/CAN_PM.c **** * Note:
  10:Generated_Source\PSoC4/CAN_PM.c **** *
  11:Generated_Source\PSoC4/CAN_PM.c **** ********************************************************************************
  12:Generated_Source\PSoC4/CAN_PM.c **** * Copyright 2008-2015, Cypress Semiconductor Corporation.  All rights reserved.
  13:Generated_Source\PSoC4/CAN_PM.c **** * You may use this file only in accordance with the license, terms, conditions,
ARM GAS  C:\Users\RYANCA~1\AppData\Local\Temp\cccirzIQ.s 			page 2


  14:Generated_Source\PSoC4/CAN_PM.c **** * disclaimers, and limitations in the end user license agreement accompanying
  15:Generated_Source\PSoC4/CAN_PM.c **** * the software package with which this file was provided.
  16:Generated_Source\PSoC4/CAN_PM.c **** *******************************************************************************/
  17:Generated_Source\PSoC4/CAN_PM.c **** 
  18:Generated_Source\PSoC4/CAN_PM.c **** #include "CAN.h"
  19:Generated_Source\PSoC4/CAN_PM.c **** 
  20:Generated_Source\PSoC4/CAN_PM.c **** static CAN_BACKUP_STRUCT CAN_backup =
  21:Generated_Source\PSoC4/CAN_PM.c **** {
  22:Generated_Source\PSoC4/CAN_PM.c ****     0u,
  23:Generated_Source\PSoC4/CAN_PM.c ****     #if (CY_PSOC3 || CY_PSOC5)
  24:Generated_Source\PSoC4/CAN_PM.c ****         0u,
  25:Generated_Source\PSoC4/CAN_PM.c ****         CAN_INIT_INTERRUPT_MASK,
  26:Generated_Source\PSoC4/CAN_PM.c ****         CAN_MODE_MASK,
  27:Generated_Source\PSoC4/CAN_PM.c ****         (((uint32) ((uint32) CAN_SYNC_EDGE    << CAN_EDGE_MODE_SHIFT))     |
  28:Generated_Source\PSoC4/CAN_PM.c ****         ((uint32) ((uint32) CAN_SAMPLING_MODE << CAN_SAMPLE_MODE_SHIFT))   |
  29:Generated_Source\PSoC4/CAN_PM.c ****         ((uint32) ((uint32) CAN_CFG_REG_SJW   << CAN_CFG_REG_SJW_SHIFT))   |
  30:Generated_Source\PSoC4/CAN_PM.c ****         ((uint32) ((uint32) CAN_RESET_TYPE    << CAN_RESET_SHIFT))         |
  31:Generated_Source\PSoC4/CAN_PM.c ****         ((uint32) ((uint32) CAN_CFG_REG_TSEG2 << CAN_CFG_REG_TSEG2_SHIFT)) |
  32:Generated_Source\PSoC4/CAN_PM.c ****         ((uint32) ((uint32) CAN_CFG_REG_TSEG1 << CAN_CFG_REG_TSEG1_SHIFT)) |
  33:Generated_Source\PSoC4/CAN_PM.c ****         ((uint32) ((uint32) CAN_ARBITER       << CAN_ARBITER_SHIFT))       |
  34:Generated_Source\PSoC4/CAN_PM.c ****         ((uint32) ((uint32) CAN_BITRATE       << CAN_BITRATE_SHIFT)))
  35:Generated_Source\PSoC4/CAN_PM.c ****     #endif /* CY_PSOC3 || CY_PSOC5 */
  36:Generated_Source\PSoC4/CAN_PM.c **** };
  37:Generated_Source\PSoC4/CAN_PM.c **** 
  38:Generated_Source\PSoC4/CAN_PM.c **** 
  39:Generated_Source\PSoC4/CAN_PM.c **** /*******************************************************************************
  40:Generated_Source\PSoC4/CAN_PM.c **** * Function Name: CAN_SaveConfig
  41:Generated_Source\PSoC4/CAN_PM.c **** ********************************************************************************
  42:Generated_Source\PSoC4/CAN_PM.c **** *
  43:Generated_Source\PSoC4/CAN_PM.c **** * Summary:
  44:Generated_Source\PSoC4/CAN_PM.c **** *  Save the CAN configuration.
  45:Generated_Source\PSoC4/CAN_PM.c **** *
  46:Generated_Source\PSoC4/CAN_PM.c **** * Parameters:
  47:Generated_Source\PSoC4/CAN_PM.c **** *  None.
  48:Generated_Source\PSoC4/CAN_PM.c **** *
  49:Generated_Source\PSoC4/CAN_PM.c **** * Return:
  50:Generated_Source\PSoC4/CAN_PM.c **** *  None.
  51:Generated_Source\PSoC4/CAN_PM.c **** *
  52:Generated_Source\PSoC4/CAN_PM.c **** * Global Variables:
  53:Generated_Source\PSoC4/CAN_PM.c **** *  CAN_backup - Modified when non-retention registers are saved.
  54:Generated_Source\PSoC4/CAN_PM.c **** *
  55:Generated_Source\PSoC4/CAN_PM.c **** * Reentrant:
  56:Generated_Source\PSoC4/CAN_PM.c **** *  No.
  57:Generated_Source\PSoC4/CAN_PM.c **** *
  58:Generated_Source\PSoC4/CAN_PM.c **** *******************************************************************************/
  59:Generated_Source\PSoC4/CAN_PM.c **** void CAN_SaveConfig(void) 
  60:Generated_Source\PSoC4/CAN_PM.c **** {
  61:Generated_Source\PSoC4/CAN_PM.c ****     #if (CY_PSOC3 || CY_PSOC5)
  62:Generated_Source\PSoC4/CAN_PM.c ****         CAN_backup.intSr = (CY_GET_REG32(CAN_INT_SR_PTR));
  63:Generated_Source\PSoC4/CAN_PM.c ****         CAN_backup.intEn = (CY_GET_REG32(CAN_INT_EN_PTR));
  64:Generated_Source\PSoC4/CAN_PM.c ****         CAN_backup.cmd = (CY_GET_REG32(CAN_CMD_PTR));
  65:Generated_Source\PSoC4/CAN_PM.c ****         CAN_backup.cfg = (CY_GET_REG32(CAN_CFG_PTR));
  66:Generated_Source\PSoC4/CAN_PM.c ****     #endif /* CY_PSOC3 || CY_PSOC5 */
  67:Generated_Source\PSoC4/CAN_PM.c **** }
  68:Generated_Source\PSoC4/CAN_PM.c **** 
  69:Generated_Source\PSoC4/CAN_PM.c **** 
  70:Generated_Source\PSoC4/CAN_PM.c **** /*******************************************************************************
ARM GAS  C:\Users\RYANCA~1\AppData\Local\Temp\cccirzIQ.s 			page 3


  71:Generated_Source\PSoC4/CAN_PM.c **** * Function Name: CAN_RestoreConfig
  72:Generated_Source\PSoC4/CAN_PM.c **** ********************************************************************************
  73:Generated_Source\PSoC4/CAN_PM.c **** *
  74:Generated_Source\PSoC4/CAN_PM.c **** * Summary:
  75:Generated_Source\PSoC4/CAN_PM.c **** *  Restore the CAN configuration.
  76:Generated_Source\PSoC4/CAN_PM.c **** *
  77:Generated_Source\PSoC4/CAN_PM.c **** * Parameters:
  78:Generated_Source\PSoC4/CAN_PM.c **** *  None.
  79:Generated_Source\PSoC4/CAN_PM.c **** *
  80:Generated_Source\PSoC4/CAN_PM.c **** * Return:
  81:Generated_Source\PSoC4/CAN_PM.c **** *  None.
  82:Generated_Source\PSoC4/CAN_PM.c **** *
  83:Generated_Source\PSoC4/CAN_PM.c **** * Global Variables:
  84:Generated_Source\PSoC4/CAN_PM.c **** *  CAN_backup - Used when non-retention registers are restored.
  85:Generated_Source\PSoC4/CAN_PM.c **** *
  86:Generated_Source\PSoC4/CAN_PM.c **** * Side Effects:
  87:Generated_Source\PSoC4/CAN_PM.c **** *  If this API is called without first calling SaveConfig then default values
  88:Generated_Source\PSoC4/CAN_PM.c **** *  from Customizer will be in the following registers: CAN_INT_SR,
  89:Generated_Source\PSoC4/CAN_PM.c **** *  CAN_INT_EN, CAN_CMD, CAN_CFG.
  90:Generated_Source\PSoC4/CAN_PM.c **** *
  91:Generated_Source\PSoC4/CAN_PM.c **** *******************************************************************************/
  92:Generated_Source\PSoC4/CAN_PM.c **** void CAN_RestoreConfig(void) 
  93:Generated_Source\PSoC4/CAN_PM.c **** {
  45              		.loc 1 93 0
  46              		.cfi_startproc
  47              		@ args = 0, pretend = 0, frame = 0
  48              		@ frame_needed = 0, uses_anonymous_args = 0
  49              		@ link register save eliminated.
  94:Generated_Source\PSoC4/CAN_PM.c ****     #if (CY_PSOC3 || CY_PSOC5)
  95:Generated_Source\PSoC4/CAN_PM.c ****         CY_SET_REG32(CAN_INT_SR_PTR, CAN_backup.intSr);
  96:Generated_Source\PSoC4/CAN_PM.c ****         CY_SET_REG32(CAN_INT_EN_PTR, CAN_backup.intEn);
  97:Generated_Source\PSoC4/CAN_PM.c ****         CY_SET_REG32(CAN_CMD_PTR, CAN_backup.cmd);
  98:Generated_Source\PSoC4/CAN_PM.c ****         CY_SET_REG32(CAN_CFG_PTR, CAN_backup.cfg);
  99:Generated_Source\PSoC4/CAN_PM.c ****     #endif /* CY_PSOC3 || CY_PSOC5 */
 100:Generated_Source\PSoC4/CAN_PM.c **** }
  50              		.loc 1 100 0
  51              		@ sp needed
  52 0000 7047     		bx	lr
  53              		.cfi_endproc
  54              	.LFE2:
  55              		.size	CAN_RestoreConfig, .-CAN_RestoreConfig
  56              		.section	.text.CAN_Sleep,"ax",%progbits
  57              		.align	1
  58              		.global	CAN_Sleep
  59              		.code	16
  60              		.thumb_func
  61              		.type	CAN_Sleep, %function
  62              	CAN_Sleep:
  63              	.LFB3:
 101:Generated_Source\PSoC4/CAN_PM.c **** 
 102:Generated_Source\PSoC4/CAN_PM.c **** 
 103:Generated_Source\PSoC4/CAN_PM.c **** /*******************************************************************************
 104:Generated_Source\PSoC4/CAN_PM.c **** * Function Name: CAN_Sleep
 105:Generated_Source\PSoC4/CAN_PM.c **** ********************************************************************************
 106:Generated_Source\PSoC4/CAN_PM.c **** *
 107:Generated_Source\PSoC4/CAN_PM.c **** * Summary:
 108:Generated_Source\PSoC4/CAN_PM.c **** *  Prepares CAN Component to go to sleep.
ARM GAS  C:\Users\RYANCA~1\AppData\Local\Temp\cccirzIQ.s 			page 4


 109:Generated_Source\PSoC4/CAN_PM.c **** *
 110:Generated_Source\PSoC4/CAN_PM.c **** * Parameters:
 111:Generated_Source\PSoC4/CAN_PM.c **** *  None.
 112:Generated_Source\PSoC4/CAN_PM.c **** *
 113:Generated_Source\PSoC4/CAN_PM.c **** * Return:
 114:Generated_Source\PSoC4/CAN_PM.c **** *  None.
 115:Generated_Source\PSoC4/CAN_PM.c **** *
 116:Generated_Source\PSoC4/CAN_PM.c **** * Global Variables:
 117:Generated_Source\PSoC4/CAN_PM.c **** *  CAN_backup - Modified when non-retention registers are saved.
 118:Generated_Source\PSoC4/CAN_PM.c **** *
 119:Generated_Source\PSoC4/CAN_PM.c **** * Reentrant:
 120:Generated_Source\PSoC4/CAN_PM.c **** *  No.
 121:Generated_Source\PSoC4/CAN_PM.c **** *
 122:Generated_Source\PSoC4/CAN_PM.c **** *******************************************************************************/
 123:Generated_Source\PSoC4/CAN_PM.c **** void CAN_Sleep(void) 
 124:Generated_Source\PSoC4/CAN_PM.c **** {
  64              		.loc 1 124 0
  65              		.cfi_startproc
  66              		@ args = 0, pretend = 0, frame = 0
  67              		@ frame_needed = 0, uses_anonymous_args = 0
 125:Generated_Source\PSoC4/CAN_PM.c ****     #if (!(CY_PSOC3 || CY_PSOC5))
 126:Generated_Source\PSoC4/CAN_PM.c ****         uint8 i;
 127:Generated_Source\PSoC4/CAN_PM.c ****     #endif /* (!(CY_PSOC3 || CY_PSOC5)) */
 128:Generated_Source\PSoC4/CAN_PM.c **** 
 129:Generated_Source\PSoC4/CAN_PM.c ****     if (0u != (CY_GET_REG32(CAN_CMD_PTR) & CAN_MODE_MASK))
  68              		.loc 1 129 0
  69 0000 0121     		movs	r1, #1
  70 0002 0C4B     		ldr	r3, .L9
 124:Generated_Source\PSoC4/CAN_PM.c ****     #if (!(CY_PSOC3 || CY_PSOC5))
  71              		.loc 1 124 0
  72 0004 10B5     		push	{r4, lr}
  73              		.cfi_def_cfa_offset 8
  74              		.cfi_offset 4, -8
  75              		.cfi_offset 14, -4
  76              		.loc 1 129 0
  77 0006 1B68     		ldr	r3, [r3]
  78 0008 0B4A     		ldr	r2, .L9+4
  79 000a 0B40     		ands	r3, r1
  80 000c 01D0     		beq	.L4
 130:Generated_Source\PSoC4/CAN_PM.c ****     {
 131:Generated_Source\PSoC4/CAN_PM.c ****         CAN_backup.enableState = 1u;
  81              		.loc 1 131 0
  82 000e 1170     		strb	r1, [r2]
  83 0010 00E0     		b	.L5
  84              	.L4:
 132:Generated_Source\PSoC4/CAN_PM.c ****     }
 133:Generated_Source\PSoC4/CAN_PM.c ****     else /* CAN block is disabled */
 134:Generated_Source\PSoC4/CAN_PM.c ****     {
 135:Generated_Source\PSoC4/CAN_PM.c ****         CAN_backup.enableState = 0u;
  85              		.loc 1 135 0
  86 0012 1370     		strb	r3, [r2]
  87              	.L5:
  88              	.LVL0:
 136:Generated_Source\PSoC4/CAN_PM.c ****     }
 137:Generated_Source\PSoC4/CAN_PM.c **** 
 138:Generated_Source\PSoC4/CAN_PM.c ****     #if (CY_PSOC3 || CY_PSOC5)
 139:Generated_Source\PSoC4/CAN_PM.c ****         CAN_SaveConfig();
ARM GAS  C:\Users\RYANCA~1\AppData\Local\Temp\cccirzIQ.s 			page 5


 140:Generated_Source\PSoC4/CAN_PM.c ****         (void) CAN_Stop();
 141:Generated_Source\PSoC4/CAN_PM.c ****     #else /* CY_PSOC4 */
 142:Generated_Source\PSoC4/CAN_PM.c ****         /* Abort respective pending TX message requests */
 143:Generated_Source\PSoC4/CAN_PM.c ****         for (i = 0u; i < CAN_NUMBER_OF_TX_MAILBOXES; i++)
 144:Generated_Source\PSoC4/CAN_PM.c ****         {
 145:Generated_Source\PSoC4/CAN_PM.c ****             CAN_TX_ABORT_MESSAGE(i);
  89              		.loc 1 145 0 discriminator 1
  90 0014 0324     		movs	r4, #3
  91 0016 0220     		movs	r0, #2
 124:Generated_Source\PSoC4/CAN_PM.c ****     #if (!(CY_PSOC3 || CY_PSOC5))
  92              		.loc 1 124 0 discriminator 1
  93 0018 084B     		ldr	r3, .L9+8
 143:Generated_Source\PSoC4/CAN_PM.c ****         {
  94              		.loc 1 143 0 discriminator 1
  95 001a 0949     		ldr	r1, .L9+12
  96              	.LVL1:
  97              	.L6:
  98              		.loc 1 145 0 discriminator 3
  99 001c 1A68     		ldr	r2, [r3]
 100 001e A243     		bics	r2, r4
 101 0020 0243     		orrs	r2, r0
 102 0022 1A60     		str	r2, [r3]
 103 0024 1033     		adds	r3, r3, #16
 143:Generated_Source\PSoC4/CAN_PM.c ****         {
 104              		.loc 1 143 0 discriminator 3
 105 0026 8B42     		cmp	r3, r1
 106 0028 F8D1     		bne	.L6
 146:Generated_Source\PSoC4/CAN_PM.c ****         }
 147:Generated_Source\PSoC4/CAN_PM.c **** 
 148:Generated_Source\PSoC4/CAN_PM.c ****         /* Sets CAN controller to Stop mode */
 149:Generated_Source\PSoC4/CAN_PM.c ****         (void) CAN_Stop();
 107              		.loc 1 149 0
 108 002a FFF7FEFF 		bl	CAN_Stop
 109              	.LVL2:
 150:Generated_Source\PSoC4/CAN_PM.c **** 
 151:Generated_Source\PSoC4/CAN_PM.c ****         /* Clear Global Interrupt enable Flag */
 152:Generated_Source\PSoC4/CAN_PM.c ****         (void) CAN_GlobalIntDisable();
 153:Generated_Source\PSoC4/CAN_PM.c ****     #endif /* CY_PSOC3 || CY_PSOC5 */
 154:Generated_Source\PSoC4/CAN_PM.c **** }
 110              		.loc 1 154 0
 111              		@ sp needed
 152:Generated_Source\PSoC4/CAN_PM.c ****     #endif /* CY_PSOC3 || CY_PSOC5 */
 112              		.loc 1 152 0
 113 002e FFF7FEFF 		bl	CAN_GlobalIntDisable
 114              	.LVL3:
 115              		.loc 1 154 0
 116 0032 10BD     		pop	{r4, pc}
 117              	.L10:
 118              		.align	2
 119              	.L9:
 120 0034 10002F40 		.word	1076822032
 121 0038 00000000 		.word	.LANCHOR0
 122 003c 20002F40 		.word	1076822048
 123 0040 A0002F40 		.word	1076822176
 124              		.cfi_endproc
 125              	.LFE3:
 126              		.size	CAN_Sleep, .-CAN_Sleep
ARM GAS  C:\Users\RYANCA~1\AppData\Local\Temp\cccirzIQ.s 			page 6


 127              		.section	.text.CAN_Wakeup,"ax",%progbits
 128              		.align	1
 129              		.global	CAN_Wakeup
 130              		.code	16
 131              		.thumb_func
 132              		.type	CAN_Wakeup, %function
 133              	CAN_Wakeup:
 134              	.LFB4:
 155:Generated_Source\PSoC4/CAN_PM.c **** 
 156:Generated_Source\PSoC4/CAN_PM.c **** 
 157:Generated_Source\PSoC4/CAN_PM.c **** /*******************************************************************************
 158:Generated_Source\PSoC4/CAN_PM.c **** * Function Name: CAN_Wakeup
 159:Generated_Source\PSoC4/CAN_PM.c **** ********************************************************************************
 160:Generated_Source\PSoC4/CAN_PM.c **** *
 161:Generated_Source\PSoC4/CAN_PM.c **** * Summary:
 162:Generated_Source\PSoC4/CAN_PM.c **** *  Prepares CAN Component to wake up.
 163:Generated_Source\PSoC4/CAN_PM.c **** *
 164:Generated_Source\PSoC4/CAN_PM.c **** * Parameters:
 165:Generated_Source\PSoC4/CAN_PM.c **** *  None.
 166:Generated_Source\PSoC4/CAN_PM.c **** *
 167:Generated_Source\PSoC4/CAN_PM.c **** * Return:
 168:Generated_Source\PSoC4/CAN_PM.c **** *  None.
 169:Generated_Source\PSoC4/CAN_PM.c **** *
 170:Generated_Source\PSoC4/CAN_PM.c **** * Global Variables:
 171:Generated_Source\PSoC4/CAN_PM.c **** *  CAN_backup - Used when non-retention registers are restored.
 172:Generated_Source\PSoC4/CAN_PM.c **** *
 173:Generated_Source\PSoC4/CAN_PM.c **** * Reentrant:
 174:Generated_Source\PSoC4/CAN_PM.c **** *  No.
 175:Generated_Source\PSoC4/CAN_PM.c **** *
 176:Generated_Source\PSoC4/CAN_PM.c **** *******************************************************************************/
 177:Generated_Source\PSoC4/CAN_PM.c **** void CAN_Wakeup(void) 
 178:Generated_Source\PSoC4/CAN_PM.c **** {
 135              		.loc 1 178 0
 136              		.cfi_startproc
 137              		@ args = 0, pretend = 0, frame = 0
 138              		@ frame_needed = 0, uses_anonymous_args = 0
 179:Generated_Source\PSoC4/CAN_PM.c ****     #if (CY_PSOC3 || CY_PSOC5)
 180:Generated_Source\PSoC4/CAN_PM.c ****         /* Enable CAN block in Active mode */
 181:Generated_Source\PSoC4/CAN_PM.c ****         CAN_PM_ACT_CFG_REG |= CAN_ACT_PWR_EN;
 182:Generated_Source\PSoC4/CAN_PM.c ****         /* Enable CAN block in Alternate Active (Standby) mode */
 183:Generated_Source\PSoC4/CAN_PM.c ****         CAN_PM_STBY_CFG_REG |= CAN_STBY_PWR_EN;
 184:Generated_Source\PSoC4/CAN_PM.c **** 
 185:Generated_Source\PSoC4/CAN_PM.c ****         CAN_RestoreConfig();
 186:Generated_Source\PSoC4/CAN_PM.c **** 
 187:Generated_Source\PSoC4/CAN_PM.c ****         /* Reconfigure Rx and Tx Buffers control registers */
 188:Generated_Source\PSoC4/CAN_PM.c ****         (void) CAN_RxTxBuffersConfig();
 189:Generated_Source\PSoC4/CAN_PM.c **** 
 190:Generated_Source\PSoC4/CAN_PM.c ****         if (CAN_backup.enableState != 0u)
 191:Generated_Source\PSoC4/CAN_PM.c ****         {
 192:Generated_Source\PSoC4/CAN_PM.c ****             /* Enable component's operation */
 193:Generated_Source\PSoC4/CAN_PM.c ****             (void) CAN_Enable();
 194:Generated_Source\PSoC4/CAN_PM.c ****         } /* Do nothing if component's block was disabled before */
 195:Generated_Source\PSoC4/CAN_PM.c ****     #else /* CY_PSOC4 */
 196:Generated_Source\PSoC4/CAN_PM.c ****         /* Clear all INT_STATUS bits */
 197:Generated_Source\PSoC4/CAN_PM.c ****         CAN_INT_SR_REG = CAN_INT_STATUS_MASK;
 139              		.loc 1 197 0
 140 0000 064B     		ldr	r3, .L16
ARM GAS  C:\Users\RYANCA~1\AppData\Local\Temp\cccirzIQ.s 			page 7


 141 0002 074A     		ldr	r2, .L16+4
 178:Generated_Source\PSoC4/CAN_PM.c ****     #if (CY_PSOC3 || CY_PSOC5)
 142              		.loc 1 178 0
 143 0004 10B5     		push	{r4, lr}
 144              		.cfi_def_cfa_offset 8
 145              		.cfi_offset 4, -8
 146              		.cfi_offset 14, -4
 147              		.loc 1 197 0
 148 0006 1A60     		str	r2, [r3]
 198:Generated_Source\PSoC4/CAN_PM.c **** 
 199:Generated_Source\PSoC4/CAN_PM.c ****         /* Set Global Interrupt enable Flag */
 200:Generated_Source\PSoC4/CAN_PM.c ****         (void) CAN_GlobalIntEnable();
 149              		.loc 1 200 0
 150 0008 FFF7FEFF 		bl	CAN_GlobalIntEnable
 151              	.LVL4:
 201:Generated_Source\PSoC4/CAN_PM.c **** 
 202:Generated_Source\PSoC4/CAN_PM.c ****         if (CAN_backup.enableState != 0u)
 152              		.loc 1 202 0
 153 000c 054B     		ldr	r3, .L16+8
 154 000e 1B78     		ldrb	r3, [r3]
 155 0010 002B     		cmp	r3, #0
 156 0012 01D0     		beq	.L11
 203:Generated_Source\PSoC4/CAN_PM.c ****         {
 204:Generated_Source\PSoC4/CAN_PM.c ****             (void) CAN_Enable();
 157              		.loc 1 204 0
 158 0014 FFF7FEFF 		bl	CAN_Enable
 159              	.LVL5:
 160              	.L11:
 205:Generated_Source\PSoC4/CAN_PM.c ****         } /* Do nothing if component's block was disabled before */
 206:Generated_Source\PSoC4/CAN_PM.c ****     #endif /* CY_PSOC3 || CY_PSOC5 */
 207:Generated_Source\PSoC4/CAN_PM.c **** }
 161              		.loc 1 207 0
 162              		@ sp needed
 163 0018 10BD     		pop	{r4, pc}
 164              	.L17:
 165 001a C046     		.align	2
 166              	.L16:
 167 001c 00002F40 		.word	1076822016
 168 0020 FC1F0000 		.word	8188
 169 0024 00000000 		.word	.LANCHOR0
 170              		.cfi_endproc
 171              	.LFE4:
 172              		.size	CAN_Wakeup, .-CAN_Wakeup
 173              		.bss
 174              		.set	.LANCHOR0,. + 0
 175              		.type	CAN_backup, %object
 176              		.size	CAN_backup, 1
 177              	CAN_backup:
 178 0000 00       		.space	1
 179              		.text
 180              	.Letext0:
 181              		.file 2 "Generated_Source\\PSoC4\\cytypes.h"
 182              		.file 3 "Generated_Source\\PSoC4\\CAN.h"
 183              		.section	.debug_info,"",%progbits
 184              	.Ldebug_info0:
 185 0000 38020000 		.4byte	0x238
 186 0004 0400     		.2byte	0x4
ARM GAS  C:\Users\RYANCA~1\AppData\Local\Temp\cccirzIQ.s 			page 8


 187 0006 00000000 		.4byte	.Ldebug_abbrev0
 188 000a 04       		.byte	0x4
 189 000b 01       		.uleb128 0x1
 190 000c CA010000 		.4byte	.LASF34
 191 0010 0C       		.byte	0xc
 192 0011 58020000 		.4byte	.LASF35
 193 0015 66000000 		.4byte	.LASF36
 194 0019 00000000 		.4byte	.Ldebug_ranges0+0
 195 001d 00000000 		.4byte	0
 196 0021 00000000 		.4byte	.Ldebug_line0
 197 0025 02       		.uleb128 0x2
 198 0026 01       		.byte	0x1
 199 0027 06       		.byte	0x6
 200 0028 B7010000 		.4byte	.LASF0
 201 002c 02       		.uleb128 0x2
 202 002d 01       		.byte	0x1
 203 002e 08       		.byte	0x8
 204 002f 0C010000 		.4byte	.LASF1
 205 0033 02       		.uleb128 0x2
 206 0034 02       		.byte	0x2
 207 0035 05       		.byte	0x5
 208 0036 F0000000 		.4byte	.LASF2
 209 003a 02       		.uleb128 0x2
 210 003b 02       		.byte	0x2
 211 003c 07       		.byte	0x7
 212 003d 30000000 		.4byte	.LASF3
 213 0041 02       		.uleb128 0x2
 214 0042 04       		.byte	0x4
 215 0043 05       		.byte	0x5
 216 0044 96010000 		.4byte	.LASF4
 217 0048 02       		.uleb128 0x2
 218 0049 04       		.byte	0x4
 219 004a 07       		.byte	0x7
 220 004b A6000000 		.4byte	.LASF5
 221 004f 02       		.uleb128 0x2
 222 0050 08       		.byte	0x8
 223 0051 05       		.byte	0x5
 224 0052 5B010000 		.4byte	.LASF6
 225 0056 02       		.uleb128 0x2
 226 0057 08       		.byte	0x8
 227 0058 07       		.byte	0x7
 228 0059 27010000 		.4byte	.LASF7
 229 005d 03       		.uleb128 0x3
 230 005e 04       		.byte	0x4
 231 005f 05       		.byte	0x5
 232 0060 696E7400 		.ascii	"int\000"
 233 0064 02       		.uleb128 0x2
 234 0065 04       		.byte	0x4
 235 0066 07       		.byte	0x7
 236 0067 1A010000 		.4byte	.LASF8
 237 006b 04       		.uleb128 0x4
 238 006c B8000000 		.4byte	.LASF9
 239 0070 02       		.byte	0x2
 240 0071 FC01     		.2byte	0x1fc
 241 0073 2C000000 		.4byte	0x2c
 242 0077 04       		.uleb128 0x4
 243 0078 05010000 		.4byte	.LASF10
ARM GAS  C:\Users\RYANCA~1\AppData\Local\Temp\cccirzIQ.s 			page 9


 244 007c 02       		.byte	0x2
 245 007d FE01     		.2byte	0x1fe
 246 007f 48000000 		.4byte	0x48
 247 0083 02       		.uleb128 0x2
 248 0084 04       		.byte	0x4
 249 0085 04       		.byte	0x4
 250 0086 4E000000 		.4byte	.LASF11
 251 008a 02       		.uleb128 0x2
 252 008b 08       		.byte	0x8
 253 008c 04       		.byte	0x4
 254 008d D7000000 		.4byte	.LASF12
 255 0091 02       		.uleb128 0x2
 256 0092 01       		.byte	0x1
 257 0093 08       		.byte	0x8
 258 0094 69010000 		.4byte	.LASF13
 259 0098 04       		.uleb128 0x4
 260 0099 A1000000 		.4byte	.LASF14
 261 009d 02       		.byte	0x2
 262 009e A602     		.2byte	0x2a6
 263 00a0 A4000000 		.4byte	0xa4
 264 00a4 05       		.uleb128 0x5
 265 00a5 6B000000 		.4byte	0x6b
 266 00a9 04       		.uleb128 0x4
 267 00aa 00000000 		.4byte	.LASF15
 268 00ae 02       		.byte	0x2
 269 00af A802     		.2byte	0x2a8
 270 00b1 B5000000 		.4byte	0xb5
 271 00b5 05       		.uleb128 0x5
 272 00b6 77000000 		.4byte	0x77
 273 00ba 02       		.uleb128 0x2
 274 00bb 08       		.byte	0x8
 275 00bc 04       		.byte	0x4
 276 00bd AB010000 		.4byte	.LASF16
 277 00c1 02       		.uleb128 0x2
 278 00c2 04       		.byte	0x4
 279 00c3 07       		.byte	0x7
 280 00c4 3E010000 		.4byte	.LASF17
 281 00c8 06       		.uleb128 0x6
 282 00c9 08       		.byte	0x8
 283 00ca 03       		.byte	0x3
 284 00cb 75       		.byte	0x75
 285 00cc DD000000 		.4byte	0xdd
 286 00d0 07       		.uleb128 0x7
 287 00d1 49000000 		.4byte	.LASF19
 288 00d5 03       		.byte	0x3
 289 00d6 77       		.byte	0x77
 290 00d7 ED000000 		.4byte	0xed
 291 00db 00       		.byte	0
 292 00dc 00       		.byte	0
 293 00dd 08       		.uleb128 0x8
 294 00de 98000000 		.4byte	0x98
 295 00e2 ED000000 		.4byte	0xed
 296 00e6 09       		.uleb128 0x9
 297 00e7 C1000000 		.4byte	0xc1
 298 00eb 07       		.byte	0x7
 299 00ec 00       		.byte	0
 300 00ed 05       		.uleb128 0x5
ARM GAS  C:\Users\RYANCA~1\AppData\Local\Temp\cccirzIQ.s 			page 10


 301 00ee DD000000 		.4byte	0xdd
 302 00f2 0A       		.uleb128 0xa
 303 00f3 06000000 		.4byte	.LASF18
 304 00f7 03       		.byte	0x3
 305 00f8 78       		.byte	0x78
 306 00f9 C8000000 		.4byte	0xc8
 307 00fd 06       		.uleb128 0x6
 308 00fe 04       		.byte	0x4
 309 00ff 03       		.byte	0x3
 310 0100 7B       		.byte	0x7b
 311 0101 12010000 		.4byte	0x112
 312 0105 07       		.uleb128 0x7
 313 0106 49000000 		.4byte	.LASF19
 314 010a 03       		.byte	0x3
 315 010b 7D       		.byte	0x7d
 316 010c 22010000 		.4byte	0x122
 317 0110 00       		.byte	0
 318 0111 00       		.byte	0
 319 0112 08       		.uleb128 0x8
 320 0113 98000000 		.4byte	0x98
 321 0117 22010000 		.4byte	0x122
 322 011b 09       		.uleb128 0x9
 323 011c C1000000 		.4byte	0xc1
 324 0120 03       		.byte	0x3
 325 0121 00       		.byte	0
 326 0122 05       		.uleb128 0x5
 327 0123 12010000 		.4byte	0x112
 328 0127 0A       		.uleb128 0xa
 329 0128 25000000 		.4byte	.LASF20
 330 012c 03       		.byte	0x3
 331 012d 7E       		.byte	0x7e
 332 012e FD000000 		.4byte	0xfd
 333 0132 06       		.uleb128 0x6
 334 0133 10       		.byte	0x10
 335 0134 03       		.byte	0x3
 336 0135 AC       		.byte	0xac
 337 0136 5F010000 		.4byte	0x15f
 338 013a 07       		.uleb128 0x7
 339 013b 43000000 		.4byte	.LASF21
 340 013f 03       		.byte	0x3
 341 0140 AE       		.byte	0xae
 342 0141 27010000 		.4byte	0x127
 343 0145 00       		.byte	0
 344 0146 07       		.uleb128 0x7
 345 0147 15000000 		.4byte	.LASF22
 346 014b 03       		.byte	0x3
 347 014c AF       		.byte	0xaf
 348 014d 27010000 		.4byte	0x127
 349 0151 04       		.byte	0x4
 350 0152 07       		.uleb128 0x7
 351 0153 C3010000 		.4byte	.LASF23
 352 0157 03       		.byte	0x3
 353 0158 B0       		.byte	0xb0
 354 0159 F2000000 		.4byte	0xf2
 355 015d 08       		.byte	0x8
 356 015e 00       		.byte	0
 357 015f 0A       		.uleb128 0xa
ARM GAS  C:\Users\RYANCA~1\AppData\Local\Temp\cccirzIQ.s 			page 11


 358 0160 BE000000 		.4byte	.LASF24
 359 0164 03       		.byte	0x3
 360 0165 B1       		.byte	0xb1
 361 0166 32010000 		.4byte	0x132
 362 016a 06       		.uleb128 0x6
 363 016b 01       		.byte	0x1
 364 016c 03       		.byte	0x3
 365 016d B4       		.byte	0xb4
 366 016e 7F010000 		.4byte	0x17f
 367 0172 07       		.uleb128 0x7
 368 0173 9F010000 		.4byte	.LASF25
 369 0177 03       		.byte	0x3
 370 0178 B6       		.byte	0xb6
 371 0179 6B000000 		.4byte	0x6b
 372 017d 00       		.byte	0
 373 017e 00       		.byte	0
 374 017f 0A       		.uleb128 0xa
 375 0180 54000000 		.4byte	.LASF26
 376 0184 03       		.byte	0x3
 377 0185 BD       		.byte	0xbd
 378 0186 6A010000 		.4byte	0x16a
 379 018a 0B       		.uleb128 0xb
 380 018b DE000000 		.4byte	.LASF37
 381 018f 01       		.byte	0x1
 382 0190 5C       		.byte	0x5c
 383 0191 01       		.byte	0x1
 384 0192 0C       		.uleb128 0xc
 385 0193 8A010000 		.4byte	0x18a
 386 0197 00000000 		.4byte	.LFB2
 387 019b 02000000 		.4byte	.LFE2-.LFB2
 388 019f 01       		.uleb128 0x1
 389 01a0 9C       		.byte	0x9c
 390 01a1 0D       		.uleb128 0xd
 391 01a2 77010000 		.4byte	.LASF27
 392 01a6 01       		.byte	0x1
 393 01a7 7B       		.byte	0x7b
 394 01a8 00000000 		.4byte	.LFB3
 395 01ac 44000000 		.4byte	.LFE3-.LFB3
 396 01b0 01       		.uleb128 0x1
 397 01b1 9C       		.byte	0x9c
 398 01b2 D6010000 		.4byte	0x1d6
 399 01b6 0E       		.uleb128 0xe
 400 01b7 6900     		.ascii	"i\000"
 401 01b9 01       		.byte	0x1
 402 01ba 7E       		.byte	0x7e
 403 01bb 6B000000 		.4byte	0x6b
 404 01bf 00000000 		.4byte	.LLST0
 405 01c3 0F       		.uleb128 0xf
 406 01c4 2E000000 		.4byte	.LVL2
 407 01c8 0F020000 		.4byte	0x20f
 408 01cc 0F       		.uleb128 0xf
 409 01cd 32000000 		.4byte	.LVL3
 410 01d1 1A020000 		.4byte	0x21a
 411 01d5 00       		.byte	0
 412 01d6 0D       		.uleb128 0xd
 413 01d7 FA000000 		.4byte	.LASF28
 414 01db 01       		.byte	0x1
ARM GAS  C:\Users\RYANCA~1\AppData\Local\Temp\cccirzIQ.s 			page 12


 415 01dc B1       		.byte	0xb1
 416 01dd 00000000 		.4byte	.LFB4
 417 01e1 28000000 		.4byte	.LFE4-.LFB4
 418 01e5 01       		.uleb128 0x1
 419 01e6 9C       		.byte	0x9c
 420 01e7 FE010000 		.4byte	0x1fe
 421 01eb 0F       		.uleb128 0xf
 422 01ec 0C000000 		.4byte	.LVL4
 423 01f0 25020000 		.4byte	0x225
 424 01f4 0F       		.uleb128 0xf
 425 01f5 18000000 		.4byte	.LVL5
 426 01f9 30020000 		.4byte	0x230
 427 01fd 00       		.byte	0
 428 01fe 10       		.uleb128 0x10
 429 01ff CC000000 		.4byte	.LASF29
 430 0203 01       		.byte	0x1
 431 0204 14       		.byte	0x14
 432 0205 7F010000 		.4byte	0x17f
 433 0209 05       		.uleb128 0x5
 434 020a 03       		.byte	0x3
 435 020b 00000000 		.4byte	CAN_backup
 436 020f 11       		.uleb128 0x11
 437 0210 6E010000 		.4byte	.LASF30
 438 0214 6E010000 		.4byte	.LASF30
 439 0218 03       		.byte	0x3
 440 0219 C6       		.byte	0xc6
 441 021a 11       		.uleb128 0x11
 442 021b 81010000 		.4byte	.LASF31
 443 021f 81010000 		.4byte	.LASF31
 444 0223 03       		.byte	0x3
 445 0224 C9       		.byte	0xc9
 446 0225 11       		.uleb128 0x11
 447 0226 47010000 		.4byte	.LASF32
 448 022a 47010000 		.4byte	.LASF32
 449 022e 03       		.byte	0x3
 450 022f C8       		.byte	0xc8
 451 0230 11       		.uleb128 0x11
 452 0231 1A000000 		.4byte	.LASF33
 453 0235 1A000000 		.4byte	.LASF33
 454 0239 03       		.byte	0x3
 455 023a C7       		.byte	0xc7
 456 023b 00       		.byte	0
 457              		.section	.debug_abbrev,"",%progbits
 458              	.Ldebug_abbrev0:
 459 0000 01       		.uleb128 0x1
 460 0001 11       		.uleb128 0x11
 461 0002 01       		.byte	0x1
 462 0003 25       		.uleb128 0x25
 463 0004 0E       		.uleb128 0xe
 464 0005 13       		.uleb128 0x13
 465 0006 0B       		.uleb128 0xb
 466 0007 03       		.uleb128 0x3
 467 0008 0E       		.uleb128 0xe
 468 0009 1B       		.uleb128 0x1b
 469 000a 0E       		.uleb128 0xe
 470 000b 55       		.uleb128 0x55
 471 000c 17       		.uleb128 0x17
ARM GAS  C:\Users\RYANCA~1\AppData\Local\Temp\cccirzIQ.s 			page 13


 472 000d 11       		.uleb128 0x11
 473 000e 01       		.uleb128 0x1
 474 000f 10       		.uleb128 0x10
 475 0010 17       		.uleb128 0x17
 476 0011 00       		.byte	0
 477 0012 00       		.byte	0
 478 0013 02       		.uleb128 0x2
 479 0014 24       		.uleb128 0x24
 480 0015 00       		.byte	0
 481 0016 0B       		.uleb128 0xb
 482 0017 0B       		.uleb128 0xb
 483 0018 3E       		.uleb128 0x3e
 484 0019 0B       		.uleb128 0xb
 485 001a 03       		.uleb128 0x3
 486 001b 0E       		.uleb128 0xe
 487 001c 00       		.byte	0
 488 001d 00       		.byte	0
 489 001e 03       		.uleb128 0x3
 490 001f 24       		.uleb128 0x24
 491 0020 00       		.byte	0
 492 0021 0B       		.uleb128 0xb
 493 0022 0B       		.uleb128 0xb
 494 0023 3E       		.uleb128 0x3e
 495 0024 0B       		.uleb128 0xb
 496 0025 03       		.uleb128 0x3
 497 0026 08       		.uleb128 0x8
 498 0027 00       		.byte	0
 499 0028 00       		.byte	0
 500 0029 04       		.uleb128 0x4
 501 002a 16       		.uleb128 0x16
 502 002b 00       		.byte	0
 503 002c 03       		.uleb128 0x3
 504 002d 0E       		.uleb128 0xe
 505 002e 3A       		.uleb128 0x3a
 506 002f 0B       		.uleb128 0xb
 507 0030 3B       		.uleb128 0x3b
 508 0031 05       		.uleb128 0x5
 509 0032 49       		.uleb128 0x49
 510 0033 13       		.uleb128 0x13
 511 0034 00       		.byte	0
 512 0035 00       		.byte	0
 513 0036 05       		.uleb128 0x5
 514 0037 35       		.uleb128 0x35
 515 0038 00       		.byte	0
 516 0039 49       		.uleb128 0x49
 517 003a 13       		.uleb128 0x13
 518 003b 00       		.byte	0
 519 003c 00       		.byte	0
 520 003d 06       		.uleb128 0x6
 521 003e 13       		.uleb128 0x13
 522 003f 01       		.byte	0x1
 523 0040 0B       		.uleb128 0xb
 524 0041 0B       		.uleb128 0xb
 525 0042 3A       		.uleb128 0x3a
 526 0043 0B       		.uleb128 0xb
 527 0044 3B       		.uleb128 0x3b
 528 0045 0B       		.uleb128 0xb
ARM GAS  C:\Users\RYANCA~1\AppData\Local\Temp\cccirzIQ.s 			page 14


 529 0046 01       		.uleb128 0x1
 530 0047 13       		.uleb128 0x13
 531 0048 00       		.byte	0
 532 0049 00       		.byte	0
 533 004a 07       		.uleb128 0x7
 534 004b 0D       		.uleb128 0xd
 535 004c 00       		.byte	0
 536 004d 03       		.uleb128 0x3
 537 004e 0E       		.uleb128 0xe
 538 004f 3A       		.uleb128 0x3a
 539 0050 0B       		.uleb128 0xb
 540 0051 3B       		.uleb128 0x3b
 541 0052 0B       		.uleb128 0xb
 542 0053 49       		.uleb128 0x49
 543 0054 13       		.uleb128 0x13
 544 0055 38       		.uleb128 0x38
 545 0056 0B       		.uleb128 0xb
 546 0057 00       		.byte	0
 547 0058 00       		.byte	0
 548 0059 08       		.uleb128 0x8
 549 005a 01       		.uleb128 0x1
 550 005b 01       		.byte	0x1
 551 005c 49       		.uleb128 0x49
 552 005d 13       		.uleb128 0x13
 553 005e 01       		.uleb128 0x1
 554 005f 13       		.uleb128 0x13
 555 0060 00       		.byte	0
 556 0061 00       		.byte	0
 557 0062 09       		.uleb128 0x9
 558 0063 21       		.uleb128 0x21
 559 0064 00       		.byte	0
 560 0065 49       		.uleb128 0x49
 561 0066 13       		.uleb128 0x13
 562 0067 2F       		.uleb128 0x2f
 563 0068 0B       		.uleb128 0xb
 564 0069 00       		.byte	0
 565 006a 00       		.byte	0
 566 006b 0A       		.uleb128 0xa
 567 006c 16       		.uleb128 0x16
 568 006d 00       		.byte	0
 569 006e 03       		.uleb128 0x3
 570 006f 0E       		.uleb128 0xe
 571 0070 3A       		.uleb128 0x3a
 572 0071 0B       		.uleb128 0xb
 573 0072 3B       		.uleb128 0x3b
 574 0073 0B       		.uleb128 0xb
 575 0074 49       		.uleb128 0x49
 576 0075 13       		.uleb128 0x13
 577 0076 00       		.byte	0
 578 0077 00       		.byte	0
 579 0078 0B       		.uleb128 0xb
 580 0079 2E       		.uleb128 0x2e
 581 007a 00       		.byte	0
 582 007b 3F       		.uleb128 0x3f
 583 007c 19       		.uleb128 0x19
 584 007d 03       		.uleb128 0x3
 585 007e 0E       		.uleb128 0xe
ARM GAS  C:\Users\RYANCA~1\AppData\Local\Temp\cccirzIQ.s 			page 15


 586 007f 3A       		.uleb128 0x3a
 587 0080 0B       		.uleb128 0xb
 588 0081 3B       		.uleb128 0x3b
 589 0082 0B       		.uleb128 0xb
 590 0083 27       		.uleb128 0x27
 591 0084 19       		.uleb128 0x19
 592 0085 20       		.uleb128 0x20
 593 0086 0B       		.uleb128 0xb
 594 0087 00       		.byte	0
 595 0088 00       		.byte	0
 596 0089 0C       		.uleb128 0xc
 597 008a 2E       		.uleb128 0x2e
 598 008b 00       		.byte	0
 599 008c 31       		.uleb128 0x31
 600 008d 13       		.uleb128 0x13
 601 008e 11       		.uleb128 0x11
 602 008f 01       		.uleb128 0x1
 603 0090 12       		.uleb128 0x12
 604 0091 06       		.uleb128 0x6
 605 0092 40       		.uleb128 0x40
 606 0093 18       		.uleb128 0x18
 607 0094 9742     		.uleb128 0x2117
 608 0096 19       		.uleb128 0x19
 609 0097 00       		.byte	0
 610 0098 00       		.byte	0
 611 0099 0D       		.uleb128 0xd
 612 009a 2E       		.uleb128 0x2e
 613 009b 01       		.byte	0x1
 614 009c 3F       		.uleb128 0x3f
 615 009d 19       		.uleb128 0x19
 616 009e 03       		.uleb128 0x3
 617 009f 0E       		.uleb128 0xe
 618 00a0 3A       		.uleb128 0x3a
 619 00a1 0B       		.uleb128 0xb
 620 00a2 3B       		.uleb128 0x3b
 621 00a3 0B       		.uleb128 0xb
 622 00a4 27       		.uleb128 0x27
 623 00a5 19       		.uleb128 0x19
 624 00a6 11       		.uleb128 0x11
 625 00a7 01       		.uleb128 0x1
 626 00a8 12       		.uleb128 0x12
 627 00a9 06       		.uleb128 0x6
 628 00aa 40       		.uleb128 0x40
 629 00ab 18       		.uleb128 0x18
 630 00ac 9742     		.uleb128 0x2117
 631 00ae 19       		.uleb128 0x19
 632 00af 01       		.uleb128 0x1
 633 00b0 13       		.uleb128 0x13
 634 00b1 00       		.byte	0
 635 00b2 00       		.byte	0
 636 00b3 0E       		.uleb128 0xe
 637 00b4 34       		.uleb128 0x34
 638 00b5 00       		.byte	0
 639 00b6 03       		.uleb128 0x3
 640 00b7 08       		.uleb128 0x8
 641 00b8 3A       		.uleb128 0x3a
 642 00b9 0B       		.uleb128 0xb
ARM GAS  C:\Users\RYANCA~1\AppData\Local\Temp\cccirzIQ.s 			page 16


 643 00ba 3B       		.uleb128 0x3b
 644 00bb 0B       		.uleb128 0xb
 645 00bc 49       		.uleb128 0x49
 646 00bd 13       		.uleb128 0x13
 647 00be 02       		.uleb128 0x2
 648 00bf 17       		.uleb128 0x17
 649 00c0 00       		.byte	0
 650 00c1 00       		.byte	0
 651 00c2 0F       		.uleb128 0xf
 652 00c3 898201   		.uleb128 0x4109
 653 00c6 00       		.byte	0
 654 00c7 11       		.uleb128 0x11
 655 00c8 01       		.uleb128 0x1
 656 00c9 31       		.uleb128 0x31
 657 00ca 13       		.uleb128 0x13
 658 00cb 00       		.byte	0
 659 00cc 00       		.byte	0
 660 00cd 10       		.uleb128 0x10
 661 00ce 34       		.uleb128 0x34
 662 00cf 00       		.byte	0
 663 00d0 03       		.uleb128 0x3
 664 00d1 0E       		.uleb128 0xe
 665 00d2 3A       		.uleb128 0x3a
 666 00d3 0B       		.uleb128 0xb
 667 00d4 3B       		.uleb128 0x3b
 668 00d5 0B       		.uleb128 0xb
 669 00d6 49       		.uleb128 0x49
 670 00d7 13       		.uleb128 0x13
 671 00d8 02       		.uleb128 0x2
 672 00d9 18       		.uleb128 0x18
 673 00da 00       		.byte	0
 674 00db 00       		.byte	0
 675 00dc 11       		.uleb128 0x11
 676 00dd 2E       		.uleb128 0x2e
 677 00de 00       		.byte	0
 678 00df 3F       		.uleb128 0x3f
 679 00e0 19       		.uleb128 0x19
 680 00e1 3C       		.uleb128 0x3c
 681 00e2 19       		.uleb128 0x19
 682 00e3 6E       		.uleb128 0x6e
 683 00e4 0E       		.uleb128 0xe
 684 00e5 03       		.uleb128 0x3
 685 00e6 0E       		.uleb128 0xe
 686 00e7 3A       		.uleb128 0x3a
 687 00e8 0B       		.uleb128 0xb
 688 00e9 3B       		.uleb128 0x3b
 689 00ea 0B       		.uleb128 0xb
 690 00eb 00       		.byte	0
 691 00ec 00       		.byte	0
 692 00ed 00       		.byte	0
 693              		.section	.debug_loc,"",%progbits
 694              	.Ldebug_loc0:
 695              	.LLST0:
 696 0000 14000000 		.4byte	.LVL0
 697 0004 1C000000 		.4byte	.LVL1
 698 0008 0200     		.2byte	0x2
 699 000a 30       		.byte	0x30
ARM GAS  C:\Users\RYANCA~1\AppData\Local\Temp\cccirzIQ.s 			page 17


 700 000b 9F       		.byte	0x9f
 701 000c 00000000 		.4byte	0
 702 0010 00000000 		.4byte	0
 703              		.section	.debug_aranges,"",%progbits
 704 0000 2C000000 		.4byte	0x2c
 705 0004 0200     		.2byte	0x2
 706 0006 00000000 		.4byte	.Ldebug_info0
 707 000a 04       		.byte	0x4
 708 000b 00       		.byte	0
 709 000c 0000     		.2byte	0
 710 000e 0000     		.2byte	0
 711 0010 00000000 		.4byte	.LFB2
 712 0014 02000000 		.4byte	.LFE2-.LFB2
 713 0018 00000000 		.4byte	.LFB3
 714 001c 44000000 		.4byte	.LFE3-.LFB3
 715 0020 00000000 		.4byte	.LFB4
 716 0024 28000000 		.4byte	.LFE4-.LFB4
 717 0028 00000000 		.4byte	0
 718 002c 00000000 		.4byte	0
 719              		.section	.debug_ranges,"",%progbits
 720              	.Ldebug_ranges0:
 721 0000 00000000 		.4byte	.LFB2
 722 0004 02000000 		.4byte	.LFE2
 723 0008 00000000 		.4byte	.LFB3
 724 000c 44000000 		.4byte	.LFE3
 725 0010 00000000 		.4byte	.LFB4
 726 0014 28000000 		.4byte	.LFE4
 727 0018 00000000 		.4byte	0
 728 001c 00000000 		.4byte	0
 729              		.section	.debug_line,"",%progbits
 730              	.Ldebug_line0:
 731 0000 B8000000 		.section	.debug_str,"MS",%progbits,1
 731      02004C00 
 731      00000201 
 731      FB0E0D00 
 731      01010101 
 732              	.LASF15:
 733 0000 72656733 		.ascii	"reg32\000"
 733      3200
 734              	.LASF18:
 735 0006 43414E5F 		.ascii	"CAN_DATA_BYTES\000"
 735      44415441 
 735      5F425954 
 735      455300
 736              	.LASF22:
 737 0015 74786964 		.ascii	"txid\000"
 737      00
 738              	.LASF33:
 739 001a 43414E5F 		.ascii	"CAN_Enable\000"
 739      456E6162 
 739      6C6500
 740              	.LASF20:
 741 0025 43414E5F 		.ascii	"CAN_REG_32\000"
 741      5245475F 
 741      333200
 742              	.LASF3:
 743 0030 73686F72 		.ascii	"short unsigned int\000"
ARM GAS  C:\Users\RYANCA~1\AppData\Local\Temp\cccirzIQ.s 			page 18


 743      7420756E 
 743      7369676E 
 743      65642069 
 743      6E7400
 744              	.LASF21:
 745 0043 7478636D 		.ascii	"txcmd\000"
 745      6400
 746              	.LASF19:
 747 0049 62797465 		.ascii	"byte\000"
 747      00
 748              	.LASF11:
 749 004e 666C6F61 		.ascii	"float\000"
 749      7400
 750              	.LASF26:
 751 0054 43414E5F 		.ascii	"CAN_BACKUP_STRUCT\000"
 751      4241434B 
 751      55505F53 
 751      54525543 
 751      5400
 752              	.LASF36:
 753 0066 5C5C4D61 		.ascii	"\\\\Mac\\Home\\Desktop\\Dashboard-Firmware-FE10\\Da"
 753      635C486F 
 753      6D655C44 
 753      65736B74 
 753      6F705C44 
 754 0093 7368626F 		.ascii	"shboard.cydsn\000"
 754      6172642E 
 754      63796473 
 754      6E00
 755              	.LASF14:
 756 00a1 72656738 		.ascii	"reg8\000"
 756      00
 757              	.LASF5:
 758 00a6 6C6F6E67 		.ascii	"long unsigned int\000"
 758      20756E73 
 758      69676E65 
 758      6420696E 
 758      7400
 759              	.LASF9:
 760 00b8 75696E74 		.ascii	"uint8\000"
 760      3800
 761              	.LASF24:
 762 00be 43414E5F 		.ascii	"CAN_TX_STRUCT\000"
 762      54585F53 
 762      54525543 
 762      5400
 763              	.LASF29:
 764 00cc 43414E5F 		.ascii	"CAN_backup\000"
 764      6261636B 
 764      757000
 765              	.LASF12:
 766 00d7 646F7562 		.ascii	"double\000"
 766      6C6500
 767              	.LASF37:
 768 00de 43414E5F 		.ascii	"CAN_RestoreConfig\000"
 768      52657374 
 768      6F726543 
ARM GAS  C:\Users\RYANCA~1\AppData\Local\Temp\cccirzIQ.s 			page 19


 768      6F6E6669 
 768      6700
 769              	.LASF2:
 770 00f0 73686F72 		.ascii	"short int\000"
 770      7420696E 
 770      7400
 771              	.LASF28:
 772 00fa 43414E5F 		.ascii	"CAN_Wakeup\000"
 772      57616B65 
 772      757000
 773              	.LASF10:
 774 0105 75696E74 		.ascii	"uint32\000"
 774      333200
 775              	.LASF1:
 776 010c 756E7369 		.ascii	"unsigned char\000"
 776      676E6564 
 776      20636861 
 776      7200
 777              	.LASF8:
 778 011a 756E7369 		.ascii	"unsigned int\000"
 778      676E6564 
 778      20696E74 
 778      00
 779              	.LASF7:
 780 0127 6C6F6E67 		.ascii	"long long unsigned int\000"
 780      206C6F6E 
 780      6720756E 
 780      7369676E 
 780      65642069 
 781              	.LASF17:
 782 013e 73697A65 		.ascii	"sizetype\000"
 782      74797065 
 782      00
 783              	.LASF32:
 784 0147 43414E5F 		.ascii	"CAN_GlobalIntEnable\000"
 784      476C6F62 
 784      616C496E 
 784      74456E61 
 784      626C6500 
 785              	.LASF6:
 786 015b 6C6F6E67 		.ascii	"long long int\000"
 786      206C6F6E 
 786      6720696E 
 786      7400
 787              	.LASF13:
 788 0169 63686172 		.ascii	"char\000"
 788      00
 789              	.LASF30:
 790 016e 43414E5F 		.ascii	"CAN_Stop\000"
 790      53746F70 
 790      00
 791              	.LASF27:
 792 0177 43414E5F 		.ascii	"CAN_Sleep\000"
 792      536C6565 
 792      7000
 793              	.LASF31:
 794 0181 43414E5F 		.ascii	"CAN_GlobalIntDisable\000"
ARM GAS  C:\Users\RYANCA~1\AppData\Local\Temp\cccirzIQ.s 			page 20


 794      476C6F62 
 794      616C496E 
 794      74446973 
 794      61626C65 
 795              	.LASF4:
 796 0196 6C6F6E67 		.ascii	"long int\000"
 796      20696E74 
 796      00
 797              	.LASF25:
 798 019f 656E6162 		.ascii	"enableState\000"
 798      6C655374 
 798      61746500 
 799              	.LASF16:
 800 01ab 6C6F6E67 		.ascii	"long double\000"
 800      20646F75 
 800      626C6500 
 801              	.LASF0:
 802 01b7 7369676E 		.ascii	"signed char\000"
 802      65642063 
 802      68617200 
 803              	.LASF23:
 804 01c3 74786461 		.ascii	"txdata\000"
 804      746100
 805              	.LASF34:
 806 01ca 474E5520 		.ascii	"GNU C11 5.4.1 20160609 (release) [ARM/embedded-5-br"
 806      43313120 
 806      352E342E 
 806      31203230 
 806      31363036 
 807 01fd 616E6368 		.ascii	"anch revision 237715] -mcpu=cortex-m0 -mthumb -g -O"
 807      20726576 
 807      6973696F 
 807      6E203233 
 807      37373135 
 808 0230 73202D66 		.ascii	"s -ffunction-sections -ffat-lto-objects\000"
 808      66756E63 
 808      74696F6E 
 808      2D736563 
 808      74696F6E 
 809              	.LASF35:
 810 0258 47656E65 		.ascii	"Generated_Source\\PSoC4\\CAN_PM.c\000"
 810      72617465 
 810      645F536F 
 810      75726365 
 810      5C50536F 
 811              		.ident	"GCC: (GNU Tools for ARM Embedded Processors) 5.4.1 20160609 (release) [ARM/embedded-5-bran
