ARM GAS  C:\Users\RYANCA~1\AppData\Local\Temp\cck2iDXp.s 			page 1


   1              		.syntax unified
   2              		.cpu cortex-m0
   3              		.fpu softvfp
   4              		.eabi_attribute 20, 1
   5              		.eabi_attribute 21, 1
   6              		.eabi_attribute 23, 3
   7              		.eabi_attribute 24, 1
   8              		.eabi_attribute 25, 1
   9              		.eabi_attribute 26, 1
  10              		.eabi_attribute 30, 4
  11              		.eabi_attribute 34, 0
  12              		.eabi_attribute 18, 4
  13              		.thumb
  14              		.syntax unified
  15              		.file	"CAN_INT.c"
  16              		.text
  17              	.Ltext0:
  18              		.cfi_sections	.debug_frame
  19              		.section	.text.CAN_MsgRXIsr,"ax",%progbits
  20              		.align	1
  21              		.global	CAN_MsgRXIsr
  22              		.code	16
  23              		.thumb_func
  24              		.type	CAN_MsgRXIsr, %function
  25              	CAN_MsgRXIsr:
  26              	.LFB1:
  27              		.file 1 "Generated_Source\\PSoC4\\CAN_INT.c"
   1:Generated_Source\PSoC4/CAN_INT.c **** /*******************************************************************************
   2:Generated_Source\PSoC4/CAN_INT.c **** * File Name: CAN_INT.c
   3:Generated_Source\PSoC4/CAN_INT.c **** * Version 3.0
   4:Generated_Source\PSoC4/CAN_INT.c **** *
   5:Generated_Source\PSoC4/CAN_INT.c **** * Description:
   6:Generated_Source\PSoC4/CAN_INT.c **** *  This file contains Interrupt Service Routine (ISR) for CAN Component.
   7:Generated_Source\PSoC4/CAN_INT.c **** *  The Interrupt handlers functions are generated accordingly to the PSoC
   8:Generated_Source\PSoC4/CAN_INT.c **** *  Creator Customizer inputs.
   9:Generated_Source\PSoC4/CAN_INT.c **** *
  10:Generated_Source\PSoC4/CAN_INT.c **** * Note:
  11:Generated_Source\PSoC4/CAN_INT.c **** *  None
  12:Generated_Source\PSoC4/CAN_INT.c **** *
  13:Generated_Source\PSoC4/CAN_INT.c **** ********************************************************************************
  14:Generated_Source\PSoC4/CAN_INT.c **** * Copyright 2008-2015, Cypress Semiconductor Corporation.  All rights reserved.
  15:Generated_Source\PSoC4/CAN_INT.c **** * You may use this file only in accordance with the license, terms, conditions,
  16:Generated_Source\PSoC4/CAN_INT.c **** * disclaimers, and limitations in the end user license agreement accompanying
  17:Generated_Source\PSoC4/CAN_INT.c **** * the software package with which this file was provided.
  18:Generated_Source\PSoC4/CAN_INT.c **** *******************************************************************************/
  19:Generated_Source\PSoC4/CAN_INT.c **** 
  20:Generated_Source\PSoC4/CAN_INT.c **** #include "CAN.h"
  21:Generated_Source\PSoC4/CAN_INT.c **** #include "cyapicallbacks.h"
  22:Generated_Source\PSoC4/CAN_INT.c **** 
  23:Generated_Source\PSoC4/CAN_INT.c **** /* `#START CAN_INT_C_CODE_DEFINITION` */
  24:Generated_Source\PSoC4/CAN_INT.c **** 
  25:Generated_Source\PSoC4/CAN_INT.c **** /* `#END` */
  26:Generated_Source\PSoC4/CAN_INT.c **** 
  27:Generated_Source\PSoC4/CAN_INT.c **** #if (CAN_ARB_LOST)
  28:Generated_Source\PSoC4/CAN_INT.c ****     /*******************************************************************************
  29:Generated_Source\PSoC4/CAN_INT.c ****     * FUNCTION NAME:   CAN_ArbLostIsr
  30:Generated_Source\PSoC4/CAN_INT.c ****     ********************************************************************************
ARM GAS  C:\Users\RYANCA~1\AppData\Local\Temp\cck2iDXp.s 			page 2


  31:Generated_Source\PSoC4/CAN_INT.c ****     *
  32:Generated_Source\PSoC4/CAN_INT.c ****     * Summary:
  33:Generated_Source\PSoC4/CAN_INT.c ****     *  This function is entry point to Arbitration Lost Interrupt. Clears
  34:Generated_Source\PSoC4/CAN_INT.c ****     *  Arbitration Lost interrupt flag. Only generated if Arbitration Lost
  35:Generated_Source\PSoC4/CAN_INT.c ****     *  Interrupt enable in Customizer.
  36:Generated_Source\PSoC4/CAN_INT.c ****     *
  37:Generated_Source\PSoC4/CAN_INT.c ****     * Parameters:
  38:Generated_Source\PSoC4/CAN_INT.c ****     *  None.
  39:Generated_Source\PSoC4/CAN_INT.c ****     *
  40:Generated_Source\PSoC4/CAN_INT.c ****     * Return:
  41:Generated_Source\PSoC4/CAN_INT.c ****     *  None.
  42:Generated_Source\PSoC4/CAN_INT.c ****     *
  43:Generated_Source\PSoC4/CAN_INT.c ****     * Reentrant:
  44:Generated_Source\PSoC4/CAN_INT.c ****     *  Depends on Customer code.
  45:Generated_Source\PSoC4/CAN_INT.c ****     *
  46:Generated_Source\PSoC4/CAN_INT.c ****     *******************************************************************************/
  47:Generated_Source\PSoC4/CAN_INT.c ****     void CAN_ArbLostIsr(void) 
  48:Generated_Source\PSoC4/CAN_INT.c ****     {
  49:Generated_Source\PSoC4/CAN_INT.c ****         /* Clear Arbitration Lost flag */
  50:Generated_Source\PSoC4/CAN_INT.c ****         CAN_INT_SR_REG = CAN_ARBITRATION_LOST_MASK;
  51:Generated_Source\PSoC4/CAN_INT.c **** 
  52:Generated_Source\PSoC4/CAN_INT.c ****         /* `#START ARBITRATION_LOST_ISR` */
  53:Generated_Source\PSoC4/CAN_INT.c **** 
  54:Generated_Source\PSoC4/CAN_INT.c ****         /* `#END` */
  55:Generated_Source\PSoC4/CAN_INT.c **** 
  56:Generated_Source\PSoC4/CAN_INT.c ****         #ifdef CAN_ARB_LOST_ISR_CALLBACK
  57:Generated_Source\PSoC4/CAN_INT.c ****             CAN_ArbLostIsr_Callback();
  58:Generated_Source\PSoC4/CAN_INT.c ****         #endif /* CAN_ARB_LOST_ISR_CALLBACK */
  59:Generated_Source\PSoC4/CAN_INT.c ****     }
  60:Generated_Source\PSoC4/CAN_INT.c **** #endif /* CAN_ARB_LOST */
  61:Generated_Source\PSoC4/CAN_INT.c **** 
  62:Generated_Source\PSoC4/CAN_INT.c **** 
  63:Generated_Source\PSoC4/CAN_INT.c **** #if (CAN_OVERLOAD)
  64:Generated_Source\PSoC4/CAN_INT.c ****     /*******************************************************************************
  65:Generated_Source\PSoC4/CAN_INT.c ****     * FUNCTION NAME:   CAN_OvrLdErrorIsr
  66:Generated_Source\PSoC4/CAN_INT.c ****     ********************************************************************************
  67:Generated_Source\PSoC4/CAN_INT.c ****     *
  68:Generated_Source\PSoC4/CAN_INT.c ****     * Summary:
  69:Generated_Source\PSoC4/CAN_INT.c ****     *  This function is entry point to Overload Error Interrupt. Clears Overload
  70:Generated_Source\PSoC4/CAN_INT.c ****     *  Error interrupt flag. Only generated if Overload Error Interrupt enable
  71:Generated_Source\PSoC4/CAN_INT.c ****     *  in Customizer.
  72:Generated_Source\PSoC4/CAN_INT.c ****     *
  73:Generated_Source\PSoC4/CAN_INT.c ****     * Parameters:
  74:Generated_Source\PSoC4/CAN_INT.c ****     *  None.
  75:Generated_Source\PSoC4/CAN_INT.c ****     *
  76:Generated_Source\PSoC4/CAN_INT.c ****     * Return:
  77:Generated_Source\PSoC4/CAN_INT.c ****     *  None.
  78:Generated_Source\PSoC4/CAN_INT.c ****     *
  79:Generated_Source\PSoC4/CAN_INT.c ****     * Reentrant:
  80:Generated_Source\PSoC4/CAN_INT.c ****     *  Depends on Customer code.
  81:Generated_Source\PSoC4/CAN_INT.c ****     *
  82:Generated_Source\PSoC4/CAN_INT.c ****     *******************************************************************************/
  83:Generated_Source\PSoC4/CAN_INT.c ****     void CAN_OvrLdErrorIsr(void) 
  84:Generated_Source\PSoC4/CAN_INT.c ****     {
  85:Generated_Source\PSoC4/CAN_INT.c ****         /* Clear Overload Error flag */
  86:Generated_Source\PSoC4/CAN_INT.c ****         CAN_INT_SR_REG = CAN_OVERLOAD_ERROR_MASK;
  87:Generated_Source\PSoC4/CAN_INT.c **** 
ARM GAS  C:\Users\RYANCA~1\AppData\Local\Temp\cck2iDXp.s 			page 3


  88:Generated_Source\PSoC4/CAN_INT.c ****         /* `#START OVER_LOAD_ERROR_ISR` */
  89:Generated_Source\PSoC4/CAN_INT.c **** 
  90:Generated_Source\PSoC4/CAN_INT.c ****         /* `#END` */
  91:Generated_Source\PSoC4/CAN_INT.c **** 
  92:Generated_Source\PSoC4/CAN_INT.c ****         #ifdef CAN_OVR_LD_ERROR_ISR_CALLBACK
  93:Generated_Source\PSoC4/CAN_INT.c ****             CAN_OvrLdErrorIsr_Callback();
  94:Generated_Source\PSoC4/CAN_INT.c ****         #endif /* CAN_OVR_LD_ERROR_ISR_CALLBACK */
  95:Generated_Source\PSoC4/CAN_INT.c ****     }
  96:Generated_Source\PSoC4/CAN_INT.c **** #endif /* CAN_OVERLOAD */
  97:Generated_Source\PSoC4/CAN_INT.c **** 
  98:Generated_Source\PSoC4/CAN_INT.c **** 
  99:Generated_Source\PSoC4/CAN_INT.c **** #if (CAN_BIT_ERR)
 100:Generated_Source\PSoC4/CAN_INT.c ****     /*******************************************************************************
 101:Generated_Source\PSoC4/CAN_INT.c ****     * FUNCTION NAME:   CAN_BitErrorIsr
 102:Generated_Source\PSoC4/CAN_INT.c ****     ********************************************************************************
 103:Generated_Source\PSoC4/CAN_INT.c ****     *
 104:Generated_Source\PSoC4/CAN_INT.c ****     * Summary:
 105:Generated_Source\PSoC4/CAN_INT.c ****     *  This function is entry point to Bit Error Interrupt. Clears Bit Error
 106:Generated_Source\PSoC4/CAN_INT.c ****     *  interrupt flag. Only generated if Bit Error Interrupt enable in Customizer.
 107:Generated_Source\PSoC4/CAN_INT.c ****     *
 108:Generated_Source\PSoC4/CAN_INT.c ****     * Parameters:
 109:Generated_Source\PSoC4/CAN_INT.c ****     *  None.
 110:Generated_Source\PSoC4/CAN_INT.c ****     *
 111:Generated_Source\PSoC4/CAN_INT.c ****     * Return:
 112:Generated_Source\PSoC4/CAN_INT.c ****     *  None.
 113:Generated_Source\PSoC4/CAN_INT.c ****     *
 114:Generated_Source\PSoC4/CAN_INT.c ****     * Reentrant:
 115:Generated_Source\PSoC4/CAN_INT.c ****     *  Depends on Customer code.
 116:Generated_Source\PSoC4/CAN_INT.c ****     *
 117:Generated_Source\PSoC4/CAN_INT.c ****     *******************************************************************************/
 118:Generated_Source\PSoC4/CAN_INT.c ****     void CAN_BitErrorIsr(void) 
 119:Generated_Source\PSoC4/CAN_INT.c ****     {
 120:Generated_Source\PSoC4/CAN_INT.c ****         /* Clear Bit Error flag */
 121:Generated_Source\PSoC4/CAN_INT.c ****         CAN_INT_SR_REG = CAN_BIT_ERROR_MASK;
 122:Generated_Source\PSoC4/CAN_INT.c **** 
 123:Generated_Source\PSoC4/CAN_INT.c ****         /* `#START BIT_ERROR_ISR` */
 124:Generated_Source\PSoC4/CAN_INT.c **** 
 125:Generated_Source\PSoC4/CAN_INT.c ****         /* `#END` */
 126:Generated_Source\PSoC4/CAN_INT.c **** 
 127:Generated_Source\PSoC4/CAN_INT.c ****         #ifdef CAN_BIT_ERROR_ISR_CALLBACK
 128:Generated_Source\PSoC4/CAN_INT.c ****             CAN_BitErrorIsr_Callback();
 129:Generated_Source\PSoC4/CAN_INT.c ****         #endif /* CAN_BIT_ERROR_ISR_CALLBACK */
 130:Generated_Source\PSoC4/CAN_INT.c ****     }
 131:Generated_Source\PSoC4/CAN_INT.c **** #endif /* CAN_BIT_ERR */
 132:Generated_Source\PSoC4/CAN_INT.c **** 
 133:Generated_Source\PSoC4/CAN_INT.c **** 
 134:Generated_Source\PSoC4/CAN_INT.c **** #if (CAN_STUFF_ERR)
 135:Generated_Source\PSoC4/CAN_INT.c ****     /*******************************************************************************
 136:Generated_Source\PSoC4/CAN_INT.c ****     * FUNCTION NAME:   CAN_BitStuffErrorIsr
 137:Generated_Source\PSoC4/CAN_INT.c ****     ********************************************************************************
 138:Generated_Source\PSoC4/CAN_INT.c ****     *
 139:Generated_Source\PSoC4/CAN_INT.c ****     * Summary:
 140:Generated_Source\PSoC4/CAN_INT.c ****     *  This function is entry point to Bit Stuff Error Interrupt. Clears Bit Stuff
 141:Generated_Source\PSoC4/CAN_INT.c ****     *  Error interrupt flag. Only generated if Bit Stuff Error Interrupt enable
 142:Generated_Source\PSoC4/CAN_INT.c ****     *  in Customizer.
 143:Generated_Source\PSoC4/CAN_INT.c ****     *
 144:Generated_Source\PSoC4/CAN_INT.c ****     * Parameters:
ARM GAS  C:\Users\RYANCA~1\AppData\Local\Temp\cck2iDXp.s 			page 4


 145:Generated_Source\PSoC4/CAN_INT.c ****     *  None.
 146:Generated_Source\PSoC4/CAN_INT.c ****     *
 147:Generated_Source\PSoC4/CAN_INT.c ****     * Return:
 148:Generated_Source\PSoC4/CAN_INT.c ****     *  None.
 149:Generated_Source\PSoC4/CAN_INT.c ****     *
 150:Generated_Source\PSoC4/CAN_INT.c ****     * Reentrant:
 151:Generated_Source\PSoC4/CAN_INT.c ****     *  Depends on Customer code.
 152:Generated_Source\PSoC4/CAN_INT.c ****     *
 153:Generated_Source\PSoC4/CAN_INT.c ****     *******************************************************************************/
 154:Generated_Source\PSoC4/CAN_INT.c ****     void CAN_BitStuffErrorIsr(void) 
 155:Generated_Source\PSoC4/CAN_INT.c ****     {
 156:Generated_Source\PSoC4/CAN_INT.c ****         /* Clear Stuff Error flag */
 157:Generated_Source\PSoC4/CAN_INT.c ****         CAN_INT_SR_REG = CAN_STUFF_ERROR_MASK;
 158:Generated_Source\PSoC4/CAN_INT.c **** 
 159:Generated_Source\PSoC4/CAN_INT.c ****         /* `#START BIT_STUFF_ERROR_ISR` */
 160:Generated_Source\PSoC4/CAN_INT.c **** 
 161:Generated_Source\PSoC4/CAN_INT.c ****         /* `#END` */
 162:Generated_Source\PSoC4/CAN_INT.c **** 
 163:Generated_Source\PSoC4/CAN_INT.c ****         #ifdef CAN_BIT_STUFF_ERROR_ISR_CALLBACK
 164:Generated_Source\PSoC4/CAN_INT.c ****             CAN_BitStuffErrorIsr_Callback();
 165:Generated_Source\PSoC4/CAN_INT.c ****         #endif /* CAN_BIT_STUFF_ERROR_ISR_CALLBACK */
 166:Generated_Source\PSoC4/CAN_INT.c ****     }
 167:Generated_Source\PSoC4/CAN_INT.c **** #endif /* CAN_STUFF_ERR */
 168:Generated_Source\PSoC4/CAN_INT.c **** 
 169:Generated_Source\PSoC4/CAN_INT.c **** 
 170:Generated_Source\PSoC4/CAN_INT.c **** #if (CAN_ACK_ERR)
 171:Generated_Source\PSoC4/CAN_INT.c ****     /*******************************************************************************
 172:Generated_Source\PSoC4/CAN_INT.c ****     * FUNCTION NAME:   CAN_AckErrorIsr
 173:Generated_Source\PSoC4/CAN_INT.c ****     ********************************************************************************
 174:Generated_Source\PSoC4/CAN_INT.c ****     *
 175:Generated_Source\PSoC4/CAN_INT.c ****     * Summary:
 176:Generated_Source\PSoC4/CAN_INT.c ****     *  This function is entry point to Acknowledge Error Interrupt. Clears
 177:Generated_Source\PSoC4/CAN_INT.c ****     *  Acknowledge Error interrupt flag. Only generated if Acknowledge Error
 178:Generated_Source\PSoC4/CAN_INT.c ****     *  Interrupt enable in Customizer.
 179:Generated_Source\PSoC4/CAN_INT.c ****     *
 180:Generated_Source\PSoC4/CAN_INT.c ****     * Parameters:
 181:Generated_Source\PSoC4/CAN_INT.c ****     *  None.
 182:Generated_Source\PSoC4/CAN_INT.c ****     *
 183:Generated_Source\PSoC4/CAN_INT.c ****     * Return:
 184:Generated_Source\PSoC4/CAN_INT.c ****     *  None.
 185:Generated_Source\PSoC4/CAN_INT.c ****     *
 186:Generated_Source\PSoC4/CAN_INT.c ****     * Reentrant:
 187:Generated_Source\PSoC4/CAN_INT.c ****     *  Depends on Customer code.
 188:Generated_Source\PSoC4/CAN_INT.c ****     *
 189:Generated_Source\PSoC4/CAN_INT.c ****     *******************************************************************************/
 190:Generated_Source\PSoC4/CAN_INT.c ****     void CAN_AckErrorIsr(void) 
 191:Generated_Source\PSoC4/CAN_INT.c ****     {
 192:Generated_Source\PSoC4/CAN_INT.c ****         /* Clear Acknoledge Error flag */
 193:Generated_Source\PSoC4/CAN_INT.c ****         CAN_INT_SR_REG = CAN_ACK_ERROR_MASK;
 194:Generated_Source\PSoC4/CAN_INT.c **** 
 195:Generated_Source\PSoC4/CAN_INT.c ****         /* `#START ACKNOWLEDGE_ERROR_ISR` */
 196:Generated_Source\PSoC4/CAN_INT.c **** 
 197:Generated_Source\PSoC4/CAN_INT.c ****         /* `#END` */
 198:Generated_Source\PSoC4/CAN_INT.c **** 
 199:Generated_Source\PSoC4/CAN_INT.c ****         #ifdef CAN_ACK_ERROR_ISR_CALLBACK
 200:Generated_Source\PSoC4/CAN_INT.c ****             CAN_AckErrorIsr_Callback();
 201:Generated_Source\PSoC4/CAN_INT.c ****         #endif /* CAN_ACK_ERROR_ISR_CALLBACK */
ARM GAS  C:\Users\RYANCA~1\AppData\Local\Temp\cck2iDXp.s 			page 5


 202:Generated_Source\PSoC4/CAN_INT.c ****     }
 203:Generated_Source\PSoC4/CAN_INT.c **** #endif /* CAN_ACK_ERR */
 204:Generated_Source\PSoC4/CAN_INT.c **** 
 205:Generated_Source\PSoC4/CAN_INT.c **** 
 206:Generated_Source\PSoC4/CAN_INT.c **** #if (CAN_FORM_ERR)
 207:Generated_Source\PSoC4/CAN_INT.c ****     /*******************************************************************************
 208:Generated_Source\PSoC4/CAN_INT.c ****     * FUNCTION NAME:   CAN_MsgErrorIsr
 209:Generated_Source\PSoC4/CAN_INT.c ****     ********************************************************************************
 210:Generated_Source\PSoC4/CAN_INT.c ****     *
 211:Generated_Source\PSoC4/CAN_INT.c ****     * Summary:
 212:Generated_Source\PSoC4/CAN_INT.c ****     *  This function is entry point to Form Error Interrupt. Clears Form Error
 213:Generated_Source\PSoC4/CAN_INT.c ****     *  interrupt flag. Only generated if Form Error Interrupt enable in Customizer.
 214:Generated_Source\PSoC4/CAN_INT.c ****     *
 215:Generated_Source\PSoC4/CAN_INT.c ****     * Parameters:
 216:Generated_Source\PSoC4/CAN_INT.c ****     *  None.
 217:Generated_Source\PSoC4/CAN_INT.c ****     *
 218:Generated_Source\PSoC4/CAN_INT.c ****     * Return:
 219:Generated_Source\PSoC4/CAN_INT.c ****     *  None.
 220:Generated_Source\PSoC4/CAN_INT.c ****     *
 221:Generated_Source\PSoC4/CAN_INT.c ****     * Reentrant:
 222:Generated_Source\PSoC4/CAN_INT.c ****     *  Depends on Customer code.
 223:Generated_Source\PSoC4/CAN_INT.c ****     *
 224:Generated_Source\PSoC4/CAN_INT.c ****     *******************************************************************************/
 225:Generated_Source\PSoC4/CAN_INT.c ****     void CAN_MsgErrorIsr(void) 
 226:Generated_Source\PSoC4/CAN_INT.c ****     {
 227:Generated_Source\PSoC4/CAN_INT.c ****         /* Clear Form Error flag */
 228:Generated_Source\PSoC4/CAN_INT.c ****         CAN_INT_SR_REG = CAN_FORM_ERROR_MASK;
 229:Generated_Source\PSoC4/CAN_INT.c **** 
 230:Generated_Source\PSoC4/CAN_INT.c ****         /* `#START MESSAGE_ERROR_ISR` */
 231:Generated_Source\PSoC4/CAN_INT.c **** 
 232:Generated_Source\PSoC4/CAN_INT.c ****         /* `#END` */
 233:Generated_Source\PSoC4/CAN_INT.c **** 
 234:Generated_Source\PSoC4/CAN_INT.c ****         #ifdef CAN_MSG_ERROR_ISR_CALLBACK
 235:Generated_Source\PSoC4/CAN_INT.c ****             CAN_MsgErrorIsr_Callback();
 236:Generated_Source\PSoC4/CAN_INT.c ****         #endif /* CAN_MSG_ERROR_ISR_CALLBACK */
 237:Generated_Source\PSoC4/CAN_INT.c ****     }
 238:Generated_Source\PSoC4/CAN_INT.c **** #endif /* CAN_FORM_ERR */
 239:Generated_Source\PSoC4/CAN_INT.c **** 
 240:Generated_Source\PSoC4/CAN_INT.c **** 
 241:Generated_Source\PSoC4/CAN_INT.c **** #if (CAN_CRC_ERR)
 242:Generated_Source\PSoC4/CAN_INT.c ****     /*******************************************************************************
 243:Generated_Source\PSoC4/CAN_INT.c ****     * FUNCTION NAME:   CAN_CrcErrorIsr
 244:Generated_Source\PSoC4/CAN_INT.c ****     ********************************************************************************
 245:Generated_Source\PSoC4/CAN_INT.c ****     *
 246:Generated_Source\PSoC4/CAN_INT.c ****     * Summary:
 247:Generated_Source\PSoC4/CAN_INT.c ****     *  This function is entry point to CRC Error Interrupt. Clears CRC Error
 248:Generated_Source\PSoC4/CAN_INT.c ****     *  interrupt flag. Only generated if CRC Error Interrupt enable in Customizer.
 249:Generated_Source\PSoC4/CAN_INT.c ****     *
 250:Generated_Source\PSoC4/CAN_INT.c ****     * Parameters:
 251:Generated_Source\PSoC4/CAN_INT.c ****     *  None.
 252:Generated_Source\PSoC4/CAN_INT.c ****     *
 253:Generated_Source\PSoC4/CAN_INT.c ****     * Return:
 254:Generated_Source\PSoC4/CAN_INT.c ****     *  None.
 255:Generated_Source\PSoC4/CAN_INT.c ****     *
 256:Generated_Source\PSoC4/CAN_INT.c ****     * Reentrant:
 257:Generated_Source\PSoC4/CAN_INT.c ****     *  Depends on Customer code.
 258:Generated_Source\PSoC4/CAN_INT.c ****     *
ARM GAS  C:\Users\RYANCA~1\AppData\Local\Temp\cck2iDXp.s 			page 6


 259:Generated_Source\PSoC4/CAN_INT.c ****     *******************************************************************************/
 260:Generated_Source\PSoC4/CAN_INT.c ****     void CAN_CrcErrorIsr(void) 
 261:Generated_Source\PSoC4/CAN_INT.c ****     {
 262:Generated_Source\PSoC4/CAN_INT.c ****         /* Clear CRC Error flag */
 263:Generated_Source\PSoC4/CAN_INT.c ****         CAN_INT_SR_REG = CAN_CRC_ERROR_MASK;
 264:Generated_Source\PSoC4/CAN_INT.c **** 
 265:Generated_Source\PSoC4/CAN_INT.c ****         /* `#START CRC_ERROR_ISR` */
 266:Generated_Source\PSoC4/CAN_INT.c **** 
 267:Generated_Source\PSoC4/CAN_INT.c ****         /* `#END` */
 268:Generated_Source\PSoC4/CAN_INT.c **** 
 269:Generated_Source\PSoC4/CAN_INT.c ****         #ifdef CAN_CRC_ERROR_ISR_CALLBACK
 270:Generated_Source\PSoC4/CAN_INT.c ****             CAN_CrcErrorIsr_Callback();
 271:Generated_Source\PSoC4/CAN_INT.c ****         #endif /* CAN_CRC_ERROR_ISR_CALLBACK */
 272:Generated_Source\PSoC4/CAN_INT.c ****     }
 273:Generated_Source\PSoC4/CAN_INT.c **** #endif /* CAN_CRC_ERR */
 274:Generated_Source\PSoC4/CAN_INT.c **** 
 275:Generated_Source\PSoC4/CAN_INT.c **** 
 276:Generated_Source\PSoC4/CAN_INT.c **** #if (CAN_BUS_OFF)
 277:Generated_Source\PSoC4/CAN_INT.c ****     /*******************************************************************************
 278:Generated_Source\PSoC4/CAN_INT.c ****     * FUNCTION NAME:   CAN_BusOffIsr
 279:Generated_Source\PSoC4/CAN_INT.c ****     ********************************************************************************
 280:Generated_Source\PSoC4/CAN_INT.c ****     *
 281:Generated_Source\PSoC4/CAN_INT.c ****     * Summary:
 282:Generated_Source\PSoC4/CAN_INT.c ****     *  This function is entry point to Bus Off Interrupt. Places CAN Component
 283:Generated_Source\PSoC4/CAN_INT.c ****     *  to Stop mode. Only generated if Bus Off Interrupt enable in Customizer.
 284:Generated_Source\PSoC4/CAN_INT.c ****     *  Recommended setting to enable this interrupt.
 285:Generated_Source\PSoC4/CAN_INT.c ****     *
 286:Generated_Source\PSoC4/CAN_INT.c ****     * Parameters:
 287:Generated_Source\PSoC4/CAN_INT.c ****     *  None.
 288:Generated_Source\PSoC4/CAN_INT.c ****     *
 289:Generated_Source\PSoC4/CAN_INT.c ****     * Return:
 290:Generated_Source\PSoC4/CAN_INT.c ****     *  None.
 291:Generated_Source\PSoC4/CAN_INT.c ****     *
 292:Generated_Source\PSoC4/CAN_INT.c ****     * Side Effects:
 293:Generated_Source\PSoC4/CAN_INT.c ****     *  Stops CAN component operation.
 294:Generated_Source\PSoC4/CAN_INT.c ****     *
 295:Generated_Source\PSoC4/CAN_INT.c ****     *******************************************************************************/
 296:Generated_Source\PSoC4/CAN_INT.c ****     void CAN_BusOffIsr(void) 
 297:Generated_Source\PSoC4/CAN_INT.c ****     {
 298:Generated_Source\PSoC4/CAN_INT.c ****         /* Clear Bus Off flag */
 299:Generated_Source\PSoC4/CAN_INT.c ****         CAN_INT_SR_REG = CAN_BUS_OFF_MASK;
 300:Generated_Source\PSoC4/CAN_INT.c **** 
 301:Generated_Source\PSoC4/CAN_INT.c ****         /* `#START BUS_OFF_ISR` */
 302:Generated_Source\PSoC4/CAN_INT.c **** 
 303:Generated_Source\PSoC4/CAN_INT.c ****         /* `#END` */
 304:Generated_Source\PSoC4/CAN_INT.c **** 
 305:Generated_Source\PSoC4/CAN_INT.c ****         #ifdef CAN_BUS_OFF_ISR_CALLBACK
 306:Generated_Source\PSoC4/CAN_INT.c ****             CAN_BusOffIsr_Callback();
 307:Generated_Source\PSoC4/CAN_INT.c ****         #endif /* CAN_BUS_OFF_ISR_CALLBACK */
 308:Generated_Source\PSoC4/CAN_INT.c **** 
 309:Generated_Source\PSoC4/CAN_INT.c ****         (void) CAN_Stop();
 310:Generated_Source\PSoC4/CAN_INT.c ****     }
 311:Generated_Source\PSoC4/CAN_INT.c **** #endif /* CAN_BUS_OFF */
 312:Generated_Source\PSoC4/CAN_INT.c **** 
 313:Generated_Source\PSoC4/CAN_INT.c **** 
 314:Generated_Source\PSoC4/CAN_INT.c **** #if (CAN_RX_MSG_LOST)
 315:Generated_Source\PSoC4/CAN_INT.c ****     /*******************************************************************************
ARM GAS  C:\Users\RYANCA~1\AppData\Local\Temp\cck2iDXp.s 			page 7


 316:Generated_Source\PSoC4/CAN_INT.c ****     * FUNCTION NAME:   CAN_MsgLostIsr
 317:Generated_Source\PSoC4/CAN_INT.c ****     ********************************************************************************
 318:Generated_Source\PSoC4/CAN_INT.c ****     *
 319:Generated_Source\PSoC4/CAN_INT.c ****     * Summary:
 320:Generated_Source\PSoC4/CAN_INT.c ****     *  This function is entry point to Message Lost Interrupt. Clears Message Lost
 321:Generated_Source\PSoC4/CAN_INT.c ****     *  interrupt flag. Only generated if Message Lost Interrupt enable in Customizer
 322:Generated_Source\PSoC4/CAN_INT.c ****     *
 323:Generated_Source\PSoC4/CAN_INT.c ****     * Parameters:
 324:Generated_Source\PSoC4/CAN_INT.c ****     *  None.
 325:Generated_Source\PSoC4/CAN_INT.c ****     *
 326:Generated_Source\PSoC4/CAN_INT.c ****     * Return:
 327:Generated_Source\PSoC4/CAN_INT.c ****     *  None.
 328:Generated_Source\PSoC4/CAN_INT.c ****     *
 329:Generated_Source\PSoC4/CAN_INT.c ****     * Reentrant:
 330:Generated_Source\PSoC4/CAN_INT.c ****     *  Depends on Customer code.
 331:Generated_Source\PSoC4/CAN_INT.c ****     *
 332:Generated_Source\PSoC4/CAN_INT.c ****     *******************************************************************************/
 333:Generated_Source\PSoC4/CAN_INT.c ****     void CAN_MsgLostIsr(void) 
 334:Generated_Source\PSoC4/CAN_INT.c ****     {
 335:Generated_Source\PSoC4/CAN_INT.c ****         /* Clear Receive Message Lost flag */
 336:Generated_Source\PSoC4/CAN_INT.c ****         CAN_INT_SR_REG = CAN_RX_MSG_LOST_MASK;
 337:Generated_Source\PSoC4/CAN_INT.c **** 
 338:Generated_Source\PSoC4/CAN_INT.c ****         /* `#START MESSAGE_LOST_ISR` */
 339:Generated_Source\PSoC4/CAN_INT.c **** 
 340:Generated_Source\PSoC4/CAN_INT.c ****         /* `#END` */
 341:Generated_Source\PSoC4/CAN_INT.c **** 
 342:Generated_Source\PSoC4/CAN_INT.c ****         #ifdef CAN_MSG_LOST_ISR_CALLBACK
 343:Generated_Source\PSoC4/CAN_INT.c ****             CAN_MsgLostIsr_Callback();
 344:Generated_Source\PSoC4/CAN_INT.c ****         #endif /* CAN_MSG_LOST_ISR_CALLBACK */
 345:Generated_Source\PSoC4/CAN_INT.c ****     }
 346:Generated_Source\PSoC4/CAN_INT.c **** #endif /* CAN_RX_MSG_LOST */
 347:Generated_Source\PSoC4/CAN_INT.c **** 
 348:Generated_Source\PSoC4/CAN_INT.c **** 
 349:Generated_Source\PSoC4/CAN_INT.c **** #if (CAN_TX_MESSAGE)
 350:Generated_Source\PSoC4/CAN_INT.c ****     /*******************************************************************************
 351:Generated_Source\PSoC4/CAN_INT.c ****     * FUNCTION NAME:   CAN_MsgTXIsr
 352:Generated_Source\PSoC4/CAN_INT.c ****     ********************************************************************************
 353:Generated_Source\PSoC4/CAN_INT.c ****     *
 354:Generated_Source\PSoC4/CAN_INT.c ****     * Summary:
 355:Generated_Source\PSoC4/CAN_INT.c ****     *  This function is entry point to Transmit Message Interrupt. Clears Transmit
 356:Generated_Source\PSoC4/CAN_INT.c ****     *  Message interrupt flag. Only generated if Transmit Message Interrupt enable
 357:Generated_Source\PSoC4/CAN_INT.c ****     *  in Customizer.
 358:Generated_Source\PSoC4/CAN_INT.c ****     *
 359:Generated_Source\PSoC4/CAN_INT.c ****     * Parameters:
 360:Generated_Source\PSoC4/CAN_INT.c ****     *  None.
 361:Generated_Source\PSoC4/CAN_INT.c ****     *
 362:Generated_Source\PSoC4/CAN_INT.c ****     * Return:
 363:Generated_Source\PSoC4/CAN_INT.c ****     *  None.
 364:Generated_Source\PSoC4/CAN_INT.c ****     *
 365:Generated_Source\PSoC4/CAN_INT.c ****     * Reentrant:
 366:Generated_Source\PSoC4/CAN_INT.c ****     *  Depends on Customer code.
 367:Generated_Source\PSoC4/CAN_INT.c ****     *
 368:Generated_Source\PSoC4/CAN_INT.c ****     *******************************************************************************/
 369:Generated_Source\PSoC4/CAN_INT.c ****     void CAN_MsgTXIsr(void) 
 370:Generated_Source\PSoC4/CAN_INT.c ****     {
 371:Generated_Source\PSoC4/CAN_INT.c ****         /* Clear Transmit Message flag */
 372:Generated_Source\PSoC4/CAN_INT.c ****         CAN_INT_SR_REG = CAN_TX_MESSAGE_MASK;
ARM GAS  C:\Users\RYANCA~1\AppData\Local\Temp\cck2iDXp.s 			page 8


 373:Generated_Source\PSoC4/CAN_INT.c **** 
 374:Generated_Source\PSoC4/CAN_INT.c ****         /* `#START MESSAGE_TRANSMITTED_ISR` */
 375:Generated_Source\PSoC4/CAN_INT.c **** 
 376:Generated_Source\PSoC4/CAN_INT.c ****         /* `#END` */
 377:Generated_Source\PSoC4/CAN_INT.c **** 
 378:Generated_Source\PSoC4/CAN_INT.c ****         #ifdef CAN_MSG_TX_ISR_CALLBACK
 379:Generated_Source\PSoC4/CAN_INT.c ****             CAN_MsgTXIsr_Callback();
 380:Generated_Source\PSoC4/CAN_INT.c ****         #endif /* CAN_MSG_TX_ISR_CALLBACK */
 381:Generated_Source\PSoC4/CAN_INT.c ****     }
 382:Generated_Source\PSoC4/CAN_INT.c **** #endif /* CAN_TX_MESSAGE */
 383:Generated_Source\PSoC4/CAN_INT.c **** 
 384:Generated_Source\PSoC4/CAN_INT.c **** 
 385:Generated_Source\PSoC4/CAN_INT.c **** #if (CAN_RX_MESSAGE)
 386:Generated_Source\PSoC4/CAN_INT.c ****     /*******************************************************************************
 387:Generated_Source\PSoC4/CAN_INT.c ****     * FUNCTION NAME:   CAN_MsgRXIsr
 388:Generated_Source\PSoC4/CAN_INT.c ****     ********************************************************************************
 389:Generated_Source\PSoC4/CAN_INT.c ****     *
 390:Generated_Source\PSoC4/CAN_INT.c ****     * Summary:
 391:Generated_Source\PSoC4/CAN_INT.c ****     *  This function is entry point to Receive Message Interrupt. Clears Receive
 392:Generated_Source\PSoC4/CAN_INT.c ****     *  Message interrupt flag and call appropriate handlers for Basic and Full
 393:Generated_Source\PSoC4/CAN_INT.c ****     *  interrupt based mailboxes. Only generated if Receive Message Interrupt
 394:Generated_Source\PSoC4/CAN_INT.c ****     *  enable in Customizer. Recommended setting to enable this interrupt.
 395:Generated_Source\PSoC4/CAN_INT.c ****     *
 396:Generated_Source\PSoC4/CAN_INT.c ****     * Parameters:
 397:Generated_Source\PSoC4/CAN_INT.c ****     *  None.
 398:Generated_Source\PSoC4/CAN_INT.c ****     *
 399:Generated_Source\PSoC4/CAN_INT.c ****     * Return:
 400:Generated_Source\PSoC4/CAN_INT.c ****     *  None.
 401:Generated_Source\PSoC4/CAN_INT.c ****     *
 402:Generated_Source\PSoC4/CAN_INT.c ****     *******************************************************************************/
 403:Generated_Source\PSoC4/CAN_INT.c ****     void CAN_MsgRXIsr(void) 
 404:Generated_Source\PSoC4/CAN_INT.c ****     {
  28              		.loc 1 404 0
  29              		.cfi_startproc
  30              		@ args = 0, pretend = 0, frame = 0
  31              		@ frame_needed = 0, uses_anonymous_args = 0
  32              	.LVL0:
 405:Generated_Source\PSoC4/CAN_INT.c ****         uint8 mailboxNumber;
 406:Generated_Source\PSoC4/CAN_INT.c ****         uint16 shift = 0x01u;
 407:Generated_Source\PSoC4/CAN_INT.c **** 
 408:Generated_Source\PSoC4/CAN_INT.c ****         /* Clear Receive Message flag */
 409:Generated_Source\PSoC4/CAN_INT.c ****         CAN_INT_SR_REG = CAN_RX_MESSAGE_MASK;
  33              		.loc 1 409 0
  34 0000 8022     		movs	r2, #128
 404:Generated_Source\PSoC4/CAN_INT.c ****         uint8 mailboxNumber;
  35              		.loc 1 404 0
  36 0002 F8B5     		push	{r3, r4, r5, r6, r7, lr}
  37              		.cfi_def_cfa_offset 24
  38              		.cfi_offset 3, -24
  39              		.cfi_offset 4, -20
  40              		.cfi_offset 5, -16
  41              		.cfi_offset 6, -12
  42              		.cfi_offset 7, -8
  43              		.cfi_offset 14, -4
  44              		.loc 1 409 0
  45 0004 0025     		movs	r5, #0
 406:Generated_Source\PSoC4/CAN_INT.c **** 
ARM GAS  C:\Users\RYANCA~1\AppData\Local\Temp\cck2iDXp.s 			page 9


  46              		.loc 1 406 0
  47 0006 0124     		movs	r4, #1
 410:Generated_Source\PSoC4/CAN_INT.c **** 
 411:Generated_Source\PSoC4/CAN_INT.c ****         /* `#START MESSAGE_RECEIVE_ISR` */
 412:Generated_Source\PSoC4/CAN_INT.c **** 
 413:Generated_Source\PSoC4/CAN_INT.c ****         /* `#END` */
 414:Generated_Source\PSoC4/CAN_INT.c **** 
 415:Generated_Source\PSoC4/CAN_INT.c ****         #ifdef CAN_MSG_RX_ISR_CALLBACK
 416:Generated_Source\PSoC4/CAN_INT.c ****             CAN_MsgRXIsr_Callback();
 417:Generated_Source\PSoC4/CAN_INT.c ****         #endif /* CAN_MSG_RX_ISR_CALLBACK */
 418:Generated_Source\PSoC4/CAN_INT.c **** 
 419:Generated_Source\PSoC4/CAN_INT.c ****         for (mailboxNumber = 0u; mailboxNumber < CAN_NUMBER_OF_RX_MAILBOXES; mailboxNumber++)
 420:Generated_Source\PSoC4/CAN_INT.c ****         {
 421:Generated_Source\PSoC4/CAN_INT.c **** 
 422:Generated_Source\PSoC4/CAN_INT.c ****             if ((CAN_BUF_SR_REG & shift) != 0u)
 423:Generated_Source\PSoC4/CAN_INT.c ****             {
 424:Generated_Source\PSoC4/CAN_INT.c ****                 if ((CAN_RX_CMD_REG(mailboxNumber) & CAN_RX_INT_ENABLE_MASK) != 0u)
  48              		.loc 1 424 0
  49 0008 2026     		movs	r6, #32
 425:Generated_Source\PSoC4/CAN_INT.c ****                 {
 426:Generated_Source\PSoC4/CAN_INT.c ****                     if ((CAN_RX_MAILBOX_TYPE & shift) != 0u)
  50              		.loc 1 426 0
  51 000a 3F27     		movs	r7, #63
 409:Generated_Source\PSoC4/CAN_INT.c **** 
  52              		.loc 1 409 0
  53 000c 184B     		ldr	r3, .L20
  54 000e 5201     		lsls	r2, r2, #5
  55 0010 1A60     		str	r2, [r3]
  56              	.LVL1:
  57              	.L11:
 422:Generated_Source\PSoC4/CAN_INT.c ****             {
  58              		.loc 1 422 0
  59 0012 184B     		ldr	r3, .L20+4
  60 0014 E8B2     		uxtb	r0, r5
  61              	.LVL2:
  62 0016 1B68     		ldr	r3, [r3]
  63 0018 2342     		tst	r3, r4
  64 001a 22D0     		beq	.L2
  65 001c 164B     		ldr	r3, .L20+8
  66 001e EB18     		adds	r3, r5, r3
  67 0020 5B01     		lsls	r3, r3, #5
 424:Generated_Source\PSoC4/CAN_INT.c ****                 {
  68              		.loc 1 424 0
  69 0022 1B68     		ldr	r3, [r3]
  70 0024 3342     		tst	r3, r6
  71 0026 1CD0     		beq	.L2
  72              		.loc 1 426 0
  73 0028 3C42     		tst	r4, r7
  74 002a 18D0     		beq	.L3
 427:Generated_Source\PSoC4/CAN_INT.c ****                     {
 428:Generated_Source\PSoC4/CAN_INT.c ****                         /* RX Full mailboxes handler */
 429:Generated_Source\PSoC4/CAN_INT.c ****                         switch(mailboxNumber)
  75              		.loc 1 429 0
  76 002c 0528     		cmp	r0, #5
  77 002e 18D8     		bhi	.L2
  78 0030 FFF7FEFF 		bl	__gnu_thumb1_case_uqi
  79              	.L5:
ARM GAS  C:\Users\RYANCA~1\AppData\Local\Temp\cck2iDXp.s 			page 10


  80 0034 03       		.byte	(.L4-.L5)/2
  81 0035 06       		.byte	(.L6-.L5)/2
  82 0036 09       		.byte	(.L7-.L5)/2
  83 0037 0C       		.byte	(.L8-.L5)/2
  84 0038 0F       		.byte	(.L9-.L5)/2
  85 0039 12       		.byte	(.L10-.L5)/2
  86              		.p2align 1
  87              	.L4:
 430:Generated_Source\PSoC4/CAN_INT.c ****                         {
 431:Generated_Source\PSoC4/CAN_INT.c ****                             case 0u : CAN_ReceiveMsgTORQUE_REQUEST();
  88              		.loc 1 431 0
  89 003a FFF7FEFF 		bl	CAN_ReceiveMsgTORQUE_REQUEST
  90              	.LVL3:
 432:Generated_Source\PSoC4/CAN_INT.c ****                             break;
  91              		.loc 1 432 0
  92 003e 10E0     		b	.L2
  93              	.LVL4:
  94              	.L6:
 433:Generated_Source\PSoC4/CAN_INT.c ****                             case 1u : CAN_ReceiveMsgBMS_STATUS_MSG();
  95              		.loc 1 433 0
  96 0040 FFF7FEFF 		bl	CAN_ReceiveMsgBMS_STATUS_MSG
  97              	.LVL5:
 434:Generated_Source\PSoC4/CAN_INT.c ****                             break;
  98              		.loc 1 434 0
  99 0044 0DE0     		b	.L2
 100              	.LVL6:
 101              	.L7:
 435:Generated_Source\PSoC4/CAN_INT.c ****                             case 2u : CAN_ReceiveMsgBMS_TEMPERATURES();
 102              		.loc 1 435 0
 103 0046 FFF7FEFF 		bl	CAN_ReceiveMsgBMS_TEMPERATURES
 104              	.LVL7:
 436:Generated_Source\PSoC4/CAN_INT.c ****                             break;
 105              		.loc 1 436 0
 106 004a 0AE0     		b	.L2
 107              	.LVL8:
 108              	.L8:
 437:Generated_Source\PSoC4/CAN_INT.c ****                             case 3u : CAN_ReceiveMsgMC_PDO_SEND();
 109              		.loc 1 437 0
 110 004c FFF7FEFF 		bl	CAN_ReceiveMsgMC_PDO_SEND
 111              	.LVL9:
 438:Generated_Source\PSoC4/CAN_INT.c ****                             break;
 112              		.loc 1 438 0
 113 0050 07E0     		b	.L2
 114              	.LVL10:
 115              	.L9:
 439:Generated_Source\PSoC4/CAN_INT.c ****                             case 4u : CAN_ReceiveMsgMC_PDO_ACK();
 116              		.loc 1 439 0
 117 0052 FFF7FEFF 		bl	CAN_ReceiveMsgMC_PDO_ACK
 118              	.LVL11:
 440:Generated_Source\PSoC4/CAN_INT.c ****                             break;
 119              		.loc 1 440 0
 120 0056 04E0     		b	.L2
 121              	.LVL12:
 122              	.L10:
 441:Generated_Source\PSoC4/CAN_INT.c ****                             case 5u : CAN_ReceiveMsgPEI_CURRENT();
 123              		.loc 1 441 0
 124 0058 FFF7FEFF 		bl	CAN_ReceiveMsgPEI_CURRENT
ARM GAS  C:\Users\RYANCA~1\AppData\Local\Temp\cck2iDXp.s 			page 11


 125              	.LVL13:
 442:Generated_Source\PSoC4/CAN_INT.c ****                             break;
 126              		.loc 1 442 0
 127 005c 01E0     		b	.L2
 128              	.LVL14:
 129              	.L3:
 443:Generated_Source\PSoC4/CAN_INT.c ****                             default:
 444:Generated_Source\PSoC4/CAN_INT.c ****                             break;
 445:Generated_Source\PSoC4/CAN_INT.c ****                         }
 446:Generated_Source\PSoC4/CAN_INT.c ****                     }
 447:Generated_Source\PSoC4/CAN_INT.c ****                     else
 448:Generated_Source\PSoC4/CAN_INT.c ****                     {
 449:Generated_Source\PSoC4/CAN_INT.c ****                         /* RX Basic mailbox handler */
 450:Generated_Source\PSoC4/CAN_INT.c ****                         CAN_ReceiveMsg(mailboxNumber);
 130              		.loc 1 450 0
 131 005e FFF7FEFF 		bl	CAN_ReceiveMsg
 132              	.LVL15:
 133              	.L2:
 451:Generated_Source\PSoC4/CAN_INT.c ****                     }
 452:Generated_Source\PSoC4/CAN_INT.c ****                 }
 453:Generated_Source\PSoC4/CAN_INT.c ****             }
 454:Generated_Source\PSoC4/CAN_INT.c ****             shift <<= 1u;
 134              		.loc 1 454 0 discriminator 2
 135 0062 6400     		lsls	r4, r4, #1
 136              	.LVL16:
 137 0064 0135     		adds	r5, r5, #1
 138              	.LVL17:
 139 0066 A4B2     		uxth	r4, r4
 140              	.LVL18:
 419:Generated_Source\PSoC4/CAN_INT.c ****         {
 141              		.loc 1 419 0 discriminator 2
 142 0068 102D     		cmp	r5, #16
 143 006a D2D1     		bne	.L11
 455:Generated_Source\PSoC4/CAN_INT.c ****         }
 456:Generated_Source\PSoC4/CAN_INT.c ****     }
 144              		.loc 1 456 0
 145              		@ sp needed
 146              	.LVL19:
 147 006c F8BD     		pop	{r3, r4, r5, r6, r7, pc}
 148              	.L21:
 149 006e C046     		.align	2
 150              	.L20:
 151 0070 00002F40 		.word	1076822016
 152 0074 08002F40 		.word	1076822024
 153 0078 05780102 		.word	33650693
 154              		.cfi_endproc
 155              	.LFE1:
 156              		.size	CAN_MsgRXIsr, .-CAN_MsgRXIsr
 157              		.section	.text.CAN_ISR,"ax",%progbits
 158              		.align	1
 159              		.global	CAN_ISR
 160              		.code	16
 161              		.thumb_func
 162              		.type	CAN_ISR, %function
 163              	CAN_ISR:
 164              	.LFB2:
 457:Generated_Source\PSoC4/CAN_INT.c **** #endif /* CAN_RX_MESSAGE */
ARM GAS  C:\Users\RYANCA~1\AppData\Local\Temp\cck2iDXp.s 			page 12


 458:Generated_Source\PSoC4/CAN_INT.c **** 
 459:Generated_Source\PSoC4/CAN_INT.c **** 
 460:Generated_Source\PSoC4/CAN_INT.c **** #if (CAN_RTR_AUTO_MSG_SENT)
 461:Generated_Source\PSoC4/CAN_INT.c ****     /*******************************************************************************
 462:Generated_Source\PSoC4/CAN_INT.c ****     * FUNCTION NAME:   CAN_RtrAutoMsgSentIsr
 463:Generated_Source\PSoC4/CAN_INT.c ****     ********************************************************************************
 464:Generated_Source\PSoC4/CAN_INT.c ****     *
 465:Generated_Source\PSoC4/CAN_INT.c ****     * Summary:
 466:Generated_Source\PSoC4/CAN_INT.c ****     *  This function is entry point to the RTR automatic message sent Interrupt.
 467:Generated_Source\PSoC4/CAN_INT.c ****     *  It is only generated if RTR message sent Interrupt is enabled in Customizer.
 468:Generated_Source\PSoC4/CAN_INT.c ****     *
 469:Generated_Source\PSoC4/CAN_INT.c ****     * Parameters:
 470:Generated_Source\PSoC4/CAN_INT.c ****     *  None.
 471:Generated_Source\PSoC4/CAN_INT.c ****     *
 472:Generated_Source\PSoC4/CAN_INT.c ****     * Return:
 473:Generated_Source\PSoC4/CAN_INT.c ****     *  None.
 474:Generated_Source\PSoC4/CAN_INT.c ****     *
 475:Generated_Source\PSoC4/CAN_INT.c ****     *******************************************************************************/
 476:Generated_Source\PSoC4/CAN_INT.c ****     void CAN_RtrAutoMsgSentIsr(void)
 477:Generated_Source\PSoC4/CAN_INT.c ****     {
 478:Generated_Source\PSoC4/CAN_INT.c ****         /* Clear RTR auto-reply message sent flag */
 479:Generated_Source\PSoC4/CAN_INT.c ****         CAN_INT_SR_REG = CAN_RTR_MSG_MASK;
 480:Generated_Source\PSoC4/CAN_INT.c **** 
 481:Generated_Source\PSoC4/CAN_INT.c ****         /* `#START RTR_AUTO_MSG_SENT_ISR` */
 482:Generated_Source\PSoC4/CAN_INT.c **** 
 483:Generated_Source\PSoC4/CAN_INT.c ****         /* `#END` */
 484:Generated_Source\PSoC4/CAN_INT.c **** 
 485:Generated_Source\PSoC4/CAN_INT.c ****         #ifdef CAN_RTR_AUTO_MSG_SENT_ISR_CALLBACK
 486:Generated_Source\PSoC4/CAN_INT.c ****             CAN_RtrAutoMsgSentIsr_Callback();
 487:Generated_Source\PSoC4/CAN_INT.c ****         #endif /* CAN_RTR_AUTO_MSG_SENT_ISR_CALLBACK */
 488:Generated_Source\PSoC4/CAN_INT.c ****     }
 489:Generated_Source\PSoC4/CAN_INT.c **** #endif /* CAN_RTR_AUTO_MSG_SENT */
 490:Generated_Source\PSoC4/CAN_INT.c **** 
 491:Generated_Source\PSoC4/CAN_INT.c **** 
 492:Generated_Source\PSoC4/CAN_INT.c **** #if (CAN_STUCK_AT_ZERO)
 493:Generated_Source\PSoC4/CAN_INT.c ****     /*******************************************************************************
 494:Generated_Source\PSoC4/CAN_INT.c ****     * FUNCTION NAME:   CAN_StuckAtZeroIsr
 495:Generated_Source\PSoC4/CAN_INT.c ****     ********************************************************************************
 496:Generated_Source\PSoC4/CAN_INT.c ****     *
 497:Generated_Source\PSoC4/CAN_INT.c ****     * Summary:
 498:Generated_Source\PSoC4/CAN_INT.c ****     *  This function is the entry point to the stuck at dominant bit Interrupt.
 499:Generated_Source\PSoC4/CAN_INT.c ****     *  It is only generated if stuck at zero Interrupt is enabled in Customizer.
 500:Generated_Source\PSoC4/CAN_INT.c ****     *  Enabling this interrupt is recommended.
 501:Generated_Source\PSoC4/CAN_INT.c ****     *
 502:Generated_Source\PSoC4/CAN_INT.c ****     * Parameters:
 503:Generated_Source\PSoC4/CAN_INT.c ****     *  None.
 504:Generated_Source\PSoC4/CAN_INT.c ****     *
 505:Generated_Source\PSoC4/CAN_INT.c ****     * Return:
 506:Generated_Source\PSoC4/CAN_INT.c ****     *  None.
 507:Generated_Source\PSoC4/CAN_INT.c ****     *
 508:Generated_Source\PSoC4/CAN_INT.c ****     * Side Effects:
 509:Generated_Source\PSoC4/CAN_INT.c ****     *  Stops CAN component operation.
 510:Generated_Source\PSoC4/CAN_INT.c ****     *
 511:Generated_Source\PSoC4/CAN_INT.c ****     *******************************************************************************/
 512:Generated_Source\PSoC4/CAN_INT.c ****     void CAN_StuckAtZeroIsr(void)
 513:Generated_Source\PSoC4/CAN_INT.c ****     {
 514:Generated_Source\PSoC4/CAN_INT.c ****         /* Clear Stuck at dominant error flag */
ARM GAS  C:\Users\RYANCA~1\AppData\Local\Temp\cck2iDXp.s 			page 13


 515:Generated_Source\PSoC4/CAN_INT.c ****         CAN_INT_SR_REG = CAN_STUCK_AT_ZERO_MASK;
 516:Generated_Source\PSoC4/CAN_INT.c **** 
 517:Generated_Source\PSoC4/CAN_INT.c ****         /* `#START STUCK_AT_ZERO_ISR` */
 518:Generated_Source\PSoC4/CAN_INT.c **** 
 519:Generated_Source\PSoC4/CAN_INT.c ****         /* `#END` */
 520:Generated_Source\PSoC4/CAN_INT.c **** 
 521:Generated_Source\PSoC4/CAN_INT.c ****         #ifdef CAN_STUCK_AT_ZERO_ISR_CALLBACK
 522:Generated_Source\PSoC4/CAN_INT.c ****             CAN_StuckAtZeroIsr_Callback();
 523:Generated_Source\PSoC4/CAN_INT.c ****         #endif /* CAN_STUCK_AT_ZERO_ISR_CALLBACK */
 524:Generated_Source\PSoC4/CAN_INT.c **** 
 525:Generated_Source\PSoC4/CAN_INT.c ****         (void) CAN_Stop();
 526:Generated_Source\PSoC4/CAN_INT.c ****     }
 527:Generated_Source\PSoC4/CAN_INT.c **** #endif /* CAN_STUCK_AT_ZERO */
 528:Generated_Source\PSoC4/CAN_INT.c **** 
 529:Generated_Source\PSoC4/CAN_INT.c **** 
 530:Generated_Source\PSoC4/CAN_INT.c **** #if (CAN_SST_FAILURE)
 531:Generated_Source\PSoC4/CAN_INT.c ****     /*******************************************************************************
 532:Generated_Source\PSoC4/CAN_INT.c ****     * FUNCTION NAME:   CAN_SSTErrorIsr
 533:Generated_Source\PSoC4/CAN_INT.c ****     ********************************************************************************
 534:Generated_Source\PSoC4/CAN_INT.c ****     *
 535:Generated_Source\PSoC4/CAN_INT.c ****     * Summary:
 536:Generated_Source\PSoC4/CAN_INT.c ****     *  This function is the entry point to the single shot transmission error
 537:Generated_Source\PSoC4/CAN_INT.c ****     *  Interrupt. It is only generated if the single shot transmission Interrupt
 538:Generated_Source\PSoC4/CAN_INT.c ****     *  is enabled in Customizer. Generated when the mailbox set for single shot
 539:Generated_Source\PSoC4/CAN_INT.c ****     *  transmission experienced an arbitration loss or a bus error during
 540:Generated_Source\PSoC4/CAN_INT.c ****     *  transmission.
 541:Generated_Source\PSoC4/CAN_INT.c ****     *
 542:Generated_Source\PSoC4/CAN_INT.c ****     * Parameters:
 543:Generated_Source\PSoC4/CAN_INT.c ****     *  None.
 544:Generated_Source\PSoC4/CAN_INT.c ****     *
 545:Generated_Source\PSoC4/CAN_INT.c ****     * Return:
 546:Generated_Source\PSoC4/CAN_INT.c ****     *  None.
 547:Generated_Source\PSoC4/CAN_INT.c ****     *
 548:Generated_Source\PSoC4/CAN_INT.c ****     * Side Effects:
 549:Generated_Source\PSoC4/CAN_INT.c ****     *  Removes message that failed SST transmission from the Tx mailbox.
 550:Generated_Source\PSoC4/CAN_INT.c ****     *
 551:Generated_Source\PSoC4/CAN_INT.c ****     *******************************************************************************/
 552:Generated_Source\PSoC4/CAN_INT.c ****     void CAN_SSTErrorIsr(void)
 553:Generated_Source\PSoC4/CAN_INT.c ****     {
 554:Generated_Source\PSoC4/CAN_INT.c ****         uint8 i;
 555:Generated_Source\PSoC4/CAN_INT.c **** 
 556:Generated_Source\PSoC4/CAN_INT.c ****         /* Clear Single shot transmission failure flag */
 557:Generated_Source\PSoC4/CAN_INT.c ****         CAN_INT_SR_REG = CAN_SST_FAILURE_MASK;
 558:Generated_Source\PSoC4/CAN_INT.c **** 
 559:Generated_Source\PSoC4/CAN_INT.c ****         /* `#START SST_FAILURE_ISR_PRE` */
 560:Generated_Source\PSoC4/CAN_INT.c **** 
 561:Generated_Source\PSoC4/CAN_INT.c ****         /* `#END` */
 562:Generated_Source\PSoC4/CAN_INT.c **** 
 563:Generated_Source\PSoC4/CAN_INT.c ****         #ifdef CAN_SST_ERROR_ISR_PRE_CALLBACK
 564:Generated_Source\PSoC4/CAN_INT.c ****             CAN_SSTErrorIsr_Pre_Callback();
 565:Generated_Source\PSoC4/CAN_INT.c ****         #endif /* CAN_SST_ERROR_ISR_PRE_CALLBACK */
 566:Generated_Source\PSoC4/CAN_INT.c **** 
 567:Generated_Source\PSoC4/CAN_INT.c ****         /* Removes message that failed SST transmission from the Tx mailbox */
 568:Generated_Source\PSoC4/CAN_INT.c ****         for (i = 0u; i < CAN_NUMBER_OF_TX_MAILBOXES; i++)
 569:Generated_Source\PSoC4/CAN_INT.c ****         {
 570:Generated_Source\PSoC4/CAN_INT.c ****             if ((CAN_TX_CMD_REG(i) & CAN_TX_ABORT_MASK) != 0u)
 571:Generated_Source\PSoC4/CAN_INT.c ****             {
ARM GAS  C:\Users\RYANCA~1\AppData\Local\Temp\cck2iDXp.s 			page 14


 572:Generated_Source\PSoC4/CAN_INT.c ****                 CAN_TX_CMD_REG(i) = (CAN_TX_CMD_REG(i) & (uint32) (~(uint32) CAN_TX_TRANSMIT_REQUES
 573:Generated_Source\PSoC4/CAN_INT.c ****                                     CAN_TX_ABORT_MASK;
 574:Generated_Source\PSoC4/CAN_INT.c ****             }
 575:Generated_Source\PSoC4/CAN_INT.c ****         }
 576:Generated_Source\PSoC4/CAN_INT.c **** 
 577:Generated_Source\PSoC4/CAN_INT.c ****         /* `#START SST_FAILURE_ISR_POST` */
 578:Generated_Source\PSoC4/CAN_INT.c **** 
 579:Generated_Source\PSoC4/CAN_INT.c ****         /* `#END` */
 580:Generated_Source\PSoC4/CAN_INT.c **** 
 581:Generated_Source\PSoC4/CAN_INT.c ****         #ifdef CAN_SST_ERROR_ISR_POST_CALLBACK
 582:Generated_Source\PSoC4/CAN_INT.c ****             CAN_SSTErrorIsr_Post_Callback();
 583:Generated_Source\PSoC4/CAN_INT.c ****         #endif /* CAN_SST_ERROR_ISR_POST_CALLBACK */
 584:Generated_Source\PSoC4/CAN_INT.c ****     }
 585:Generated_Source\PSoC4/CAN_INT.c **** #endif /* CAN_SST_FAILURE */
 586:Generated_Source\PSoC4/CAN_INT.c **** 
 587:Generated_Source\PSoC4/CAN_INT.c **** 
 588:Generated_Source\PSoC4/CAN_INT.c **** /*******************************************************************************
 589:Generated_Source\PSoC4/CAN_INT.c **** * Function Name: CAN_ISR
 590:Generated_Source\PSoC4/CAN_INT.c **** ********************************************************************************
 591:Generated_Source\PSoC4/CAN_INT.c **** *
 592:Generated_Source\PSoC4/CAN_INT.c **** * Summary:
 593:Generated_Source\PSoC4/CAN_INT.c **** *  This ISR is executed when CAN Core generates and interrupt on one of events:
 594:Generated_Source\PSoC4/CAN_INT.c **** *  Arb_lost, Overload, Bit_err, Stuff_err, Ack_err, Form_err, Crc_err,
 595:Generated_Source\PSoC4/CAN_INT.c **** *  Buss_off, Rx_msg_lost, Tx_msg or Rx_msg. The interrupt sources depends
 596:Generated_Source\PSoC4/CAN_INT.c **** *  on the Customizer inputs.
 597:Generated_Source\PSoC4/CAN_INT.c **** *
 598:Generated_Source\PSoC4/CAN_INT.c **** * Parameters:
 599:Generated_Source\PSoC4/CAN_INT.c **** *  None.
 600:Generated_Source\PSoC4/CAN_INT.c **** *
 601:Generated_Source\PSoC4/CAN_INT.c **** * Return:
 602:Generated_Source\PSoC4/CAN_INT.c **** *  None.
 603:Generated_Source\PSoC4/CAN_INT.c **** *
 604:Generated_Source\PSoC4/CAN_INT.c **** *******************************************************************************/
 605:Generated_Source\PSoC4/CAN_INT.c **** CY_ISR(CAN_ISR)
 606:Generated_Source\PSoC4/CAN_INT.c **** {
 165              		.loc 1 606 0
 166              		.cfi_startproc
 167              		@ args = 0, pretend = 0, frame = 0
 168              		@ frame_needed = 0, uses_anonymous_args = 0
 607:Generated_Source\PSoC4/CAN_INT.c ****     #ifdef CAN_ISR_INTERRUPT_CALLBACK
 608:Generated_Source\PSoC4/CAN_INT.c ****         CAN_ISR_InterruptCallback();
 609:Generated_Source\PSoC4/CAN_INT.c ****     #endif /* CAN_ISR_INTERRUPT_CALLBACK */
 610:Generated_Source\PSoC4/CAN_INT.c ****     
 611:Generated_Source\PSoC4/CAN_INT.c ****     /* Place your Interrupt code here. */
 612:Generated_Source\PSoC4/CAN_INT.c ****     /* `#START CAN_ISR` */
 613:Generated_Source\PSoC4/CAN_INT.c **** 
 614:Generated_Source\PSoC4/CAN_INT.c ****     /* `#END` */
 615:Generated_Source\PSoC4/CAN_INT.c ****     
 616:Generated_Source\PSoC4/CAN_INT.c ****     /* Arbitration */
 617:Generated_Source\PSoC4/CAN_INT.c ****     #if (CAN_ARB_LOST && (CAN_ARB_LOST_USE_HELPER || \
 618:Generated_Source\PSoC4/CAN_INT.c ****         (!CAN_ADVANCED_INTERRUPT_CFG)))
 619:Generated_Source\PSoC4/CAN_INT.c ****         if ((CAN_INT_SR_REG & CAN_ARBITRATION_LOST_MASK) != 0u)
 620:Generated_Source\PSoC4/CAN_INT.c ****         {
 621:Generated_Source\PSoC4/CAN_INT.c ****             CAN_ArbLostIsr();
 622:Generated_Source\PSoC4/CAN_INT.c ****         }
 623:Generated_Source\PSoC4/CAN_INT.c ****     #endif /* CAN_ARB_LOST && CAN_ARB_LOST_USE_HELPER */
 624:Generated_Source\PSoC4/CAN_INT.c **** 
ARM GAS  C:\Users\RYANCA~1\AppData\Local\Temp\cck2iDXp.s 			page 15


 625:Generated_Source\PSoC4/CAN_INT.c ****     /* Overload Error */
 626:Generated_Source\PSoC4/CAN_INT.c ****     #if (CAN_OVERLOAD && (CAN_OVERLOAD_USE_HELPER || \
 627:Generated_Source\PSoC4/CAN_INT.c ****         (!CAN_ADVANCED_INTERRUPT_CFG)))
 628:Generated_Source\PSoC4/CAN_INT.c ****         if ((CAN_INT_SR_REG & CAN_OVERLOAD_ERROR_MASK) != 0u)
 629:Generated_Source\PSoC4/CAN_INT.c ****         {
 630:Generated_Source\PSoC4/CAN_INT.c ****             CAN_OvrLdErrorIsr();
 631:Generated_Source\PSoC4/CAN_INT.c ****         }
 632:Generated_Source\PSoC4/CAN_INT.c ****     #endif /* CAN_OVERLOAD && CAN_OVERLOAD_USE_HELPER */
 633:Generated_Source\PSoC4/CAN_INT.c **** 
 634:Generated_Source\PSoC4/CAN_INT.c ****     /* Bit Error */
 635:Generated_Source\PSoC4/CAN_INT.c ****     #if (CAN_BIT_ERR && (CAN_BIT_ERR_USE_HELPER || \
 636:Generated_Source\PSoC4/CAN_INT.c ****         (!CAN_ADVANCED_INTERRUPT_CFG)))
 637:Generated_Source\PSoC4/CAN_INT.c ****         if ((CAN_INT_SR_REG & CAN_BIT_ERROR_MASK) != 0u)
 638:Generated_Source\PSoC4/CAN_INT.c ****         {
 639:Generated_Source\PSoC4/CAN_INT.c ****             CAN_BitErrorIsr();
 640:Generated_Source\PSoC4/CAN_INT.c ****         }
 641:Generated_Source\PSoC4/CAN_INT.c ****     #endif /* CAN_BIT_ERR && CAN_BIT_ERR_USE_HELPER */
 642:Generated_Source\PSoC4/CAN_INT.c **** 
 643:Generated_Source\PSoC4/CAN_INT.c ****     /* Bit Staff Error */
 644:Generated_Source\PSoC4/CAN_INT.c ****     #if (CAN_STUFF_ERR && (CAN_STUFF_ERR_USE_HELPER || \
 645:Generated_Source\PSoC4/CAN_INT.c ****         (!CAN_ADVANCED_INTERRUPT_CFG)))
 646:Generated_Source\PSoC4/CAN_INT.c ****         if ((CAN_INT_SR_REG & CAN_STUFF_ERROR_MASK) != 0u)
 647:Generated_Source\PSoC4/CAN_INT.c ****         {
 648:Generated_Source\PSoC4/CAN_INT.c ****             CAN_BitStuffErrorIsr();
 649:Generated_Source\PSoC4/CAN_INT.c ****         }
 650:Generated_Source\PSoC4/CAN_INT.c ****     #endif /* CAN_STUFF_ERR && CAN_STUFF_ERR_USE_HELPER */
 651:Generated_Source\PSoC4/CAN_INT.c **** 
 652:Generated_Source\PSoC4/CAN_INT.c ****     /* ACK Error */
 653:Generated_Source\PSoC4/CAN_INT.c ****     #if (CAN_ACK_ERR && (CAN_ACK_ERR_USE_HELPER || \
 654:Generated_Source\PSoC4/CAN_INT.c ****         (!CAN_ADVANCED_INTERRUPT_CFG)))
 655:Generated_Source\PSoC4/CAN_INT.c ****         if ((CAN_INT_SR_REG & CAN_ACK_ERROR_MASK) != 0u)
 656:Generated_Source\PSoC4/CAN_INT.c ****         {
 657:Generated_Source\PSoC4/CAN_INT.c ****             CAN_AckErrorIsr();
 658:Generated_Source\PSoC4/CAN_INT.c ****         }
 659:Generated_Source\PSoC4/CAN_INT.c ****     #endif /* CAN_ACK_ERR && CAN_ACK_ERR_USE_HELPER */
 660:Generated_Source\PSoC4/CAN_INT.c **** 
 661:Generated_Source\PSoC4/CAN_INT.c ****     /* Form(msg) Error */
 662:Generated_Source\PSoC4/CAN_INT.c ****     #if (CAN_FORM_ERR && (CAN_FORM_ERR_USE_HELPER || \
 663:Generated_Source\PSoC4/CAN_INT.c ****         (!CAN_ADVANCED_INTERRUPT_CFG)))
 664:Generated_Source\PSoC4/CAN_INT.c ****         if ((CAN_INT_SR_REG & CAN_FORM_ERROR_MASK) != 0u)
 665:Generated_Source\PSoC4/CAN_INT.c ****         {
 666:Generated_Source\PSoC4/CAN_INT.c ****             CAN_MsgErrorIsr();
 667:Generated_Source\PSoC4/CAN_INT.c ****         }
 668:Generated_Source\PSoC4/CAN_INT.c ****     #endif /* CAN_FORM_ERR && CAN_FORM_ERR_USE_HELPER */
 669:Generated_Source\PSoC4/CAN_INT.c **** 
 670:Generated_Source\PSoC4/CAN_INT.c ****     /* CRC Error */
 671:Generated_Source\PSoC4/CAN_INT.c ****     #if (CAN_CRC_ERR && (CAN_CRC_ERR_USE_HELPER || \
 672:Generated_Source\PSoC4/CAN_INT.c ****         (!CAN_ADVANCED_INTERRUPT_CFG)))
 673:Generated_Source\PSoC4/CAN_INT.c ****         if ((CAN_INT_SR_REG & CAN_CRC_ERROR_MASK) != 0u)
 674:Generated_Source\PSoC4/CAN_INT.c ****         {
 675:Generated_Source\PSoC4/CAN_INT.c ****             CAN_CrcErrorIsr();
 676:Generated_Source\PSoC4/CAN_INT.c ****         }
 677:Generated_Source\PSoC4/CAN_INT.c ****     #endif /* CAN_CRC_ERR && CAN_CRC_ERR_USE_HELPER */
 678:Generated_Source\PSoC4/CAN_INT.c **** 
 679:Generated_Source\PSoC4/CAN_INT.c ****     /* Bus Off state */
 680:Generated_Source\PSoC4/CAN_INT.c ****     #if (CAN_BUS_OFF && (CAN_BUS_OFF_USE_HELPER || \
 681:Generated_Source\PSoC4/CAN_INT.c ****         (!CAN_ADVANCED_INTERRUPT_CFG)))
ARM GAS  C:\Users\RYANCA~1\AppData\Local\Temp\cck2iDXp.s 			page 16


 682:Generated_Source\PSoC4/CAN_INT.c ****         if ((CAN_INT_SR_REG & CAN_BUS_OFF_MASK) != 0u)
 683:Generated_Source\PSoC4/CAN_INT.c ****         {
 684:Generated_Source\PSoC4/CAN_INT.c ****             CAN_BusOffIsr();
 685:Generated_Source\PSoC4/CAN_INT.c ****         }
 686:Generated_Source\PSoC4/CAN_INT.c ****     #endif /* CAN_BUS_OFF && CAN_BUS_OFF_USE_HELPER */
 687:Generated_Source\PSoC4/CAN_INT.c **** 
 688:Generated_Source\PSoC4/CAN_INT.c ****     /* Message Lost */
 689:Generated_Source\PSoC4/CAN_INT.c ****     #if (CAN_RX_MSG_LOST && (CAN_RX_MSG_LOST_USE_HELPER || \
 690:Generated_Source\PSoC4/CAN_INT.c ****         (!CAN_ADVANCED_INTERRUPT_CFG)))
 691:Generated_Source\PSoC4/CAN_INT.c ****         if ((CAN_INT_SR_REG & CAN_RX_MSG_LOST_MASK) != 0u)
 692:Generated_Source\PSoC4/CAN_INT.c ****         {
 693:Generated_Source\PSoC4/CAN_INT.c ****             CAN_MsgLostIsr();
 694:Generated_Source\PSoC4/CAN_INT.c ****         }
 695:Generated_Source\PSoC4/CAN_INT.c ****     #endif /* CAN_RX_MSG_LOST && CAN_RX_MSG_LOST_USE_HELPER */
 696:Generated_Source\PSoC4/CAN_INT.c **** 
 697:Generated_Source\PSoC4/CAN_INT.c ****     /* TX Message Send */
 698:Generated_Source\PSoC4/CAN_INT.c ****     #if (CAN_TX_MESSAGE && (CAN_TX_MESSAGE_USE_HELPER || \
 699:Generated_Source\PSoC4/CAN_INT.c ****         (!CAN_ADVANCED_INTERRUPT_CFG)))
 700:Generated_Source\PSoC4/CAN_INT.c ****         if ((CAN_INT_SR_REG & CAN_TX_MESSAGE_MASK) != 0u)
 701:Generated_Source\PSoC4/CAN_INT.c ****         {
 702:Generated_Source\PSoC4/CAN_INT.c ****             CAN_MsgTXIsr();
 703:Generated_Source\PSoC4/CAN_INT.c ****         }
 704:Generated_Source\PSoC4/CAN_INT.c ****     #endif /* CAN_TX_MESSAGE && CAN_TX_MESSAGE_USE_HELPER */
 705:Generated_Source\PSoC4/CAN_INT.c **** 
 706:Generated_Source\PSoC4/CAN_INT.c ****     /* RX Message Available */
 707:Generated_Source\PSoC4/CAN_INT.c ****     #if (CAN_RX_MESSAGE && (CAN_RX_MESSAGE_USE_HELPER || \
 708:Generated_Source\PSoC4/CAN_INT.c ****         (!CAN_ADVANCED_INTERRUPT_CFG)))
 709:Generated_Source\PSoC4/CAN_INT.c ****         if ((CAN_INT_SR_REG & CAN_RX_MESSAGE_MASK) != 0u)
 169              		.loc 1 709 0
 170 0000 034B     		ldr	r3, .L27
 606:Generated_Source\PSoC4/CAN_INT.c ****     #ifdef CAN_ISR_INTERRUPT_CALLBACK
 171              		.loc 1 606 0
 172 0002 10B5     		push	{r4, lr}
 173              		.cfi_def_cfa_offset 8
 174              		.cfi_offset 4, -8
 175              		.cfi_offset 14, -4
 176              		.loc 1 709 0
 177 0004 1B68     		ldr	r3, [r3]
 178 0006 DB04     		lsls	r3, r3, #19
 179 0008 01D5     		bpl	.L22
 710:Generated_Source\PSoC4/CAN_INT.c ****         {
 711:Generated_Source\PSoC4/CAN_INT.c ****             CAN_MsgRXIsr();
 180              		.loc 1 711 0
 181 000a FFF7FEFF 		bl	CAN_MsgRXIsr
 182              	.LVL20:
 183              	.L22:
 712:Generated_Source\PSoC4/CAN_INT.c ****         }
 713:Generated_Source\PSoC4/CAN_INT.c ****     #endif /* CAN_RX_MESSAGE && CAN_RX_MESSAGE_USE_HELPER */
 714:Generated_Source\PSoC4/CAN_INT.c **** 
 715:Generated_Source\PSoC4/CAN_INT.c ****     /* RTR Auto-reply Message Sent */
 716:Generated_Source\PSoC4/CAN_INT.c ****     #if (CAN_RTR_AUTO_MSG_SENT && (CAN_RTR_MESSAGE_USE_HELPER || \
 717:Generated_Source\PSoC4/CAN_INT.c ****         (!CAN_ADVANCED_INTERRUPT_CFG)))
 718:Generated_Source\PSoC4/CAN_INT.c ****         if ((CAN_INT_SR_REG & CAN_RTR_MSG_MASK) != 0u)
 719:Generated_Source\PSoC4/CAN_INT.c ****         {
 720:Generated_Source\PSoC4/CAN_INT.c ****             CAN_RtrAutoMsgSentIsr();
 721:Generated_Source\PSoC4/CAN_INT.c ****         }
 722:Generated_Source\PSoC4/CAN_INT.c ****     #endif /* CAN_RTR_AUTO_MSG_SENT && CAN_RTR_MESSAGE_USE_HELPER */
ARM GAS  C:\Users\RYANCA~1\AppData\Local\Temp\cck2iDXp.s 			page 17


 723:Generated_Source\PSoC4/CAN_INT.c **** 
 724:Generated_Source\PSoC4/CAN_INT.c ****     /* Stuck at dominant error */
 725:Generated_Source\PSoC4/CAN_INT.c ****     #if (CAN_STUCK_AT_ZERO && (CAN_STUCK_AT_ZERO_USE_HELPER || \
 726:Generated_Source\PSoC4/CAN_INT.c ****         (!CAN_ADVANCED_INTERRUPT_CFG)))
 727:Generated_Source\PSoC4/CAN_INT.c ****         if ((CAN_INT_SR_REG & CAN_STUCK_AT_ZERO_MASK) != 0u)
 728:Generated_Source\PSoC4/CAN_INT.c ****         {
 729:Generated_Source\PSoC4/CAN_INT.c ****             CAN_StuckAtZeroIsr();
 730:Generated_Source\PSoC4/CAN_INT.c ****         }
 731:Generated_Source\PSoC4/CAN_INT.c ****     #endif /* CAN_STUCK_AT_ZERO && CAN_STUCK_AT_ZERO_USE_HELPER */
 732:Generated_Source\PSoC4/CAN_INT.c **** 
 733:Generated_Source\PSoC4/CAN_INT.c ****     /* Single shot transmission failure */
 734:Generated_Source\PSoC4/CAN_INT.c ****     #if (CAN_SST_FAILURE && (CAN_SST_FAILURE_USE_HELPER || \
 735:Generated_Source\PSoC4/CAN_INT.c ****         (!CAN_ADVANCED_INTERRUPT_CFG)))
 736:Generated_Source\PSoC4/CAN_INT.c ****         if ((CAN_INT_SR_REG & CAN_SST_FAILURE_MASK) != 0u)
 737:Generated_Source\PSoC4/CAN_INT.c ****         {
 738:Generated_Source\PSoC4/CAN_INT.c ****             CAN_SSTErrorIsr();
 739:Generated_Source\PSoC4/CAN_INT.c ****         }
 740:Generated_Source\PSoC4/CAN_INT.c ****     #endif /* CAN_SST_FAILURE && CAN_SST_FAILURE_USE_HELPER */
 741:Generated_Source\PSoC4/CAN_INT.c **** }
 184              		.loc 1 741 0
 185              		@ sp needed
 186 000e 10BD     		pop	{r4, pc}
 187              	.L28:
 188              		.align	2
 189              	.L27:
 190 0010 00002F40 		.word	1076822016
 191              		.cfi_endproc
 192              	.LFE2:
 193              		.size	CAN_ISR, .-CAN_ISR
 194              		.text
 195              	.Letext0:
 196              		.file 2 "Generated_Source\\PSoC4\\cytypes.h"
 197              		.file 3 "Generated_Source\\PSoC4\\CAN.h"
 198              		.section	.debug_info,"",%progbits
 199              	.Ldebug_info0:
 200 0000 8D020000 		.4byte	0x28d
 201 0004 0400     		.2byte	0x4
 202 0006 00000000 		.4byte	.Ldebug_abbrev0
 203 000a 04       		.byte	0x4
 204 000b 01       		.uleb128 0x1
 205 000c 2F020000 		.4byte	.LASF41
 206 0010 0C       		.byte	0xc
 207 0011 2E000000 		.4byte	.LASF42
 208 0015 CA000000 		.4byte	.LASF43
 209 0019 00000000 		.4byte	.Ldebug_ranges0+0
 210 001d 00000000 		.4byte	0
 211 0021 00000000 		.4byte	.Ldebug_line0
 212 0025 02       		.uleb128 0x2
 213 0026 01       		.byte	0x1
 214 0027 06       		.byte	0x6
 215 0028 06020000 		.4byte	.LASF0
 216 002c 02       		.uleb128 0x2
 217 002d 01       		.byte	0x1
 218 002e 08       		.byte	0x8
 219 002f B7000000 		.4byte	.LASF1
 220 0033 02       		.uleb128 0x2
 221 0034 02       		.byte	0x2
ARM GAS  C:\Users\RYANCA~1\AppData\Local\Temp\cck2iDXp.s 			page 18


 222 0035 05       		.byte	0x5
 223 0036 AD010000 		.4byte	.LASF2
 224 003a 02       		.uleb128 0x2
 225 003b 02       		.byte	0x2
 226 003c 07       		.byte	0x7
 227 003d 6E000000 		.4byte	.LASF3
 228 0041 02       		.uleb128 0x2
 229 0042 04       		.byte	0x4
 230 0043 05       		.byte	0x5
 231 0044 EB010000 		.4byte	.LASF4
 232 0048 02       		.uleb128 0x2
 233 0049 04       		.byte	0x4
 234 004a 07       		.byte	0x7
 235 004b 0A010000 		.4byte	.LASF5
 236 004f 02       		.uleb128 0x2
 237 0050 08       		.byte	0x8
 238 0051 05       		.byte	0x5
 239 0052 9A010000 		.4byte	.LASF6
 240 0056 02       		.uleb128 0x2
 241 0057 08       		.byte	0x8
 242 0058 07       		.byte	0x7
 243 0059 52010000 		.4byte	.LASF7
 244 005d 03       		.uleb128 0x3
 245 005e 04       		.byte	0x4
 246 005f 05       		.byte	0x5
 247 0060 696E7400 		.ascii	"int\000"
 248 0064 02       		.uleb128 0x2
 249 0065 04       		.byte	0x4
 250 0066 07       		.byte	0x7
 251 0067 45010000 		.4byte	.LASF8
 252 006b 04       		.uleb128 0x4
 253 006c 1C010000 		.4byte	.LASF9
 254 0070 02       		.byte	0x2
 255 0071 FC01     		.2byte	0x1fc
 256 0073 2C000000 		.4byte	0x2c
 257 0077 04       		.uleb128 0x4
 258 0078 37010000 		.4byte	.LASF10
 259 007c 02       		.byte	0x2
 260 007d FD01     		.2byte	0x1fd
 261 007f 3A000000 		.4byte	0x3a
 262 0083 04       		.uleb128 0x4
 263 0084 3E010000 		.4byte	.LASF11
 264 0088 02       		.byte	0x2
 265 0089 FE01     		.2byte	0x1fe
 266 008b 48000000 		.4byte	0x48
 267 008f 02       		.uleb128 0x2
 268 0090 04       		.byte	0x4
 269 0091 04       		.byte	0x4
 270 0092 B1000000 		.4byte	.LASF12
 271 0096 02       		.uleb128 0x2
 272 0097 08       		.byte	0x8
 273 0098 04       		.byte	0x4
 274 0099 30010000 		.4byte	.LASF13
 275 009d 02       		.uleb128 0x2
 276 009e 01       		.byte	0x1
 277 009f 08       		.byte	0x8
 278 00a0 A8010000 		.4byte	.LASF14
ARM GAS  C:\Users\RYANCA~1\AppData\Local\Temp\cck2iDXp.s 			page 19


 279 00a4 04       		.uleb128 0x4
 280 00a5 05010000 		.4byte	.LASF15
 281 00a9 02       		.byte	0x2
 282 00aa A602     		.2byte	0x2a6
 283 00ac B0000000 		.4byte	0xb0
 284 00b0 05       		.uleb128 0x5
 285 00b1 6B000000 		.4byte	0x6b
 286 00b5 04       		.uleb128 0x4
 287 00b6 F4010000 		.4byte	.LASF16
 288 00ba 02       		.byte	0x2
 289 00bb A802     		.2byte	0x2a8
 290 00bd C1000000 		.4byte	0xc1
 291 00c1 05       		.uleb128 0x5
 292 00c2 83000000 		.4byte	0x83
 293 00c6 02       		.uleb128 0x2
 294 00c7 08       		.byte	0x8
 295 00c8 04       		.byte	0x4
 296 00c9 FA010000 		.4byte	.LASF17
 297 00cd 02       		.uleb128 0x2
 298 00ce 04       		.byte	0x4
 299 00cf 07       		.byte	0x7
 300 00d0 8A010000 		.4byte	.LASF18
 301 00d4 06       		.uleb128 0x6
 302 00d5 08       		.byte	0x8
 303 00d6 03       		.byte	0x3
 304 00d7 75       		.byte	0x75
 305 00d8 E9000000 		.4byte	0xe9
 306 00dc 07       		.uleb128 0x7
 307 00dd 81000000 		.4byte	.LASF20
 308 00e1 03       		.byte	0x3
 309 00e2 77       		.byte	0x77
 310 00e3 F9000000 		.4byte	0xf9
 311 00e7 00       		.byte	0
 312 00e8 00       		.byte	0
 313 00e9 08       		.uleb128 0x8
 314 00ea A4000000 		.4byte	0xa4
 315 00ee F9000000 		.4byte	0xf9
 316 00f2 09       		.uleb128 0x9
 317 00f3 CD000000 		.4byte	0xcd
 318 00f7 07       		.byte	0x7
 319 00f8 00       		.byte	0
 320 00f9 05       		.uleb128 0x5
 321 00fa E9000000 		.4byte	0xe9
 322 00fe 0A       		.uleb128 0xa
 323 00ff 1F000000 		.4byte	.LASF19
 324 0103 03       		.byte	0x3
 325 0104 78       		.byte	0x78
 326 0105 D4000000 		.4byte	0xd4
 327 0109 06       		.uleb128 0x6
 328 010a 04       		.byte	0x4
 329 010b 03       		.byte	0x3
 330 010c 7B       		.byte	0x7b
 331 010d 1E010000 		.4byte	0x11e
 332 0111 07       		.uleb128 0x7
 333 0112 81000000 		.4byte	.LASF20
 334 0116 03       		.byte	0x3
 335 0117 7D       		.byte	0x7d
ARM GAS  C:\Users\RYANCA~1\AppData\Local\Temp\cck2iDXp.s 			page 20


 336 0118 2E010000 		.4byte	0x12e
 337 011c 00       		.byte	0
 338 011d 00       		.byte	0
 339 011e 08       		.uleb128 0x8
 340 011f A4000000 		.4byte	0xa4
 341 0123 2E010000 		.4byte	0x12e
 342 0127 09       		.uleb128 0x9
 343 0128 CD000000 		.4byte	0xcd
 344 012c 03       		.byte	0x3
 345 012d 00       		.byte	0
 346 012e 05       		.uleb128 0x5
 347 012f 1E010000 		.4byte	0x11e
 348 0133 0A       		.uleb128 0xa
 349 0134 63000000 		.4byte	.LASF21
 350 0138 03       		.byte	0x3
 351 0139 7E       		.byte	0x7e
 352 013a 09010000 		.4byte	0x109
 353 013e 06       		.uleb128 0x6
 354 013f 20       		.byte	0x20
 355 0140 03       		.byte	0x3
 356 0141 A0       		.byte	0xa0
 357 0142 9B010000 		.4byte	0x19b
 358 0146 07       		.uleb128 0x7
 359 0147 77010000 		.4byte	.LASF22
 360 014b 03       		.byte	0x3
 361 014c A2       		.byte	0xa2
 362 014d 33010000 		.4byte	0x133
 363 0151 00       		.byte	0
 364 0152 07       		.uleb128 0x7
 365 0153 C5000000 		.4byte	.LASF23
 366 0157 03       		.byte	0x3
 367 0158 A3       		.byte	0xa3
 368 0159 33010000 		.4byte	0x133
 369 015d 04       		.byte	0x4
 370 015e 07       		.uleb128 0x7
 371 015f 86000000 		.4byte	.LASF24
 372 0163 03       		.byte	0x3
 373 0164 A4       		.byte	0xa4
 374 0165 FE000000 		.4byte	0xfe
 375 0169 08       		.byte	0x8
 376 016a 07       		.uleb128 0x7
 377 016b 4F000000 		.4byte	.LASF25
 378 016f 03       		.byte	0x3
 379 0170 A5       		.byte	0xa5
 380 0171 33010000 		.4byte	0x133
 381 0175 10       		.byte	0x10
 382 0176 07       		.uleb128 0x7
 383 0177 2A010000 		.4byte	.LASF26
 384 017b 03       		.byte	0x3
 385 017c A6       		.byte	0xa6
 386 017d 33010000 		.4byte	0x133
 387 0181 14       		.byte	0x14
 388 0182 07       		.uleb128 0x7
 389 0183 93010000 		.4byte	.LASF27
 390 0187 03       		.byte	0x3
 391 0188 A7       		.byte	0xa7
 392 0189 33010000 		.4byte	0x133
ARM GAS  C:\Users\RYANCA~1\AppData\Local\Temp\cck2iDXp.s 			page 21


 393 018d 18       		.byte	0x18
 394 018e 07       		.uleb128 0x7
 395 018f AA000000 		.4byte	.LASF28
 396 0193 03       		.byte	0x3
 397 0194 A8       		.byte	0xa8
 398 0195 33010000 		.4byte	0x133
 399 0199 1C       		.byte	0x1c
 400 019a 00       		.byte	0
 401 019b 0A       		.uleb128 0xa
 402 019c 69010000 		.4byte	.LASF29
 403 01a0 03       		.byte	0x3
 404 01a1 A9       		.byte	0xa9
 405 01a2 3E010000 		.4byte	0x13e
 406 01a6 0B       		.uleb128 0xb
 407 01a7 7D010000 		.4byte	.LASF32
 408 01ab 01       		.byte	0x1
 409 01ac 9301     		.2byte	0x193
 410 01ae 00000000 		.4byte	.LFB1
 411 01b2 7C000000 		.4byte	.LFE1-.LFB1
 412 01b6 01       		.uleb128 0x1
 413 01b7 9C       		.byte	0x9c
 414 01b8 1C020000 		.4byte	0x21c
 415 01bc 0C       		.uleb128 0xc
 416 01bd 55000000 		.4byte	.LASF30
 417 01c1 01       		.byte	0x1
 418 01c2 9501     		.2byte	0x195
 419 01c4 6B000000 		.4byte	0x6b
 420 01c8 00000000 		.4byte	.LLST0
 421 01cc 0C       		.uleb128 0xc
 422 01cd 00000000 		.4byte	.LASF31
 423 01d1 01       		.byte	0x1
 424 01d2 9601     		.2byte	0x196
 425 01d4 77000000 		.4byte	0x77
 426 01d8 A2000000 		.4byte	.LLST1
 427 01dc 0D       		.uleb128 0xd
 428 01dd 3E000000 		.4byte	.LVL3
 429 01e1 3C020000 		.4byte	0x23c
 430 01e5 0D       		.uleb128 0xd
 431 01e6 44000000 		.4byte	.LVL5
 432 01ea 48020000 		.4byte	0x248
 433 01ee 0D       		.uleb128 0xd
 434 01ef 4A000000 		.4byte	.LVL7
 435 01f3 54020000 		.4byte	0x254
 436 01f7 0D       		.uleb128 0xd
 437 01f8 50000000 		.4byte	.LVL9
 438 01fc 60020000 		.4byte	0x260
 439 0200 0D       		.uleb128 0xd
 440 0201 56000000 		.4byte	.LVL11
 441 0205 6C020000 		.4byte	0x26c
 442 0209 0D       		.uleb128 0xd
 443 020a 5C000000 		.4byte	.LVL13
 444 020e 78020000 		.4byte	0x278
 445 0212 0D       		.uleb128 0xd
 446 0213 62000000 		.4byte	.LVL15
 447 0217 84020000 		.4byte	0x284
 448 021b 00       		.byte	0
 449 021c 0B       		.uleb128 0xb
ARM GAS  C:\Users\RYANCA~1\AppData\Local\Temp\cck2iDXp.s 			page 22


 450 021d 22010000 		.4byte	.LASF33
 451 0221 01       		.byte	0x1
 452 0222 5D02     		.2byte	0x25d
 453 0224 00000000 		.4byte	.LFB2
 454 0228 14000000 		.4byte	.LFE2-.LFB2
 455 022c 01       		.uleb128 0x1
 456 022d 9C       		.byte	0x9c
 457 022e 3C020000 		.4byte	0x23c
 458 0232 0D       		.uleb128 0xd
 459 0233 0E000000 		.4byte	.LVL20
 460 0237 A6010000 		.4byte	0x1a6
 461 023b 00       		.byte	0
 462 023c 0E       		.uleb128 0xe
 463 023d 12020000 		.4byte	.LASF34
 464 0241 12020000 		.4byte	.LASF34
 465 0245 03       		.byte	0x3
 466 0246 3501     		.2byte	0x135
 467 0248 0E       		.uleb128 0xe
 468 0249 8D000000 		.4byte	.LASF35
 469 024d 8D000000 		.4byte	.LASF35
 470 0251 03       		.byte	0x3
 471 0252 3801     		.2byte	0x138
 472 0254 0E       		.uleb128 0xe
 473 0255 BD020000 		.4byte	.LASF36
 474 0259 BD020000 		.4byte	.LASF36
 475 025d 03       		.byte	0x3
 476 025e 3B01     		.2byte	0x13b
 477 0260 0E       		.uleb128 0xe
 478 0261 D1010000 		.4byte	.LASF37
 479 0265 D1010000 		.4byte	.LASF37
 480 0269 03       		.byte	0x3
 481 026a 3E01     		.2byte	0x13e
 482 026c 0E       		.uleb128 0xe
 483 026d 06000000 		.4byte	.LASF38
 484 0271 06000000 		.4byte	.LASF38
 485 0275 03       		.byte	0x3
 486 0276 4101     		.2byte	0x141
 487 0278 0E       		.uleb128 0xe
 488 0279 B7010000 		.4byte	.LASF39
 489 027d B7010000 		.4byte	.LASF39
 490 0281 03       		.byte	0x3
 491 0282 4401     		.2byte	0x144
 492 0284 0E       		.uleb128 0xe
 493 0285 DC020000 		.4byte	.LASF40
 494 0289 DC020000 		.4byte	.LASF40
 495 028d 03       		.byte	0x3
 496 028e 1A01     		.2byte	0x11a
 497 0290 00       		.byte	0
 498              		.section	.debug_abbrev,"",%progbits
 499              	.Ldebug_abbrev0:
 500 0000 01       		.uleb128 0x1
 501 0001 11       		.uleb128 0x11
 502 0002 01       		.byte	0x1
 503 0003 25       		.uleb128 0x25
 504 0004 0E       		.uleb128 0xe
 505 0005 13       		.uleb128 0x13
 506 0006 0B       		.uleb128 0xb
ARM GAS  C:\Users\RYANCA~1\AppData\Local\Temp\cck2iDXp.s 			page 23


 507 0007 03       		.uleb128 0x3
 508 0008 0E       		.uleb128 0xe
 509 0009 1B       		.uleb128 0x1b
 510 000a 0E       		.uleb128 0xe
 511 000b 55       		.uleb128 0x55
 512 000c 17       		.uleb128 0x17
 513 000d 11       		.uleb128 0x11
 514 000e 01       		.uleb128 0x1
 515 000f 10       		.uleb128 0x10
 516 0010 17       		.uleb128 0x17
 517 0011 00       		.byte	0
 518 0012 00       		.byte	0
 519 0013 02       		.uleb128 0x2
 520 0014 24       		.uleb128 0x24
 521 0015 00       		.byte	0
 522 0016 0B       		.uleb128 0xb
 523 0017 0B       		.uleb128 0xb
 524 0018 3E       		.uleb128 0x3e
 525 0019 0B       		.uleb128 0xb
 526 001a 03       		.uleb128 0x3
 527 001b 0E       		.uleb128 0xe
 528 001c 00       		.byte	0
 529 001d 00       		.byte	0
 530 001e 03       		.uleb128 0x3
 531 001f 24       		.uleb128 0x24
 532 0020 00       		.byte	0
 533 0021 0B       		.uleb128 0xb
 534 0022 0B       		.uleb128 0xb
 535 0023 3E       		.uleb128 0x3e
 536 0024 0B       		.uleb128 0xb
 537 0025 03       		.uleb128 0x3
 538 0026 08       		.uleb128 0x8
 539 0027 00       		.byte	0
 540 0028 00       		.byte	0
 541 0029 04       		.uleb128 0x4
 542 002a 16       		.uleb128 0x16
 543 002b 00       		.byte	0
 544 002c 03       		.uleb128 0x3
 545 002d 0E       		.uleb128 0xe
 546 002e 3A       		.uleb128 0x3a
 547 002f 0B       		.uleb128 0xb
 548 0030 3B       		.uleb128 0x3b
 549 0031 05       		.uleb128 0x5
 550 0032 49       		.uleb128 0x49
 551 0033 13       		.uleb128 0x13
 552 0034 00       		.byte	0
 553 0035 00       		.byte	0
 554 0036 05       		.uleb128 0x5
 555 0037 35       		.uleb128 0x35
 556 0038 00       		.byte	0
 557 0039 49       		.uleb128 0x49
 558 003a 13       		.uleb128 0x13
 559 003b 00       		.byte	0
 560 003c 00       		.byte	0
 561 003d 06       		.uleb128 0x6
 562 003e 13       		.uleb128 0x13
 563 003f 01       		.byte	0x1
ARM GAS  C:\Users\RYANCA~1\AppData\Local\Temp\cck2iDXp.s 			page 24


 564 0040 0B       		.uleb128 0xb
 565 0041 0B       		.uleb128 0xb
 566 0042 3A       		.uleb128 0x3a
 567 0043 0B       		.uleb128 0xb
 568 0044 3B       		.uleb128 0x3b
 569 0045 0B       		.uleb128 0xb
 570 0046 01       		.uleb128 0x1
 571 0047 13       		.uleb128 0x13
 572 0048 00       		.byte	0
 573 0049 00       		.byte	0
 574 004a 07       		.uleb128 0x7
 575 004b 0D       		.uleb128 0xd
 576 004c 00       		.byte	0
 577 004d 03       		.uleb128 0x3
 578 004e 0E       		.uleb128 0xe
 579 004f 3A       		.uleb128 0x3a
 580 0050 0B       		.uleb128 0xb
 581 0051 3B       		.uleb128 0x3b
 582 0052 0B       		.uleb128 0xb
 583 0053 49       		.uleb128 0x49
 584 0054 13       		.uleb128 0x13
 585 0055 38       		.uleb128 0x38
 586 0056 0B       		.uleb128 0xb
 587 0057 00       		.byte	0
 588 0058 00       		.byte	0
 589 0059 08       		.uleb128 0x8
 590 005a 01       		.uleb128 0x1
 591 005b 01       		.byte	0x1
 592 005c 49       		.uleb128 0x49
 593 005d 13       		.uleb128 0x13
 594 005e 01       		.uleb128 0x1
 595 005f 13       		.uleb128 0x13
 596 0060 00       		.byte	0
 597 0061 00       		.byte	0
 598 0062 09       		.uleb128 0x9
 599 0063 21       		.uleb128 0x21
 600 0064 00       		.byte	0
 601 0065 49       		.uleb128 0x49
 602 0066 13       		.uleb128 0x13
 603 0067 2F       		.uleb128 0x2f
 604 0068 0B       		.uleb128 0xb
 605 0069 00       		.byte	0
 606 006a 00       		.byte	0
 607 006b 0A       		.uleb128 0xa
 608 006c 16       		.uleb128 0x16
 609 006d 00       		.byte	0
 610 006e 03       		.uleb128 0x3
 611 006f 0E       		.uleb128 0xe
 612 0070 3A       		.uleb128 0x3a
 613 0071 0B       		.uleb128 0xb
 614 0072 3B       		.uleb128 0x3b
 615 0073 0B       		.uleb128 0xb
 616 0074 49       		.uleb128 0x49
 617 0075 13       		.uleb128 0x13
 618 0076 00       		.byte	0
 619 0077 00       		.byte	0
 620 0078 0B       		.uleb128 0xb
ARM GAS  C:\Users\RYANCA~1\AppData\Local\Temp\cck2iDXp.s 			page 25


 621 0079 2E       		.uleb128 0x2e
 622 007a 01       		.byte	0x1
 623 007b 3F       		.uleb128 0x3f
 624 007c 19       		.uleb128 0x19
 625 007d 03       		.uleb128 0x3
 626 007e 0E       		.uleb128 0xe
 627 007f 3A       		.uleb128 0x3a
 628 0080 0B       		.uleb128 0xb
 629 0081 3B       		.uleb128 0x3b
 630 0082 05       		.uleb128 0x5
 631 0083 27       		.uleb128 0x27
 632 0084 19       		.uleb128 0x19
 633 0085 11       		.uleb128 0x11
 634 0086 01       		.uleb128 0x1
 635 0087 12       		.uleb128 0x12
 636 0088 06       		.uleb128 0x6
 637 0089 40       		.uleb128 0x40
 638 008a 18       		.uleb128 0x18
 639 008b 9742     		.uleb128 0x2117
 640 008d 19       		.uleb128 0x19
 641 008e 01       		.uleb128 0x1
 642 008f 13       		.uleb128 0x13
 643 0090 00       		.byte	0
 644 0091 00       		.byte	0
 645 0092 0C       		.uleb128 0xc
 646 0093 34       		.uleb128 0x34
 647 0094 00       		.byte	0
 648 0095 03       		.uleb128 0x3
 649 0096 0E       		.uleb128 0xe
 650 0097 3A       		.uleb128 0x3a
 651 0098 0B       		.uleb128 0xb
 652 0099 3B       		.uleb128 0x3b
 653 009a 05       		.uleb128 0x5
 654 009b 49       		.uleb128 0x49
 655 009c 13       		.uleb128 0x13
 656 009d 02       		.uleb128 0x2
 657 009e 17       		.uleb128 0x17
 658 009f 00       		.byte	0
 659 00a0 00       		.byte	0
 660 00a1 0D       		.uleb128 0xd
 661 00a2 898201   		.uleb128 0x4109
 662 00a5 00       		.byte	0
 663 00a6 11       		.uleb128 0x11
 664 00a7 01       		.uleb128 0x1
 665 00a8 31       		.uleb128 0x31
 666 00a9 13       		.uleb128 0x13
 667 00aa 00       		.byte	0
 668 00ab 00       		.byte	0
 669 00ac 0E       		.uleb128 0xe
 670 00ad 2E       		.uleb128 0x2e
 671 00ae 00       		.byte	0
 672 00af 3F       		.uleb128 0x3f
 673 00b0 19       		.uleb128 0x19
 674 00b1 3C       		.uleb128 0x3c
 675 00b2 19       		.uleb128 0x19
 676 00b3 6E       		.uleb128 0x6e
 677 00b4 0E       		.uleb128 0xe
ARM GAS  C:\Users\RYANCA~1\AppData\Local\Temp\cck2iDXp.s 			page 26


 678 00b5 03       		.uleb128 0x3
 679 00b6 0E       		.uleb128 0xe
 680 00b7 3A       		.uleb128 0x3a
 681 00b8 0B       		.uleb128 0xb
 682 00b9 3B       		.uleb128 0x3b
 683 00ba 05       		.uleb128 0x5
 684 00bb 00       		.byte	0
 685 00bc 00       		.byte	0
 686 00bd 00       		.byte	0
 687              		.section	.debug_loc,"",%progbits
 688              	.Ldebug_loc0:
 689              	.LLST0:
 690 0000 16000000 		.4byte	.LVL2
 691 0004 3D000000 		.4byte	.LVL3-1
 692 0008 0100     		.2byte	0x1
 693 000a 50       		.byte	0x50
 694 000b 3D000000 		.4byte	.LVL3-1
 695 000f 40000000 		.4byte	.LVL4
 696 0013 0100     		.2byte	0x1
 697 0015 55       		.byte	0x55
 698 0016 40000000 		.4byte	.LVL4
 699 001a 43000000 		.4byte	.LVL5-1
 700 001e 0100     		.2byte	0x1
 701 0020 50       		.byte	0x50
 702 0021 43000000 		.4byte	.LVL5-1
 703 0025 46000000 		.4byte	.LVL6
 704 0029 0100     		.2byte	0x1
 705 002b 55       		.byte	0x55
 706 002c 46000000 		.4byte	.LVL6
 707 0030 49000000 		.4byte	.LVL7-1
 708 0034 0100     		.2byte	0x1
 709 0036 50       		.byte	0x50
 710 0037 49000000 		.4byte	.LVL7-1
 711 003b 4C000000 		.4byte	.LVL8
 712 003f 0100     		.2byte	0x1
 713 0041 55       		.byte	0x55
 714 0042 4C000000 		.4byte	.LVL8
 715 0046 4F000000 		.4byte	.LVL9-1
 716 004a 0100     		.2byte	0x1
 717 004c 50       		.byte	0x50
 718 004d 4F000000 		.4byte	.LVL9-1
 719 0051 52000000 		.4byte	.LVL10
 720 0055 0100     		.2byte	0x1
 721 0057 55       		.byte	0x55
 722 0058 52000000 		.4byte	.LVL10
 723 005c 55000000 		.4byte	.LVL11-1
 724 0060 0100     		.2byte	0x1
 725 0062 50       		.byte	0x50
 726 0063 55000000 		.4byte	.LVL11-1
 727 0067 58000000 		.4byte	.LVL12
 728 006b 0100     		.2byte	0x1
 729 006d 55       		.byte	0x55
 730 006e 58000000 		.4byte	.LVL12
 731 0072 5B000000 		.4byte	.LVL13-1
 732 0076 0100     		.2byte	0x1
 733 0078 50       		.byte	0x50
 734 0079 5B000000 		.4byte	.LVL13-1
ARM GAS  C:\Users\RYANCA~1\AppData\Local\Temp\cck2iDXp.s 			page 27


 735 007d 5E000000 		.4byte	.LVL14
 736 0081 0100     		.2byte	0x1
 737 0083 55       		.byte	0x55
 738 0084 5E000000 		.4byte	.LVL14
 739 0088 61000000 		.4byte	.LVL15-1
 740 008c 0100     		.2byte	0x1
 741 008e 50       		.byte	0x50
 742 008f 61000000 		.4byte	.LVL15-1
 743 0093 66000000 		.4byte	.LVL17
 744 0097 0100     		.2byte	0x1
 745 0099 55       		.byte	0x55
 746 009a 00000000 		.4byte	0
 747 009e 00000000 		.4byte	0
 748              	.LLST1:
 749 00a2 00000000 		.4byte	.LVL0
 750 00a6 12000000 		.4byte	.LVL1
 751 00aa 0200     		.2byte	0x2
 752 00ac 31       		.byte	0x31
 753 00ad 9F       		.byte	0x9f
 754 00ae 16000000 		.4byte	.LVL2
 755 00b2 64000000 		.4byte	.LVL16
 756 00b6 0100     		.2byte	0x1
 757 00b8 54       		.byte	0x54
 758 00b9 68000000 		.4byte	.LVL18
 759 00bd 6C000000 		.4byte	.LVL19
 760 00c1 0100     		.2byte	0x1
 761 00c3 54       		.byte	0x54
 762 00c4 00000000 		.4byte	0
 763 00c8 00000000 		.4byte	0
 764              		.section	.debug_aranges,"",%progbits
 765 0000 24000000 		.4byte	0x24
 766 0004 0200     		.2byte	0x2
 767 0006 00000000 		.4byte	.Ldebug_info0
 768 000a 04       		.byte	0x4
 769 000b 00       		.byte	0
 770 000c 0000     		.2byte	0
 771 000e 0000     		.2byte	0
 772 0010 00000000 		.4byte	.LFB1
 773 0014 7C000000 		.4byte	.LFE1-.LFB1
 774 0018 00000000 		.4byte	.LFB2
 775 001c 14000000 		.4byte	.LFE2-.LFB2
 776 0020 00000000 		.4byte	0
 777 0024 00000000 		.4byte	0
 778              		.section	.debug_ranges,"",%progbits
 779              	.Ldebug_ranges0:
 780 0000 00000000 		.4byte	.LFB1
 781 0004 7C000000 		.4byte	.LFE1
 782 0008 00000000 		.4byte	.LFB2
 783 000c 14000000 		.4byte	.LFE2
 784 0010 00000000 		.4byte	0
 785 0014 00000000 		.4byte	0
 786              		.section	.debug_line,"",%progbits
 787              	.Ldebug_line0:
 788 0000 B0000000 		.section	.debug_str,"MS",%progbits,1
 788      02004D00 
 788      00000201 
 788      FB0E0D00 
ARM GAS  C:\Users\RYANCA~1\AppData\Local\Temp\cck2iDXp.s 			page 28


 788      01010101 
 789              	.LASF31:
 790 0000 73686966 		.ascii	"shift\000"
 790      7400
 791              	.LASF38:
 792 0006 43414E5F 		.ascii	"CAN_ReceiveMsgMC_PDO_ACK\000"
 792      52656365 
 792      6976654D 
 792      73674D43 
 792      5F50444F 
 793              	.LASF19:
 794 001f 43414E5F 		.ascii	"CAN_DATA_BYTES\000"
 794      44415441 
 794      5F425954 
 794      455300
 795              	.LASF42:
 796 002e 47656E65 		.ascii	"Generated_Source\\PSoC4\\CAN_INT.c\000"
 796      72617465 
 796      645F536F 
 796      75726365 
 796      5C50536F 
 797              	.LASF25:
 798 004f 7278616D 		.ascii	"rxamr\000"
 798      7200
 799              	.LASF30:
 800 0055 6D61696C 		.ascii	"mailboxNumber\000"
 800      626F784E 
 800      756D6265 
 800      7200
 801              	.LASF21:
 802 0063 43414E5F 		.ascii	"CAN_REG_32\000"
 802      5245475F 
 802      333200
 803              	.LASF3:
 804 006e 73686F72 		.ascii	"short unsigned int\000"
 804      7420756E 
 804      7369676E 
 804      65642069 
 804      6E7400
 805              	.LASF20:
 806 0081 62797465 		.ascii	"byte\000"
 806      00
 807              	.LASF24:
 808 0086 72786461 		.ascii	"rxdata\000"
 808      746100
 809              	.LASF35:
 810 008d 43414E5F 		.ascii	"CAN_ReceiveMsgBMS_STATUS_MSG\000"
 810      52656365 
 810      6976654D 
 810      7367424D 
 810      535F5354 
 811              	.LASF28:
 812 00aa 72786163 		.ascii	"rxacrd\000"
 812      726400
 813              	.LASF12:
 814 00b1 666C6F61 		.ascii	"float\000"
 814      7400
ARM GAS  C:\Users\RYANCA~1\AppData\Local\Temp\cck2iDXp.s 			page 29


 815              	.LASF1:
 816 00b7 756E7369 		.ascii	"unsigned char\000"
 816      676E6564 
 816      20636861 
 816      7200
 817              	.LASF23:
 818 00c5 72786964 		.ascii	"rxid\000"
 818      00
 819              	.LASF43:
 820 00ca 5C5C4D61 		.ascii	"\\\\Mac\\Home\\Desktop\\Dashboard-Firmware-FE10\\Da"
 820      635C486F 
 820      6D655C44 
 820      65736B74 
 820      6F705C44 
 821 00f7 7368626F 		.ascii	"shboard.cydsn\000"
 821      6172642E 
 821      63796473 
 821      6E00
 822              	.LASF15:
 823 0105 72656738 		.ascii	"reg8\000"
 823      00
 824              	.LASF5:
 825 010a 6C6F6E67 		.ascii	"long unsigned int\000"
 825      20756E73 
 825      69676E65 
 825      6420696E 
 825      7400
 826              	.LASF9:
 827 011c 75696E74 		.ascii	"uint8\000"
 827      3800
 828              	.LASF33:
 829 0122 43414E5F 		.ascii	"CAN_ISR\000"
 829      49535200 
 830              	.LASF26:
 831 012a 72786163 		.ascii	"rxacr\000"
 831      7200
 832              	.LASF13:
 833 0130 646F7562 		.ascii	"double\000"
 833      6C6500
 834              	.LASF10:
 835 0137 75696E74 		.ascii	"uint16\000"
 835      313600
 836              	.LASF11:
 837 013e 75696E74 		.ascii	"uint32\000"
 837      333200
 838              	.LASF8:
 839 0145 756E7369 		.ascii	"unsigned int\000"
 839      676E6564 
 839      20696E74 
 839      00
 840              	.LASF7:
 841 0152 6C6F6E67 		.ascii	"long long unsigned int\000"
 841      206C6F6E 
 841      6720756E 
 841      7369676E 
 841      65642069 
 842              	.LASF29:
ARM GAS  C:\Users\RYANCA~1\AppData\Local\Temp\cck2iDXp.s 			page 30


 843 0169 43414E5F 		.ascii	"CAN_RX_STRUCT\000"
 843      52585F53 
 843      54525543 
 843      5400
 844              	.LASF22:
 845 0177 7278636D 		.ascii	"rxcmd\000"
 845      6400
 846              	.LASF32:
 847 017d 43414E5F 		.ascii	"CAN_MsgRXIsr\000"
 847      4D736752 
 847      58497372 
 847      00
 848              	.LASF18:
 849 018a 73697A65 		.ascii	"sizetype\000"
 849      74797065 
 849      00
 850              	.LASF27:
 851 0193 7278616D 		.ascii	"rxamrd\000"
 851      726400
 852              	.LASF6:
 853 019a 6C6F6E67 		.ascii	"long long int\000"
 853      206C6F6E 
 853      6720696E 
 853      7400
 854              	.LASF14:
 855 01a8 63686172 		.ascii	"char\000"
 855      00
 856              	.LASF2:
 857 01ad 73686F72 		.ascii	"short int\000"
 857      7420696E 
 857      7400
 858              	.LASF39:
 859 01b7 43414E5F 		.ascii	"CAN_ReceiveMsgPEI_CURRENT\000"
 859      52656365 
 859      6976654D 
 859      73675045 
 859      495F4355 
 860              	.LASF37:
 861 01d1 43414E5F 		.ascii	"CAN_ReceiveMsgMC_PDO_SEND\000"
 861      52656365 
 861      6976654D 
 861      73674D43 
 861      5F50444F 
 862              	.LASF4:
 863 01eb 6C6F6E67 		.ascii	"long int\000"
 863      20696E74 
 863      00
 864              	.LASF16:
 865 01f4 72656733 		.ascii	"reg32\000"
 865      3200
 866              	.LASF17:
 867 01fa 6C6F6E67 		.ascii	"long double\000"
 867      20646F75 
 867      626C6500 
 868              	.LASF0:
 869 0206 7369676E 		.ascii	"signed char\000"
 869      65642063 
ARM GAS  C:\Users\RYANCA~1\AppData\Local\Temp\cck2iDXp.s 			page 31


 869      68617200 
 870              	.LASF34:
 871 0212 43414E5F 		.ascii	"CAN_ReceiveMsgTORQUE_REQUEST\000"
 871      52656365 
 871      6976654D 
 871      7367544F 
 871      52515545 
 872              	.LASF41:
 873 022f 474E5520 		.ascii	"GNU C11 5.4.1 20160609 (release) [ARM/embedded-5-br"
 873      43313120 
 873      352E342E 
 873      31203230 
 873      31363036 
 874 0262 616E6368 		.ascii	"anch revision 237715] -mcpu=cortex-m0 -mthumb -g -O"
 874      20726576 
 874      6973696F 
 874      6E203233 
 874      37373135 
 875 0295 73202D66 		.ascii	"s -ffunction-sections -ffat-lto-objects\000"
 875      66756E63 
 875      74696F6E 
 875      2D736563 
 875      74696F6E 
 876              	.LASF36:
 877 02bd 43414E5F 		.ascii	"CAN_ReceiveMsgBMS_TEMPERATURES\000"
 877      52656365 
 877      6976654D 
 877      7367424D 
 877      535F5445 
 878              	.LASF40:
 879 02dc 43414E5F 		.ascii	"CAN_ReceiveMsg\000"
 879      52656365 
 879      6976654D 
 879      736700
 880              		.ident	"GCC: (GNU Tools for ARM Embedded Processors) 5.4.1 20160609 (release) [ARM/embedded-5-bran
