--------------- Rebuild Started: 01/21/2023 12:57:10 Project: Dashboard, Configuration: ARM GCC 5.4-2016-q2-update Debug ---------------
Deleting file ".\CortexM0\ARM_GCC_541\Debug\ugui.o"
Deleting file ".\CortexM0\ARM_GCC_541\Debug\ugui_SSD1963.o"
Deleting file ".\CortexM0\ARM_GCC_541\Debug\frucd_display.o"
Deleting file ".\CortexM0\ARM_GCC_541\Debug\main.o"
Deleting file ".\CortexM0\ARM_GCC_541\Debug\can_manga.o"
Deleting file ".\CortexM0\ARM_GCC_541\Debug\cyfitter_cfg.o"
Deleting file ".\CortexM0\ARM_GCC_541\Debug\cymetadata.o"
Deleting file ".\CortexM0\ARM_GCC_541\Debug\RX.o"
Deleting file ".\CortexM0\ARM_GCC_541\Debug\RX_PM.o"
Deleting file ".\CortexM0\ARM_GCC_541\Debug\TX.o"
Deleting file ".\CortexM0\ARM_GCC_541\Debug\TX_PM.o"
Deleting file ".\CortexM0\ARM_GCC_541\Debug\CAN.o"
Deleting file ".\CortexM0\ARM_GCC_541\Debug\CAN_INT.o"
Deleting file ".\CortexM0\ARM_GCC_541\Debug\CAN_PM.o"
Deleting file ".\CortexM0\ARM_GCC_541\Debug\CAN_TX_RX_func.o"
Deleting file ".\CortexM0\ARM_GCC_541\Debug\Buzzer.o"
Deleting file ".\CortexM0\ARM_GCC_541\Debug\Buzzer_PM.o"
Deleting file ".\CortexM0\ARM_GCC_541\Debug\HV.o"
Deleting file ".\CortexM0\ARM_GCC_541\Debug\HV_PM.o"
Deleting file ".\CortexM0\ARM_GCC_541\Debug\Drive.o"
Deleting file ".\CortexM0\ARM_GCC_541\Debug\Drive_PM.o"
Deleting file ".\CortexM0\ARM_GCC_541\Debug\RGB3_1.o"
Deleting file ".\CortexM0\ARM_GCC_541\Debug\RGB3_1_PM.o"
Deleting file ".\CortexM0\ARM_GCC_541\Debug\RGB2_1.o"
Deleting file ".\CortexM0\ARM_GCC_541\Debug\RGB2_1_PM.o"
Deleting file ".\CortexM0\ARM_GCC_541\Debug\RGB1_1.o"
Deleting file ".\CortexM0\ARM_GCC_541\Debug\RGB1_1_PM.o"
Deleting file ".\CortexM0\ARM_GCC_541\Debug\GraphicLCDIntf.o"
Deleting file ".\CortexM0\ARM_GCC_541\Debug\GraphicLCDIntf_PM.o"
Deleting file ".\CortexM0\ARM_GCC_541\Debug\Clock_1.o"
Deleting file ".\CortexM0\ARM_GCC_541\Debug\D_BL.o"
Deleting file ".\CortexM0\ARM_GCC_541\Debug\D_BL_PM.o"
Deleting file ".\CortexM0\ARM_GCC_541\Debug\D_RST.o"
Deleting file ".\CortexM0\ARM_GCC_541\Debug\D_RST_PM.o"
Deleting file ".\CortexM0\ARM_GCC_541\Debug\BMS_LED.o"
Deleting file ".\CortexM0\ARM_GCC_541\Debug\BMS_LED_PM.o"
Deleting file ".\CortexM0\ARM_GCC_541\Debug\IMD_LED.o"
Deleting file ".\CortexM0\ARM_GCC_541\Debug\IMD_LED_PM.o"
Deleting file ".\CortexM0\ARM_GCC_541\Debug\CAN_isr.o"
Deleting file ".\CortexM0\ARM_GCC_541\Debug\CAN_HFCLK.o"
Deleting file ".\CortexM0\ARM_GCC_541\Debug\Cm0Start.o"
Deleting file ".\CortexM0\ARM_GCC_541\Debug\CyFlash.o"
Deleting file ".\CortexM0\ARM_GCC_541\Debug\CyLib.o"
Deleting file ".\CortexM0\ARM_GCC_541\Debug\cyPm.o"
Deleting file ".\CortexM0\ARM_GCC_541\Debug\cyutils.o"
Deleting file ".\CortexM0\ARM_GCC_541\Debug\CyBootAsmGnu.o"
Deleting file ".\CortexM0\ARM_GCC_541\Debug\CyDMA.o"
Deleting file ".\CortexM0\ARM_GCC_541\Debug\CyLFClk.o"
Deleting file ".\CortexM0\ARM_GCC_541\Debug\cy_em_eeprom.o"
Deleting file ".\CortexM0\ARM_GCC_541\Debug\ReadyToDrive_Int.o"
Deleting file ".\CortexM0\ARM_GCC_541\Debug\ReadyToDrive_Timer.o"
Deleting file ".\CortexM0\ARM_GCC_541\Debug\ReadyToDrive_Timer_PM.o"
Deleting file ".\CortexM0\ARM_GCC_541\Debug\Analog_1.o"
Deleting file ".\CortexM0\ARM_GCC_541\Debug\Analog_1_PM.o"
Deleting file ".\CortexM0\ARM_GCC_541\Debug\Analog_2.o"
Deleting file ".\CortexM0\ARM_GCC_541\Debug\Analog_2_PM.o"
Deleting file ".\CortexM0\ARM_GCC_541\Debug\ADC_GLV_V.o"
Deleting file ".\CortexM0\ARM_GCC_541\Debug\ADC_GLV_V_PM.o"
Deleting file ".\CortexM0\ARM_GCC_541\Debug\ADC_GLV_V_INT.o"
Deleting file ".\CortexM0\ARM_GCC_541\Debug\ADC_GLV_V_IRQ.o"
Deleting file ".\CortexM0\ARM_GCC_541\Debug\ADC_GLV_V_intClock.o"
Deleting file ".\CortexM0\ARM_GCC_541\Debug\Dashboard.hex"
Deleting file ".\CortexM0\ARM_GCC_541\Debug\Dashboard.elf"
Deleting file ".\CortexM0\ARM_GCC_541\Debug\Dashboard.map"
Deleting file ".\Dashboard.cycdx"
Deleting file ".\Dashboard.svd"
Deleting file ".\Dashboard.rpt"
Deleting file ".\Dashboard_timing.html"
Deleting file ".\CortexM0\ARM_GCC_541\Debug\.deps\SOURCE_C__ARM_GCC_GENERIC.P"
Deleting file ".\CortexM0\ARM_GCC_541\Debug\.deps\SOURCE_ASM__ARM_GCC_GENERIC.P"
cydsfit.exe -.appdatapath "C:\Users\ryancarlson\AppData\Local\Cypress Semiconductor\PSoC Creator\4.4" -.fdsnotice -.fdswarpdepfile=warp_dependencies.txt -.fdselabdepfile=elab_dependencies.txt -.fdsbldfile=generated_files.txt -.fdsreffile=referenced_files.txt -p Z:\Desktop\Dashboard-Firmware-FE10\Dashboard.cydsn\Dashboard.cyprj -d CY8C4247AZI-M485 -s Z:\Desktop\Dashboard-Firmware-FE10\Dashboard.cydsn\Generated_Source\PSoC4 -- -yv2 -q10 -ygs -o2 -v3 -.fftcfgtype=LE
Elaborating Design...
ADD: sdb.M0060: warning: Warning in component: CAN. The SYSCLK clock accuracy should be 1.58% or better. Please, enable WCO PLL in the Design-Wide Resource (*.cydwr) editor or use an external clock to meet the CAN accurate clocking requirements.
 * Z:\Desktop\Dashboard-Firmware-FE10\Dashboard.cydsn\TopDesign\TopDesign.cysch (Instance:CAN)
HDL Generation...
Synthesis...
Tech Mapping...
ADD: pft.M0040: information: The following 3 pin(s) will be assigned a location by the fitter: Analog_2(0), BMS_LED(0), IMD_LED(0)
Info: plm.M0038: The pin named d(7) at location P1[7] prevents usage of special purposes: SARADC[0].ext_vref. (App=cydsfit)
Analog Placement...
Analog Routing...
Analog Code Generation...
Digital Placement...
Digital Routing...
Bitstream Generation...
Bitstream Verification...
Static timing analysis...
Warning: sta.M0019: Dashboard_timing.html: Warning-1366: Setup time violation found in a path from clock ( CyHFClk ) to clock ( CyHFClk ). (File=Z:\Desktop\Dashboard-Firmware-FE10\Dashboard.cydsn\Dashboard_timing.html)
API Generation...
Dependency Generation...
Cleanup...
arm-none-eabi-gcc.exe -mcpu=cortex-m0 -mthumb -I. -IGenerated_Source\PSoC4 -Wa,-alh=.\CortexM0\ARM_GCC_541\Debug/ugui.lst -g -D DEBUG -D CY_CORE_ID=0 -Wall -ffunction-sections -ffat-lto-objects -Os -c ugui.c -o .\CortexM0\ARM_GCC_541\Debug\ugui.o
arm-none-eabi-gcc.exe -mcpu=cortex-m0 -mthumb -I. -IGenerated_Source\PSoC4 -Wa,-alh=.\CortexM0\ARM_GCC_541\Debug/ugui_SSD1963.lst -g -D DEBUG -D CY_CORE_ID=0 -Wall -ffunction-sections -ffat-lto-objects -Os -c ugui_SSD1963.c -o .\CortexM0\ARM_GCC_541\Debug\ugui_SSD1963.o
arm-none-eabi-gcc.exe -mcpu=cortex-m0 -mthumb -I. -IGenerated_Source\PSoC4 -Wa,-alh=.\CortexM0\ARM_GCC_541\Debug/frucd_display.lst -g -D DEBUG -D CY_CORE_ID=0 -Wall -ffunction-sections -ffat-lto-objects -Os -c frucd_display.c -o .\CortexM0\ARM_GCC_541\Debug\frucd_display.o
frucd_display.c: In function 'disp_glv_v':
frucd_display.c:594:21: warning: format '%d' expects argument of type 'int', but argument 3 has type 'uint32_t {aka long unsigned int}' [-Wformat=]
     sprintf(data_s, "%d", data);
                     ^
frucd_display.c:594:21: warning: format '%d' expects argument of type 'int', but argument 3 has type 'uint32_t {aka long unsigned int}' [-Wformat=]
arm-none-eabi-gcc.exe -mcpu=cortex-m0 -mthumb -I. -IGenerated_Source\PSoC4 -Wa,-alh=.\CortexM0\ARM_GCC_541\Debug/main.lst -g -D DEBUG -D CY_CORE_ID=0 -Wall -ffunction-sections -ffat-lto-objects -Os -c main.c -o .\CortexM0\ARM_GCC_541\Debug\main.o
main.c: In function 'main':
main.c:136:9: warning: variable 'bms_error' set but not used [-Wunused-but-set-variable]
     int bms_error;
         ^
arm-none-eabi-gcc.exe -mcpu=cortex-m0 -mthumb -I. -IGenerated_Source\PSoC4 -Wa,-alh=.\CortexM0\ARM_GCC_541\Debug/can_manga.lst -g -D DEBUG -D CY_CORE_ID=0 -Wall -ffunction-sections -ffat-lto-objects -Os -c can_manga.c -o .\CortexM0\ARM_GCC_541\Debug\can_manga.o
arm-none-eabi-gcc.exe -mcpu=cortex-m0 -mthumb -I. -IGenerated_Source\PSoC4 -Wa,-alh=.\CortexM0\ARM_GCC_541\Debug/cyfitter_cfg.lst -g -D DEBUG -D CY_CORE_ID=0 -Wall -ffunction-sections -ffat-lto-objects -Os -c Generated_Source\PSoC4\cyfitter_cfg.c -o .\CortexM0\ARM_GCC_541\Debug\cyfitter_cfg.o
arm-none-eabi-gcc.exe -mcpu=cortex-m0 -mthumb -I. -IGenerated_Source\PSoC4 -Wa,-alh=.\CortexM0\ARM_GCC_541\Debug/cymetadata.lst -g -D DEBUG -D CY_CORE_ID=0 -Wall -ffunction-sections -ffat-lto-objects -Os -c Generated_Source\PSoC4\cymetadata.c -o .\CortexM0\ARM_GCC_541\Debug\cymetadata.o
arm-none-eabi-gcc.exe -mcpu=cortex-m0 -mthumb -I. -IGenerated_Source\PSoC4 -Wa,-alh=.\CortexM0\ARM_GCC_541\Debug/RX.lst -g -D DEBUG -D CY_CORE_ID=0 -Wall -ffunction-sections -ffat-lto-objects -Os -c Generated_Source\PSoC4\RX.c -o .\CortexM0\ARM_GCC_541\Debug\RX.o
arm-none-eabi-gcc.exe -mcpu=cortex-m0 -mthumb -I. -IGenerated_Source\PSoC4 -Wa,-alh=.\CortexM0\ARM_GCC_541\Debug/RX_PM.lst -g -D DEBUG -D CY_CORE_ID=0 -Wall -ffunction-sections -ffat-lto-objects -Os -c Generated_Source\PSoC4\RX_PM.c -o .\CortexM0\ARM_GCC_541\Debug\RX_PM.o
arm-none-eabi-gcc.exe -mcpu=cortex-m0 -mthumb -I. -IGenerated_Source\PSoC4 -Wa,-alh=.\CortexM0\ARM_GCC_541\Debug/TX.lst -g -D DEBUG -D CY_CORE_ID=0 -Wall -ffunction-sections -ffat-lto-objects -Os -c Generated_Source\PSoC4\TX.c -o .\CortexM0\ARM_GCC_541\Debug\TX.o
arm-none-eabi-gcc.exe -mcpu=cortex-m0 -mthumb -I. -IGenerated_Source\PSoC4 -Wa,-alh=.\CortexM0\ARM_GCC_541\Debug/TX_PM.lst -g -D DEBUG -D CY_CORE_ID=0 -Wall -ffunction-sections -ffat-lto-objects -Os -c Generated_Source\PSoC4\TX_PM.c -o .\CortexM0\ARM_GCC_541\Debug\TX_PM.o
arm-none-eabi-gcc.exe -mcpu=cortex-m0 -mthumb -I. -IGenerated_Source\PSoC4 -Wa,-alh=.\CortexM0\ARM_GCC_541\Debug/CAN.lst -g -D DEBUG -D CY_CORE_ID=0 -Wall -ffunction-sections -ffat-lto-objects -Os -c Generated_Source\PSoC4\CAN.c -o .\CortexM0\ARM_GCC_541\Debug\CAN.o
arm-none-eabi-gcc.exe -mcpu=cortex-m0 -mthumb -I. -IGenerated_Source\PSoC4 -Wa,-alh=.\CortexM0\ARM_GCC_541\Debug/CAN_INT.lst -g -D DEBUG -D CY_CORE_ID=0 -Wall -ffunction-sections -ffat-lto-objects -Os -c Generated_Source\PSoC4\CAN_INT.c -o .\CortexM0\ARM_GCC_541\Debug\CAN_INT.o
arm-none-eabi-gcc.exe -mcpu=cortex-m0 -mthumb -I. -IGenerated_Source\PSoC4 -Wa,-alh=.\CortexM0\ARM_GCC_541\Debug/CAN_PM.lst -g -D DEBUG -D CY_CORE_ID=0 -Wall -ffunction-sections -ffat-lto-objects -Os -c Generated_Source\PSoC4\CAN_PM.c -o .\CortexM0\ARM_GCC_541\Debug\CAN_PM.o
arm-none-eabi-gcc.exe -mcpu=cortex-m0 -mthumb -I. -IGenerated_Source\PSoC4 -Wa,-alh=.\CortexM0\ARM_GCC_541\Debug/CAN_TX_RX_func.lst -g -D DEBUG -D CY_CORE_ID=0 -Wall -ffunction-sections -ffat-lto-objects -Os -c Generated_Source\PSoC4\CAN_TX_RX_func.c -o .\CortexM0\ARM_GCC_541\Debug\CAN_TX_RX_func.o
arm-none-eabi-gcc.exe -mcpu=cortex-m0 -mthumb -I. -IGenerated_Source\PSoC4 -Wa,-alh=.\CortexM0\ARM_GCC_541\Debug/Buzzer.lst -g -D DEBUG -D CY_CORE_ID=0 -Wall -ffunction-sections -ffat-lto-objects -Os -c Generated_Source\PSoC4\Buzzer.c -o .\CortexM0\ARM_GCC_541\Debug\Buzzer.o
arm-none-eabi-gcc.exe -mcpu=cortex-m0 -mthumb -I. -IGenerated_Source\PSoC4 -Wa,-alh=.\CortexM0\ARM_GCC_541\Debug/Buzzer_PM.lst -g -D DEBUG -D CY_CORE_ID=0 -Wall -ffunction-sections -ffat-lto-objects -Os -c Generated_Source\PSoC4\Buzzer_PM.c -o .\CortexM0\ARM_GCC_541\Debug\Buzzer_PM.o
arm-none-eabi-gcc.exe -mcpu=cortex-m0 -mthumb -I. -IGenerated_Source\PSoC4 -Wa,-alh=.\CortexM0\ARM_GCC_541\Debug/HV.lst -g -D DEBUG -D CY_CORE_ID=0 -Wall -ffunction-sections -ffat-lto-objects -Os -c Generated_Source\PSoC4\HV.c -o .\CortexM0\ARM_GCC_541\Debug\HV.o
arm-none-eabi-gcc.exe -mcpu=cortex-m0 -mthumb -I. -IGenerated_Source\PSoC4 -Wa,-alh=.\CortexM0\ARM_GCC_541\Debug/HV_PM.lst -g -D DEBUG -D CY_CORE_ID=0 -Wall -ffunction-sections -ffat-lto-objects -Os -c Generated_Source\PSoC4\HV_PM.c -o .\CortexM0\ARM_GCC_541\Debug\HV_PM.o
arm-none-eabi-gcc.exe -mcpu=cortex-m0 -mthumb -I. -IGenerated_Source\PSoC4 -Wa,-alh=.\CortexM0\ARM_GCC_541\Debug/Drive.lst -g -D DEBUG -D CY_CORE_ID=0 -Wall -ffunction-sections -ffat-lto-objects -Os -c Generated_Source\PSoC4\Drive.c -o .\CortexM0\ARM_GCC_541\Debug\Drive.o
arm-none-eabi-gcc.exe -mcpu=cortex-m0 -mthumb -I. -IGenerated_Source\PSoC4 -Wa,-alh=.\CortexM0\ARM_GCC_541\Debug/Drive_PM.lst -g -D DEBUG -D CY_CORE_ID=0 -Wall -ffunction-sections -ffat-lto-objects -Os -c Generated_Source\PSoC4\Drive_PM.c -o .\CortexM0\ARM_GCC_541\Debug\Drive_PM.o
arm-none-eabi-gcc.exe -mcpu=cortex-m0 -mthumb -I. -IGenerated_Source\PSoC4 -Wa,-alh=.\CortexM0\ARM_GCC_541\Debug/RGB3_1.lst -g -D DEBUG -D CY_CORE_ID=0 -Wall -ffunction-sections -ffat-lto-objects -Os -c Generated_Source\PSoC4\RGB3_1.c -o .\CortexM0\ARM_GCC_541\Debug\RGB3_1.o
arm-none-eabi-gcc.exe -mcpu=cortex-m0 -mthumb -I. -IGenerated_Source\PSoC4 -Wa,-alh=.\CortexM0\ARM_GCC_541\Debug/RGB3_1_PM.lst -g -D DEBUG -D CY_CORE_ID=0 -Wall -ffunction-sections -ffat-lto-objects -Os -c Generated_Source\PSoC4\RGB3_1_PM.c -o .\CortexM0\ARM_GCC_541\Debug\RGB3_1_PM.o
arm-none-eabi-gcc.exe -mcpu=cortex-m0 -mthumb -I. -IGenerated_Source\PSoC4 -Wa,-alh=.\CortexM0\ARM_GCC_541\Debug/RGB2_1.lst -g -D DEBUG -D CY_CORE_ID=0 -Wall -ffunction-sections -ffat-lto-objects -Os -c Generated_Source\PSoC4\RGB2_1.c -o .\CortexM0\ARM_GCC_541\Debug\RGB2_1.o
arm-none-eabi-gcc.exe -mcpu=cortex-m0 -mthumb -I. -IGenerated_Source\PSoC4 -Wa,-alh=.\CortexM0\ARM_GCC_541\Debug/RGB2_1_PM.lst -g -D DEBUG -D CY_CORE_ID=0 -Wall -ffunction-sections -ffat-lto-objects -Os -c Generated_Source\PSoC4\RGB2_1_PM.c -o .\CortexM0\ARM_GCC_541\Debug\RGB2_1_PM.o
arm-none-eabi-gcc.exe -mcpu=cortex-m0 -mthumb -I. -IGenerated_Source\PSoC4 -Wa,-alh=.\CortexM0\ARM_GCC_541\Debug/RGB1_1.lst -g -D DEBUG -D CY_CORE_ID=0 -Wall -ffunction-sections -ffat-lto-objects -Os -c Generated_Source\PSoC4\RGB1_1.c -o .\CortexM0\ARM_GCC_541\Debug\RGB1_1.o
arm-none-eabi-gcc.exe -mcpu=cortex-m0 -mthumb -I. -IGenerated_Source\PSoC4 -Wa,-alh=.\CortexM0\ARM_GCC_541\Debug/RGB1_1_PM.lst -g -D DEBUG -D CY_CORE_ID=0 -Wall -ffunction-sections -ffat-lto-objects -Os -c Generated_Source\PSoC4\RGB1_1_PM.c -o .\CortexM0\ARM_GCC_541\Debug\RGB1_1_PM.o
arm-none-eabi-gcc.exe -mcpu=cortex-m0 -mthumb -I. -IGenerated_Source\PSoC4 -Wa,-alh=.\CortexM0\ARM_GCC_541\Debug/GraphicLCDIntf.lst -g -D DEBUG -D CY_CORE_ID=0 -Wall -ffunction-sections -ffat-lto-objects -Os -c Generated_Source\PSoC4\GraphicLCDIntf.c -o .\CortexM0\ARM_GCC_541\Debug\GraphicLCDIntf.o
arm-none-eabi-gcc.exe -mcpu=cortex-m0 -mthumb -I. -IGenerated_Source\PSoC4 -Wa,-alh=.\CortexM0\ARM_GCC_541\Debug/GraphicLCDIntf_PM.lst -g -D DEBUG -D CY_CORE_ID=0 -Wall -ffunction-sections -ffat-lto-objects -Os -c Generated_Source\PSoC4\GraphicLCDIntf_PM.c -o .\CortexM0\ARM_GCC_541\Debug\GraphicLCDIntf_PM.o
arm-none-eabi-gcc.exe -mcpu=cortex-m0 -mthumb -I. -IGenerated_Source\PSoC4 -Wa,-alh=.\CortexM0\ARM_GCC_541\Debug/Clock_1.lst -g -D DEBUG -D CY_CORE_ID=0 -Wall -ffunction-sections -ffat-lto-objects -Os -c Generated_Source\PSoC4\Clock_1.c -o .\CortexM0\ARM_GCC_541\Debug\Clock_1.o
arm-none-eabi-gcc.exe -mcpu=cortex-m0 -mthumb -I. -IGenerated_Source\PSoC4 -Wa,-alh=.\CortexM0\ARM_GCC_541\Debug/D_BL.lst -g -D DEBUG -D CY_CORE_ID=0 -Wall -ffunction-sections -ffat-lto-objects -Os -c Generated_Source\PSoC4\D_BL.c -o .\CortexM0\ARM_GCC_541\Debug\D_BL.o
arm-none-eabi-gcc.exe -mcpu=cortex-m0 -mthumb -I. -IGenerated_Source\PSoC4 -Wa,-alh=.\CortexM0\ARM_GCC_541\Debug/D_BL_PM.lst -g -D DEBUG -D CY_CORE_ID=0 -Wall -ffunction-sections -ffat-lto-objects -Os -c Generated_Source\PSoC4\D_BL_PM.c -o .\CortexM0\ARM_GCC_541\Debug\D_BL_PM.o
arm-none-eabi-gcc.exe -mcpu=cortex-m0 -mthumb -I. -IGenerated_Source\PSoC4 -Wa,-alh=.\CortexM0\ARM_GCC_541\Debug/D_RST.lst -g -D DEBUG -D CY_CORE_ID=0 -Wall -ffunction-sections -ffat-lto-objects -Os -c Generated_Source\PSoC4\D_RST.c -o .\CortexM0\ARM_GCC_541\Debug\D_RST.o
arm-none-eabi-gcc.exe -mcpu=cortex-m0 -mthumb -I. -IGenerated_Source\PSoC4 -Wa,-alh=.\CortexM0\ARM_GCC_541\Debug/D_RST_PM.lst -g -D DEBUG -D CY_CORE_ID=0 -Wall -ffunction-sections -ffat-lto-objects -Os -c Generated_Source\PSoC4\D_RST_PM.c -o .\CortexM0\ARM_GCC_541\Debug\D_RST_PM.o
arm-none-eabi-gcc.exe -mcpu=cortex-m0 -mthumb -I. -IGenerated_Source\PSoC4 -Wa,-alh=.\CortexM0\ARM_GCC_541\Debug/BMS_LED.lst -g -D DEBUG -D CY_CORE_ID=0 -Wall -ffunction-sections -ffat-lto-objects -Os -c Generated_Source\PSoC4\BMS_LED.c -o .\CortexM0\ARM_GCC_541\Debug\BMS_LED.o
arm-none-eabi-gcc.exe -mcpu=cortex-m0 -mthumb -I. -IGenerated_Source\PSoC4 -Wa,-alh=.\CortexM0\ARM_GCC_541\Debug/BMS_LED_PM.lst -g -D DEBUG -D CY_CORE_ID=0 -Wall -ffunction-sections -ffat-lto-objects -Os -c Generated_Source\PSoC4\BMS_LED_PM.c -o .\CortexM0\ARM_GCC_541\Debug\BMS_LED_PM.o
arm-none-eabi-gcc.exe -mcpu=cortex-m0 -mthumb -I. -IGenerated_Source\PSoC4 -Wa,-alh=.\CortexM0\ARM_GCC_541\Debug/IMD_LED.lst -g -D DEBUG -D CY_CORE_ID=0 -Wall -ffunction-sections -ffat-lto-objects -Os -c Generated_Source\PSoC4\IMD_LED.c -o .\CortexM0\ARM_GCC_541\Debug\IMD_LED.o
arm-none-eabi-gcc.exe -mcpu=cortex-m0 -mthumb -I. -IGenerated_Source\PSoC4 -Wa,-alh=.\CortexM0\ARM_GCC_541\Debug/IMD_LED_PM.lst -g -D DEBUG -D CY_CORE_ID=0 -Wall -ffunction-sections -ffat-lto-objects -Os -c Generated_Source\PSoC4\IMD_LED_PM.c -o .\CortexM0\ARM_GCC_541\Debug\IMD_LED_PM.o
arm-none-eabi-gcc.exe -mcpu=cortex-m0 -mthumb -I. -IGenerated_Source\PSoC4 -Wa,-alh=.\CortexM0\ARM_GCC_541\Debug/CAN_isr.lst -g -D DEBUG -D CY_CORE_ID=0 -Wall -ffunction-sections -ffat-lto-objects -Os -c Generated_Source\PSoC4\CAN_isr.c -o .\CortexM0\ARM_GCC_541\Debug\CAN_isr.o
arm-none-eabi-gcc.exe -mcpu=cortex-m0 -mthumb -I. -IGenerated_Source\PSoC4 -Wa,-alh=.\CortexM0\ARM_GCC_541\Debug/CAN_HFCLK.lst -g -D DEBUG -D CY_CORE_ID=0 -Wall -ffunction-sections -ffat-lto-objects -Os -c Generated_Source\PSoC4\CAN_HFCLK.c -o .\CortexM0\ARM_GCC_541\Debug\CAN_HFCLK.o
arm-none-eabi-gcc.exe -mcpu=cortex-m0 -mthumb -I. -IGenerated_Source\PSoC4 -Wa,-alh=.\CortexM0\ARM_GCC_541\Debug/Cm0Start.lst -g -D DEBUG -D CY_CORE_ID=0 -Wall -ffunction-sections -ffat-lto-objects -Os -c Generated_Source\PSoC4\Cm0Start.c -o .\CortexM0\ARM_GCC_541\Debug\Cm0Start.o
arm-none-eabi-gcc.exe -mcpu=cortex-m0 -mthumb -I. -IGenerated_Source\PSoC4 -Wa,-alh=.\CortexM0\ARM_GCC_541\Debug/CyFlash.lst -g -D DEBUG -D CY_CORE_ID=0 -Wall -ffunction-sections -ffat-lto-objects -Os -c Generated_Source\PSoC4\CyFlash.c -o .\CortexM0\ARM_GCC_541\Debug\CyFlash.o
arm-none-eabi-gcc.exe -mcpu=cortex-m0 -mthumb -I. -IGenerated_Source\PSoC4 -Wa,-alh=.\CortexM0\ARM_GCC_541\Debug/CyLib.lst -g -D DEBUG -D CY_CORE_ID=0 -Wall -ffunction-sections -ffat-lto-objects -Os -c Generated_Source\PSoC4\CyLib.c -o .\CortexM0\ARM_GCC_541\Debug\CyLib.o
arm-none-eabi-gcc.exe -mcpu=cortex-m0 -mthumb -I. -IGenerated_Source\PSoC4 -Wa,-alh=.\CortexM0\ARM_GCC_541\Debug/cyPm.lst -g -D DEBUG -D CY_CORE_ID=0 -Wall -ffunction-sections -ffat-lto-objects -Os -c Generated_Source\PSoC4\cyPm.c -o .\CortexM0\ARM_GCC_541\Debug\cyPm.o
arm-none-eabi-gcc.exe -mcpu=cortex-m0 -mthumb -I. -IGenerated_Source\PSoC4 -Wa,-alh=.\CortexM0\ARM_GCC_541\Debug/cyutils.lst -g -D DEBUG -D CY_CORE_ID=0 -Wall -ffunction-sections -ffat-lto-objects -Os -c Generated_Source\PSoC4\cyutils.c -o .\CortexM0\ARM_GCC_541\Debug\cyutils.o
arm-none-eabi-gcc.exe -mcpu=cortex-m0 -mthumb -I. -IGenerated_Source\PSoC4 -Wa,-alh=.\CortexM0\ARM_GCC_541\Debug/CyDMA.lst -g -D DEBUG -D CY_CORE_ID=0 -Wall -ffunction-sections -ffat-lto-objects -Os -c Generated_Source\PSoC4\CyDMA.c -o .\CortexM0\ARM_GCC_541\Debug\CyDMA.o
arm-none-eabi-gcc.exe -mcpu=cortex-m0 -mthumb -I. -IGenerated_Source\PSoC4 -Wa,-alh=.\CortexM0\ARM_GCC_541\Debug/CyLFClk.lst -g -D DEBUG -D CY_CORE_ID=0 -Wall -ffunction-sections -ffat-lto-objects -Os -c Generated_Source\PSoC4\CyLFClk.c -o .\CortexM0\ARM_GCC_541\Debug\CyLFClk.o
arm-none-eabi-gcc.exe -mcpu=cortex-m0 -mthumb -I. -IGenerated_Source\PSoC4 -Wa,-alh=.\CortexM0\ARM_GCC_541\Debug/cy_em_eeprom.lst -g -D DEBUG -D CY_CORE_ID=0 -Wall -ffunction-sections -ffat-lto-objects -Os -c Generated_Source\PSoC4\cy_em_eeprom.c -o .\CortexM0\ARM_GCC_541\Debug\cy_em_eeprom.o
arm-none-eabi-gcc.exe -mcpu=cortex-m0 -mthumb -I. -IGenerated_Source\PSoC4 -Wa,-alh=.\CortexM0\ARM_GCC_541\Debug/ReadyToDrive_Int.lst -g -D DEBUG -D CY_CORE_ID=0 -Wall -ffunction-sections -ffat-lto-objects -Os -c Generated_Source\PSoC4\ReadyToDrive_Int.c -o .\CortexM0\ARM_GCC_541\Debug\ReadyToDrive_Int.o
arm-none-eabi-gcc.exe -mcpu=cortex-m0 -mthumb -I. -IGenerated_Source\PSoC4 -Wa,-alh=.\CortexM0\ARM_GCC_541\Debug/ReadyToDrive_Timer.lst -g -D DEBUG -D CY_CORE_ID=0 -Wall -ffunction-sections -ffat-lto-objects -Os -c Generated_Source\PSoC4\ReadyToDrive_Timer.c -o .\CortexM0\ARM_GCC_541\Debug\ReadyToDrive_Timer.o
arm-none-eabi-gcc.exe -mcpu=cortex-m0 -mthumb -I. -IGenerated_Source\PSoC4 -Wa,-alh=.\CortexM0\ARM_GCC_541\Debug/ReadyToDrive_Timer_PM.lst -g -D DEBUG -D CY_CORE_ID=0 -Wall -ffunction-sections -ffat-lto-objects -Os -c Generated_Source\PSoC4\ReadyToDrive_Timer_PM.c -o .\CortexM0\ARM_GCC_541\Debug\ReadyToDrive_Timer_PM.o
arm-none-eabi-gcc.exe -mcpu=cortex-m0 -mthumb -I. -IGenerated_Source\PSoC4 -Wa,-alh=.\CortexM0\ARM_GCC_541\Debug/Analog_1.lst -g -D DEBUG -D CY_CORE_ID=0 -Wall -ffunction-sections -ffat-lto-objects -Os -c Generated_Source\PSoC4\Analog_1.c -o .\CortexM0\ARM_GCC_541\Debug\Analog_1.o
arm-none-eabi-gcc.exe -mcpu=cortex-m0 -mthumb -I. -IGenerated_Source\PSoC4 -Wa,-alh=.\CortexM0\ARM_GCC_541\Debug/Analog_1_PM.lst -g -D DEBUG -D CY_CORE_ID=0 -Wall -ffunction-sections -ffat-lto-objects -Os -c Generated_Source\PSoC4\Analog_1_PM.c -o .\CortexM0\ARM_GCC_541\Debug\Analog_1_PM.o
arm-none-eabi-gcc.exe -mcpu=cortex-m0 -mthumb -I. -IGenerated_Source\PSoC4 -Wa,-alh=.\CortexM0\ARM_GCC_541\Debug/Analog_2.lst -g -D DEBUG -D CY_CORE_ID=0 -Wall -ffunction-sections -ffat-lto-objects -Os -c Generated_Source\PSoC4\Analog_2.c -o .\CortexM0\ARM_GCC_541\Debug\Analog_2.o
arm-none-eabi-gcc.exe -mcpu=cortex-m0 -mthumb -I. -IGenerated_Source\PSoC4 -Wa,-alh=.\CortexM0\ARM_GCC_541\Debug/Analog_2_PM.lst -g -D DEBUG -D CY_CORE_ID=0 -Wall -ffunction-sections -ffat-lto-objects -Os -c Generated_Source\PSoC4\Analog_2_PM.c -o .\CortexM0\ARM_GCC_541\Debug\Analog_2_PM.o
arm-none-eabi-gcc.exe -mcpu=cortex-m0 -mthumb -I. -IGenerated_Source\PSoC4 -Wa,-alh=.\CortexM0\ARM_GCC_541\Debug/ADC_GLV_V.lst -g -D DEBUG -D CY_CORE_ID=0 -Wall -ffunction-sections -ffat-lto-objects -Os -c Generated_Source\PSoC4\ADC_GLV_V.c -o .\CortexM0\ARM_GCC_541\Debug\ADC_GLV_V.o
arm-none-eabi-gcc.exe -mcpu=cortex-m0 -mthumb -I. -IGenerated_Source\PSoC4 -Wa,-alh=.\CortexM0\ARM_GCC_541\Debug/ADC_GLV_V_PM.lst -g -D DEBUG -D CY_CORE_ID=0 -Wall -ffunction-sections -ffat-lto-objects -Os -c Generated_Source\PSoC4\ADC_GLV_V_PM.c -o .\CortexM0\ARM_GCC_541\Debug\ADC_GLV_V_PM.o
arm-none-eabi-gcc.exe -mcpu=cortex-m0 -mthumb -I. -IGenerated_Source\PSoC4 -Wa,-alh=.\CortexM0\ARM_GCC_541\Debug/ADC_GLV_V_INT.lst -g -D DEBUG -D CY_CORE_ID=0 -Wall -ffunction-sections -ffat-lto-objects -Os -c Generated_Source\PSoC4\ADC_GLV_V_INT.c -o .\CortexM0\ARM_GCC_541\Debug\ADC_GLV_V_INT.o
arm-none-eabi-gcc.exe -mcpu=cortex-m0 -mthumb -I. -IGenerated_Source\PSoC4 -Wa,-alh=.\CortexM0\ARM_GCC_541\Debug/ADC_GLV_V_IRQ.lst -g -D DEBUG -D CY_CORE_ID=0 -Wall -ffunction-sections -ffat-lto-objects -Os -c Generated_Source\PSoC4\ADC_GLV_V_IRQ.c -o .\CortexM0\ARM_GCC_541\Debug\ADC_GLV_V_IRQ.o
arm-none-eabi-gcc.exe -mcpu=cortex-m0 -mthumb -I. -IGenerated_Source\PSoC4 -Wa,-alh=.\CortexM0\ARM_GCC_541\Debug/ADC_GLV_V_intClock.lst -g -D DEBUG -D CY_CORE_ID=0 -Wall -ffunction-sections -ffat-lto-objects -Os -c Generated_Source\PSoC4\ADC_GLV_V_intClock.c -o .\CortexM0\ARM_GCC_541\Debug\ADC_GLV_V_intClock.o
arm-none-eabi-as.exe -mcpu=cortex-m0 -mthumb -I. -IGenerated_Source\PSoC4 -alh=.\CortexM0\ARM_GCC_541\Debug/CyBootAsmGnu.lst -g -W -o .\CortexM0\ARM_GCC_541\Debug\CyBootAsmGnu.o Generated_Source\PSoC4\CyBootAsmGnu.s
arm-none-eabi-ar.exe -rs .\CortexM0\ARM_GCC_541\Debug\Dashboard.a .\CortexM0\ARM_GCC_541\Debug\RX.o .\CortexM0\ARM_GCC_541\Debug\RX_PM.o .\CortexM0\ARM_GCC_541\Debug\TX.o .\CortexM0\ARM_GCC_541\Debug\TX_PM.o .\CortexM0\ARM_GCC_541\Debug\CAN.o .\CortexM0\ARM_GCC_541\Debug\CAN_INT.o .\CortexM0\ARM_GCC_541\Debug\CAN_PM.o .\CortexM0\ARM_GCC_541\Debug\CAN_TX_RX_func.o .\CortexM0\ARM_GCC_541\Debug\Buzzer.o .\CortexM0\ARM_GCC_541\Debug\Buzzer_PM.o .\CortexM0\ARM_GCC_541\Debug\HV.o .\CortexM0\ARM_GCC_541\Debug\HV_PM.o .\CortexM0\ARM_GCC_541\Debug\Drive.o .\CortexM0\ARM_GCC_541\Debug\Drive_PM.o .\CortexM0\ARM_GCC_541\Debug\RGB3_1.o .\CortexM0\ARM_GCC_541\Debug\RGB3_1_PM.o .\CortexM0\ARM_GCC_541\Debug\RGB2_1.o .\CortexM0\ARM_GCC_541\Debug\RGB2_1_PM.o .\CortexM0\ARM_GCC_541\Debug\RGB1_1.o .\CortexM0\ARM_GCC_541\Debug\RGB1_1_PM.o .\CortexM0\ARM_GCC_541\Debug\GraphicLCDIntf.o .\CortexM0\ARM_GCC_541\Debug\GraphicLCDIntf_PM.o .\CortexM0\ARM_GCC_541\Debug\Clock_1.o .\CortexM0\ARM_GCC_541\Debug\D_BL.o .\CortexM0\ARM_GCC_541\Debug\D_BL_PM.o .\CortexM0\ARM_GCC_541\Debug\D_RST.o .\CortexM0\ARM_GCC_541\Debug\D_RST_PM.o .\CortexM0\ARM_GCC_541\Debug\BMS_LED.o .\CortexM0\ARM_GCC_541\Debug\BMS_LED_PM.o .\CortexM0\ARM_GCC_541\Debug\IMD_LED.o .\CortexM0\ARM_GCC_541\Debug\IMD_LED_PM.o .\CortexM0\ARM_GCC_541\Debug\CAN_isr.o .\CortexM0\ARM_GCC_541\Debug\CAN_HFCLK.o .\CortexM0\ARM_GCC_541\Debug\CyFlash.o .\CortexM0\ARM_GCC_541\Debug\CyLib.o .\CortexM0\ARM_GCC_541\Debug\cyPm.o .\CortexM0\ARM_GCC_541\Debug\cyutils.o .\CortexM0\ARM_GCC_541\Debug\CyDMA.o .\CortexM0\ARM_GCC_541\Debug\CyLFClk.o .\CortexM0\ARM_GCC_541\Debug\cy_em_eeprom.o .\CortexM0\ARM_GCC_541\Debug\ReadyToDrive_Int.o .\CortexM0\ARM_GCC_541\Debug\ReadyToDrive_Timer.o .\CortexM0\ARM_GCC_541\Debug\ReadyToDrive_Timer_PM.o .\CortexM0\ARM_GCC_541\Debug\Analog_1.o .\CortexM0\ARM_GCC_541\Debug\Analog_1_PM.o .\CortexM0\ARM_GCC_541\Debug\Analog_2.o .\CortexM0\ARM_GCC_541\Debug\Analog_2_PM.o .\CortexM0\ARM_GCC_541\Debug\ADC_GLV_V.o .\CortexM0\ARM_GCC_541\Debug\ADC_GLV_V_PM.o .\CortexM0\ARM_GCC_541\Debug\ADC_GLV_V_INT.o .\CortexM0\ARM_GCC_541\Debug\ADC_GLV_V_IRQ.o .\CortexM0\ARM_GCC_541\Debug\ADC_GLV_V_intClock.o .\CortexM0\ARM_GCC_541\Debug\CyBootAsmGnu.o
arm-none-eabi-ar.exe: creating .\CortexM0\ARM_GCC_541\Debug\Dashboard.a
arm-none-eabi-gcc.exe -Wl,--start-group -o Z:\Desktop\Dashboard-Firmware-FE10\Dashboard.cydsn\CortexM0\ARM_GCC_541\Debug\Dashboard.elf .\CortexM0\ARM_GCC_541\Debug\ugui.o .\CortexM0\ARM_GCC_541\Debug\ugui_SSD1963.o .\CortexM0\ARM_GCC_541\Debug\frucd_display.o .\CortexM0\ARM_GCC_541\Debug\main.o .\CortexM0\ARM_GCC_541\Debug\can_manga.o .\CortexM0\ARM_GCC_541\Debug\cyfitter_cfg.o .\CortexM0\ARM_GCC_541\Debug\cymetadata.o .\CortexM0\ARM_GCC_541\Debug\Cm0Start.o .\CortexM0\ARM_GCC_541\Debug\Dashboard.a -mcpu=cortex-m0 -mthumb -L Generated_Source\PSoC4 -Wl,-Map,.\CortexM0\ARM_GCC_541\Debug/Dashboard.map -T Generated_Source\PSoC4\cm0gcc.ld -specs=nano.specs -Wl,--gc-sections -g -ffunction-sections -Os -ffat-lto-objects -Wl,--end-group
cyelftool.exe -C Z:\Desktop\Dashboard-Firmware-FE10\Dashboard.cydsn\CortexM0\ARM_GCC_541\Debug\Dashboard.elf --flash_row_size 128 --flash_size 131072 --flash_offset 0x00000000
No ELF section .cychecksum found, creating one
Application checksum calculated and stored in ELF section .cychecksum
Checksum calculated and stored in ELF section .cymeta
cyelftool.exe -S Z:\Desktop\Dashboard-Firmware-FE10\Dashboard.cydsn\CortexM0\ARM_GCC_541\Debug\Dashboard.elf
Flash used: 128526 of 131072 bytes (98.1%).
SRAM used: 2768 of 16384 bytes (16.9%). Stack: 2048 bytes. Heap: 128 bytes.
--------------- Rebuild Succeeded: 01/21/2023 12:58:17 ---------------
